12:34:08.455  INFO  manager.ApplicationManager - All tests start in  ChromeDriver
12:34:13.276  INFO  manager.ApplicationManager - The current url is --->https://ilcarro-1578153671498.web.app/search
12:34:13.431  INFO  TestBase - Start Method with name --->registrationSuccess
12:34:13.435  INFO  manager.ListenerWD - before find elements by ---> By.xpath: //a[text()=' Logout ']
12:34:18.484  INFO  manager.ListenerWD - After find elements by ---> By.xpath: //a[text()=' Logout ']
12:34:18.485  INFO  manager.ListenerWD - List size is ---->0
12:34:18.486  INFO  TestBase - The logout was needed 
12:34:18.500  INFO  TestBase - Registration scenario success was used dataUser{name='Nikita', lastname='Snow', email='nik2058@ukr.net', password='Ww12345$', phone='null'}
12:34:18.501  INFO  manager.ListenerWD - Before find element by ---> By.xpath: //a[text()=' Sign up ']
12:34:18.559  INFO  manager.ListenerWD - After find element by ---> By.xpath: //a[text()=' Sign up ']
12:34:18.718  INFO  manager.ListenerWD - Before find element by ---> By.id: name
12:34:18.772  INFO  manager.ListenerWD - After find element by ---> By.id: name
12:34:19.057  INFO  manager.ListenerWD - Before find element by ---> By.id: lastName
12:34:19.109  INFO  manager.ListenerWD - After find element by ---> By.id: lastName
12:34:19.317  INFO  manager.ListenerWD - Before find element by ---> By.id: email
12:34:19.364  INFO  manager.ListenerWD - After find element by ---> By.id: email
12:34:19.644  INFO  manager.ListenerWD - Before find element by ---> By.id: password
12:34:19.694  INFO  manager.ListenerWD - After find element by ---> By.id: password
12:34:19.929  INFO  manager.ListenerWD - Before find element by ---> By.cssSelector: label[for='terms-of-use']
12:34:19.981  INFO  manager.ListenerWD - After find element by ---> By.cssSelector: label[for='terms-of-use']
12:34:20.213  INFO  manager.ListenerWD - Before find element by ---> By.cssSelector: [type='submit']
12:34:20.265  INFO  manager.ListenerWD - After find element by ---> By.cssSelector: [type='submit']
12:34:20.308  INFO  manager.ListenerWD - Before find element by ---> By.cssSelector: button[type='submit']
12:34:20.346  INFO  manager.ListenerWD - After find element by ---> By.cssSelector: button[type='submit']
12:34:20.434  INFO  manager.ListenerWD - Before find element by ---> By.cssSelector: button[type='submit']
12:34:20.464  INFO  manager.ListenerWD - After find element by ---> By.cssSelector: button[type='submit']
12:34:20.531  INFO  manager.ListenerWD - Before find element by ---> By.cssSelector: div.dialog-container
12:34:21.137  INFO  manager.ListenerWD - After find element by ---> By.cssSelector: div.dialog-container
12:34:21.169  INFO  manager.ListenerWD - Before find element by ---> By.cssSelector: div.dialog-container>h1
12:34:21.213  INFO  manager.ListenerWD - After find element by ---> By.cssSelector: div.dialog-container>h1
12:34:21.249  INFO  TestBase - In assert checked message 'Registered' in dialog  
12:34:21.254  INFO  manager.ListenerWD - before find elements by ---> By.xpath: //button[text()='Ok']
12:34:21.303  INFO  manager.ListenerWD - After find elements by ---> By.xpath: //button[text()='Ok']
12:34:21.304  INFO  manager.ListenerWD - List size is ---->1
12:34:21.304  INFO  manager.ListenerWD - Before find element by ---> By.xpath: //button[text()='Ok']
12:34:21.358  INFO  manager.ListenerWD - After find element by ---> By.xpath: //button[text()='Ok']
12:34:21.426  INFO  manager.HelperBase - Click OK button was needed
12:34:21.430  INFO  TestBase - Start Method with name --->registrationWrongPassword
12:34:21.431  INFO  manager.ListenerWD - before find elements by ---> By.xpath: //a[text()=' Logout ']
12:34:21.468  INFO  manager.ListenerWD - After find elements by ---> By.xpath: //a[text()=' Logout ']
12:34:21.469  INFO  manager.ListenerWD - List size is ---->1
12:34:21.469  INFO  manager.ListenerWD - Before find element by ---> By.xpath: //a[text()=' Logout ']
12:34:21.502  INFO  manager.ListenerWD - After find element by ---> By.xpath: //a[text()=' Logout ']
12:34:21.675  INFO  TestBase - The logout was needed 
12:34:21.676  INFO  TestBase - Registration negative scenario with wrong password was used dataUser{name='Mikita', lastname='Snow', email='nik@ukr.net', password='Mikita', phone='null'}
12:34:21.677  INFO  manager.ListenerWD - Before find element by ---> By.xpath: //a[text()=' Sign up ']
12:34:21.727  INFO  manager.ListenerWD - After find element by ---> By.xpath: //a[text()=' Sign up ']
12:34:21.833  INFO  manager.ListenerWD - Before find element by ---> By.id: name
12:34:21.870  INFO  manager.ListenerWD - After find element by ---> By.id: name
12:34:22.073  INFO  manager.ListenerWD - Before find element by ---> By.id: lastName
12:34:22.107  INFO  manager.ListenerWD - After find element by ---> By.id: lastName
12:34:22.381  INFO  manager.ListenerWD - Before find element by ---> By.id: email
12:34:22.423  INFO  manager.ListenerWD - After find element by ---> By.id: email
12:34:22.706  INFO  manager.ListenerWD - Before find element by ---> By.id: password
12:34:22.747  INFO  manager.ListenerWD - After find element by ---> By.id: password
12:34:22.988  INFO  manager.ListenerWD - Before find element by ---> By.cssSelector: label[for='terms-of-use']
12:34:23.033  INFO  manager.ListenerWD - After find element by ---> By.cssSelector: label[for='terms-of-use']
12:34:23.220  INFO  manager.ListenerWD - Before find element by ---> By.cssSelector: button[type='submit']
12:34:23.251  INFO  manager.ListenerWD - After find element by ---> By.cssSelector: button[type='submit']
12:34:23.309  INFO  manager.ListenerWD - before find elements by ---> By.cssSelector: button[disabled]
12:34:23.343  INFO  manager.ListenerWD - After find elements by ---> By.cssSelector: button[disabled]
12:34:23.343  INFO  manager.ListenerWD - List size is ---->1
12:34:23.344  INFO  manager.ListenerWD - Before find element by ---> By.cssSelector: [type='submit']
12:34:23.368  INFO  manager.ListenerWD - After find element by ---> By.cssSelector: [type='submit']
12:34:23.382  INFO  TestBase - The Y'alla button was not active
12:34:23.384  INFO  manager.ListenerWD - before find elements by ---> By.xpath: //button[text()='Ok']
12:34:28.441  INFO  manager.ListenerWD - After find elements by ---> By.xpath: //button[text()='Ok']
12:34:28.443  INFO  manager.ListenerWD - List size is ---->0
12:34:28.443  INFO  manager.HelperBase - Click OK button was needed
12:34:28.457  INFO  TestBase - Start Method with name --->LoginSuccessModels
12:34:28.461  INFO  manager.ListenerWD - before find elements by ---> By.xpath: //a[text()=' Logout ']
12:34:33.491  INFO  manager.ListenerWD - After find elements by ---> By.xpath: //a[text()=' Logout ']
12:34:33.491  INFO  manager.ListenerWD - List size is ---->0
12:34:33.494  INFO  TestBase - Login scenario success was used dataUser{name='null', lastname='null', email='nik@gmail.com', password='123589$Nik', phone='null'}
12:34:33.494  INFO  manager.ListenerWD - Before find element by ---> By.xpath: //a[text()='Log in']
12:34:33.526  INFO  manager.ListenerWD - After find element by ---> By.xpath: //a[text()='Log in']
12:34:34.079  INFO  manager.ListenerWD - Before find element by ---> By.id: email
12:34:34.116  INFO  manager.ListenerWD - After find element by ---> By.id: email
12:34:34.373  INFO  manager.ListenerWD - Before find element by ---> By.id: password
12:34:34.397  INFO  manager.ListenerWD - After find element by ---> By.id: password
12:34:34.611  INFO  manager.ListenerWD - Before find element by ---> By.cssSelector: [type='submit']
12:34:34.662  INFO  manager.ListenerWD - After find element by ---> By.cssSelector: [type='submit']
12:34:34.697  INFO  manager.ListenerWD - Before find element by ---> By.cssSelector: button[type='submit']
12:34:34.773  INFO  manager.ListenerWD - After find element by ---> By.cssSelector: button[type='submit']
12:34:34.823  INFO  manager.ListenerWD - Before find element by ---> By.cssSelector: button[type='submit']
12:34:34.845  INFO  manager.ListenerWD - After find element by ---> By.cssSelector: button[type='submit']
12:34:34.909  INFO  manager.ListenerWD - Before find element by ---> By.cssSelector: div.dialog-container
12:34:35.579  INFO  manager.ListenerWD - After find element by ---> By.cssSelector: div.dialog-container
12:34:35.611  INFO  manager.ListenerWD - Before find element by ---> By.cssSelector: h2.message
12:34:35.643  INFO  manager.ListenerWD - After find element by ---> By.cssSelector: h2.message
12:34:35.672  INFO  TestBase - In assert checked message 'Logged in success' in dialog  
12:34:35.674  INFO  manager.ListenerWD - before find elements by ---> By.xpath: //button[text()='Ok']
12:34:35.696  INFO  manager.ListenerWD - After find elements by ---> By.xpath: //button[text()='Ok']
12:34:35.696  INFO  manager.ListenerWD - List size is ---->1
12:34:35.697  INFO  manager.ListenerWD - Before find element by ---> By.xpath: //button[text()='Ok']
12:34:35.752  INFO  manager.ListenerWD - After find element by ---> By.xpath: //button[text()='Ok']
12:34:35.824  INFO  manager.HelperBase - Click OK button was needed
12:34:35.826  INFO  TestBase - Start Method with name --->negativeWrongEmail
12:34:35.827  INFO  manager.ListenerWD - before find elements by ---> By.xpath: //a[text()=' Logout ']
12:34:35.852  INFO  manager.ListenerWD - After find elements by ---> By.xpath: //a[text()=' Logout ']
12:34:35.853  INFO  manager.ListenerWD - List size is ---->1
12:34:35.854  INFO  manager.ListenerWD - Before find element by ---> By.xpath: //a[text()=' Logout ']
12:34:35.879  INFO  manager.ListenerWD - After find element by ---> By.xpath: //a[text()=' Logout ']
12:34:36.116  INFO  TestBase - The logout was needed 
12:34:36.122  INFO  TestBase - Login negative scenario with wrong email was used dataUser{name='null', lastname='null', email='nikgmail.com', password='123589$Nik', phone='null'}
12:34:36.123  INFO  manager.ListenerWD - Before find element by ---> By.cssSelector: a[href ^='/login']
12:34:36.158  INFO  manager.ListenerWD - After find element by ---> By.cssSelector: a[href ^='/login']
12:34:36.244  INFO  manager.ListenerWD - Before find element by ---> By.id: email
12:34:36.265  INFO  manager.ListenerWD - After find element by ---> By.id: email
12:34:36.458  INFO  manager.ListenerWD - Before find element by ---> By.id: password
12:34:36.480  INFO  manager.ListenerWD - After find element by ---> By.id: password
12:34:36.691  INFO  manager.ListenerWD - Before find element by ---> By.cssSelector: button[type='submit']
12:34:36.726  INFO  manager.ListenerWD - After find element by ---> By.cssSelector: button[type='submit']
12:34:36.805  INFO  manager.ListenerWD - Before find element by ---> By.cssSelector: div.error>div
12:34:36.842  INFO  manager.ListenerWD - After find element by ---> By.cssSelector: div.error>div
12:34:36.873  INFO  manager.ListenerWD - before find elements by ---> By.cssSelector: button[disabled]
12:34:36.895  INFO  manager.ListenerWD - After find elements by ---> By.cssSelector: button[disabled]
12:34:36.896  INFO  manager.ListenerWD - List size is ---->1
12:34:36.896  INFO  manager.ListenerWD - Before find element by ---> By.cssSelector: [type='submit']
12:34:36.913  INFO  manager.ListenerWD - After find element by ---> By.cssSelector: [type='submit']
12:34:36.924  INFO  TestBase - In assert checked error message 'It'snot look like email' under name field 
12:34:36.926  INFO  manager.ListenerWD - before find elements by ---> By.xpath: //button[text()='Ok']
12:34:41.975  INFO  manager.ListenerWD - After find elements by ---> By.xpath: //button[text()='Ok']
12:34:41.975  INFO  manager.ListenerWD - List size is ---->0
12:34:41.975  INFO  manager.HelperBase - Click OK button was needed
12:34:41.977  INFO  TestBase - Start Method with name --->negativeWrongPassword
12:34:41.980  INFO  manager.ListenerWD - before find elements by ---> By.xpath: //a[text()=' Logout ']
12:34:47.045  INFO  manager.ListenerWD - After find elements by ---> By.xpath: //a[text()=' Logout ']
12:34:47.046  INFO  manager.ListenerWD - List size is ---->0
12:34:47.049  INFO  TestBase - Login negative scenario with wrong password was used dataUser{name='null', lastname='null', email='nik@gmail.com', password='Wwow12345$', phone='null'}
12:34:47.050  INFO  manager.ListenerWD - Before find element by ---> By.cssSelector: a[href ^='/login']
12:34:47.081  INFO  manager.ListenerWD - After find element by ---> By.cssSelector: a[href ^='/login']
12:34:47.152  INFO  manager.ListenerWD - Before find element by ---> By.id: email
12:34:47.182  INFO  manager.ListenerWD - After find element by ---> By.id: email
12:34:47.420  INFO  manager.ListenerWD - Before find element by ---> By.id: password
12:34:47.449  INFO  manager.ListenerWD - After find element by ---> By.id: password
12:34:47.669  INFO  manager.ListenerWD - Before find element by ---> By.cssSelector: button[type='submit']
12:34:47.708  INFO  manager.ListenerWD - After find element by ---> By.cssSelector: button[type='submit']
12:34:47.767  INFO  manager.ListenerWD - Before find element by ---> By.cssSelector: div.dialog-container
12:34:48.392  INFO  manager.ListenerWD - After find element by ---> By.cssSelector: div.dialog-container
12:34:48.422  INFO  manager.ListenerWD - Before find element by ---> By.cssSelector: h2.message
12:34:48.445  INFO  manager.ListenerWD - After find element by ---> By.cssSelector: h2.message
12:34:48.473  INFO  manager.ListenerWD - Before find element by ---> By.cssSelector: div.dialog-container
12:34:48.494  INFO  manager.ListenerWD - After find element by ---> By.cssSelector: div.dialog-container
12:34:48.525  INFO  manager.ListenerWD - Before find element by ---> By.cssSelector: div.dialog-container>h1
12:34:48.560  INFO  manager.ListenerWD - After find element by ---> By.cssSelector: div.dialog-container>h1
12:34:48.584  INFO  TestBase - In assert checked message 'Authorization error' & 'Wrong email or password' in dialog  
12:34:48.587  INFO  manager.ListenerWD - before find elements by ---> By.xpath: //button[text()='Ok']
12:34:48.607  INFO  manager.ListenerWD - After find elements by ---> By.xpath: //button[text()='Ok']
12:34:48.607  INFO  manager.ListenerWD - List size is ---->1
12:34:48.608  INFO  manager.ListenerWD - Before find element by ---> By.xpath: //button[text()='Ok']
12:34:48.636  INFO  manager.ListenerWD - After find element by ---> By.xpath: //button[text()='Ok']
12:34:48.700  INFO  manager.HelperBase - Click OK button was needed
