16:29:28.149  INFO  manager.ApplicationManager - Chrome Driver was opened
16:29:29.573  INFO  manager.ApplicationManager - All tests start in  ChromeDriver
16:29:32.679  INFO  manager.ApplicationManager - The current url is --->https://ilcarro-1578153671498.web.app/search
16:29:32.763  INFO  TestBase - Start Method with name --->searchInPast
16:29:32.768  INFO  manager.ListenerWD - Before find element by ---> By.id: city
16:29:32.846  INFO  manager.ListenerWD - After find element by ---> By.id: city
16:29:33.158  INFO  manager.ListenerWD - Before find element by ---> By.cssSelector: div.pac-item
16:29:33.891  INFO  manager.ListenerWD - After find element by ---> By.cssSelector: div.pac-item
16:29:33.977  INFO  manager.ListenerWD - Before find element by ---> By.id: dates
16:29:34.024  INFO  manager.ListenerWD - After find element by ---> By.id: dates
16:29:36.553  INFO  manager.ListenerWD - Before find element by ---> By.xpath: //a[text()=' Search ']
16:29:36.596  INFO  manager.ListenerWD - After find element by ---> By.xpath: //a[text()=' Search ']
16:29:37.672  INFO  manager.ListenerWD - We have a 'problem'
16:29:37.673  INFO  manager.ListenerWD - The name of error method click
16:29:37.679  INFO  manager.ListenerWD - Describe of error org.openqa.selenium.ElementClickInterceptedException: element click intercepted: Element <a _ngcontent-ego-c25="" class="navigation-link" id="0" href="/search">...</a> is not clickable at point (729, 34). Other element would receive the click: <div class="cdk-overlay-backdrop mat-overlay-transparent-backdrop cdk-overlay-backdrop-showing"></div>
  (Session info: chrome=106.0.5249.119)
Build info: version: '4.4.0', revision: 'e5c75ed026a'
System info: host: 'DESKTOP-FMI0Q92', ip: '192.168.1.209', os.name: 'Windows 10', os.arch: 'amd64', os.version: '10.0', java.version: '11.0.16.1'
Driver info: org.openqa.selenium.chrome.ChromeDriver
Command: [c94fd75339d82b5c5d7460a00795062e, clickElement {id=6cb804ad-414e-4ada-9020-82592ed1bb85}]
Capabilities {acceptInsecureCerts: false, browserName: chrome, browserVersion: 106.0.5249.119, chrome: {chromedriverVersion: 106.0.5249.61 (511755355844..., userDataDir: C:\Temp\scoped_dir24532_162...}, goog:chromeOptions: {debuggerAddress: localhost:54102}, networkConnectionEnabled: false, pageLoadStrategy: normal, platformName: WINDOWS, proxy: Proxy(), se:cdp: ws://localhost:54102/devtoo..., se:cdpVersion: 106.0.5249.119, setWindowRect: true, strictFileInteractability: false, timeouts: {implicit: 0, pageLoad: 300000, script: 30000}, unhandledPromptBehavior: dismiss and notify, webauthn:extension:credBlob: true, webauthn:extension:largeBlob: true, webauthn:virtualAuthenticators: true}
Element: [[ChromeDriver: chrome on WINDOWS (c94fd75339d82b5c5d7460a00795062e)] -> xpath: //a[text()=' Search ']]
Session ID: c94fd75339d82b5c5d7460a00795062e
16:29:37.685  INFO  manager.ListenerWD - Screen with error is 1340___src/test/screenshots/screen1340.png
