16:21:56.315  INFO  manager.ApplicationManager - Chrome Driver was opened
16:21:57.747  INFO  manager.ApplicationManager - All tests start in  ChromeDriver
16:22:00.909  INFO  manager.ApplicationManager - The current url is --->https://ilcarro-1578153671498.web.app/search
16:22:01.005  INFO  TestBase - Start Method with name --->searchInPast
16:22:01.010  INFO  manager.ListenerWD - Before find element by ---> By.id: city
16:22:01.069  INFO  manager.ListenerWD - After find element by ---> By.id: city
16:22:01.381  INFO  manager.ListenerWD - Before find element by ---> By.cssSelector: div.pac-item
16:22:01.796  INFO  manager.ListenerWD - After find element by ---> By.cssSelector: div.pac-item
16:22:01.885  INFO  manager.ListenerWD - Before find element by ---> By.id: dates
16:22:01.937  INFO  manager.ListenerWD - After find element by ---> By.id: dates
16:22:02.556  INFO  manager.ListenerWD - Before find element by ---> By.id: city
16:22:02.622  INFO  manager.ListenerWD - After find element by ---> By.id: city
16:22:03.729  INFO  manager.ListenerWD - We have a 'problem'
16:22:03.730  INFO  manager.ListenerWD - The name of error method click
16:22:03.736  INFO  manager.ListenerWD - Describe of error org.openqa.selenium.ElementClickInterceptedException: element click intercepted: Element <input _ngcontent-vyv-c72="" formcontrolname="city" id="city" placeholder="" type="text" class="pac-target-input ng-dirty ng-touched ng-valid" autocomplete="off"> is not clickable at point (301, 256). Other element would receive the click: <div class="mat-calendar-body-cell-content">...</div>
  (Session info: chrome=106.0.5249.119)
Build info: version: '4.4.0', revision: 'e5c75ed026a'
System info: host: 'DESKTOP-FMI0Q92', ip: '192.168.1.209', os.name: 'Windows 10', os.arch: 'amd64', os.version: '10.0', java.version: '11.0.16.1'
Driver info: org.openqa.selenium.chrome.ChromeDriver
Command: [39942bdcf4358ddafc30be334db95532, clickElement {id=a13293a7-b637-4f94-8285-2390f04902ae}]
Capabilities {acceptInsecureCerts: false, browserName: chrome, browserVersion: 106.0.5249.119, chrome: {chromedriverVersion: 106.0.5249.61 (511755355844..., userDataDir: C:\Temp\scoped_dir10564_277...}, goog:chromeOptions: {debuggerAddress: localhost:53356}, networkConnectionEnabled: false, pageLoadStrategy: normal, platformName: WINDOWS, proxy: Proxy(), se:cdp: ws://localhost:53356/devtoo..., se:cdpVersion: 106.0.5249.119, setWindowRect: true, strictFileInteractability: false, timeouts: {implicit: 0, pageLoad: 300000, script: 30000}, unhandledPromptBehavior: dismiss and notify, webauthn:extension:credBlob: true, webauthn:extension:largeBlob: true, webauthn:virtualAuthenticators: true}
Element: [[ChromeDriver: chrome on WINDOWS (39942bdcf4358ddafc30be334db95532)] -> id: city]
Session ID: 39942bdcf4358ddafc30be334db95532
16:22:03.744  INFO  manager.ListenerWD - Screen with error is 1515___src/test/screenshots/screen1515.png
16:22:03.767  INFO  manager.ListenerWD - Before find element by ---> By.xpath: //a[text()=' Search ']
16:22:03.836  INFO  manager.ListenerWD - After find element by ---> By.xpath: //a[text()=' Search ']
16:22:04.930  INFO  manager.ListenerWD - We have a 'problem'
16:22:04.930  INFO  manager.ListenerWD - The name of error method click
16:22:04.933  INFO  manager.ListenerWD - Describe of error org.openqa.selenium.ElementClickInterceptedException: element click intercepted: Element <a _ngcontent-vyv-c25="" class="navigation-link" id="0" href="/search">...</a> is not clickable at point (729, 34). Other element would receive the click: <div class="cdk-overlay-backdrop mat-overlay-transparent-backdrop cdk-overlay-backdrop-showing"></div>
  (Session info: chrome=106.0.5249.119)
Build info: version: '4.4.0', revision: 'e5c75ed026a'
System info: host: 'DESKTOP-FMI0Q92', ip: '192.168.1.209', os.name: 'Windows 10', os.arch: 'amd64', os.version: '10.0', java.version: '11.0.16.1'
Driver info: org.openqa.selenium.chrome.ChromeDriver
Command: [39942bdcf4358ddafc30be334db95532, clickElement {id=6f3def05-8852-4c22-992a-0ca72650bc2f}]
Capabilities {acceptInsecureCerts: false, browserName: chrome, browserVersion: 106.0.5249.119, chrome: {chromedriverVersion: 106.0.5249.61 (511755355844..., userDataDir: C:\Temp\scoped_dir10564_277...}, goog:chromeOptions: {debuggerAddress: localhost:53356}, networkConnectionEnabled: false, pageLoadStrategy: normal, platformName: WINDOWS, proxy: Proxy(), se:cdp: ws://localhost:53356/devtoo..., se:cdpVersion: 106.0.5249.119, setWindowRect: true, strictFileInteractability: false, timeouts: {implicit: 0, pageLoad: 300000, script: 30000}, unhandledPromptBehavior: dismiss and notify, webauthn:extension:credBlob: true, webauthn:extension:largeBlob: true, webauthn:virtualAuthenticators: true}
Element: [[ChromeDriver: chrome on WINDOWS (39942bdcf4358ddafc30be334db95532)] -> xpath: //a[text()=' Search ']]
Session ID: 39942bdcf4358ddafc30be334db95532
16:22:04.935  INFO  manager.ListenerWD - Screen with error is 1587___src/test/screenshots/screen1587.png
