12:15:56.340  INFO  manager.ApplicationManager - Chrome Driver was opened
12:15:57.627  INFO  manager.ApplicationManager - All tests start in  ChromeDriver
12:16:00.174  INFO  manager.ApplicationManager - The current url is --->https://ilcarro-1578153671498.web.app/search
12:16:00.289  INFO  TestBase - Start Method with name --->searchInPast
12:16:00.295  INFO  manager.ListenerWD - Before find element by ---> By.id: city
12:16:00.358  INFO  manager.ListenerWD - After find element by ---> By.id: city
12:16:00.678  INFO  manager.ListenerWD - Before find element by ---> By.cssSelector: div.pac-item
12:16:01.124  INFO  manager.ListenerWD - After find element by ---> By.cssSelector: div.pac-item
12:16:01.211  INFO  manager.ListenerWD - Before find element by ---> By.id: dates
12:16:01.287  INFO  manager.ListenerWD - After find element by ---> By.id: dates
12:16:01.896  INFO  manager.ListenerWD - Before find element by ---> By.cssSelector: [type='submit']
12:16:01.975  INFO  manager.ListenerWD - After find element by ---> By.cssSelector: [type='submit']
12:16:02.005  INFO  manager.ListenerWD - before find elements by ---> By.cssSelector: button[disabled]
12:16:02.075  INFO  manager.ListenerWD - After find elements by ---> By.cssSelector: button[disabled]
12:16:02.076  INFO  manager.ListenerWD - List size is ---->2
12:16:02.076  INFO  manager.ListenerWD - Before find element by ---> By.cssSelector: [type='submit']
12:16:02.104  INFO  manager.ListenerWD - After find element by ---> By.cssSelector: [type='submit']
12:16:02.120  INFO  manager.ListenerWD - Before find element by ---> By.cssSelector: .ng-star-inserted:first-child
12:16:02.161  INFO  manager.ListenerWD - After find element by ---> By.cssSelector: .ng-star-inserted:first-child
12:16:04.200  INFO  manager.ListenerWD - Before find element by ---> By.xpath: //a[text()=' Search ']
12:16:04.248  INFO  manager.ListenerWD - After find element by ---> By.xpath: //a[text()=' Search ']
12:16:05.371  INFO  manager.ListenerWD - We have a 'problem'
12:16:05.372  INFO  manager.ListenerWD - The name of error method click
12:16:05.377  INFO  manager.ListenerWD - Describe of error org.openqa.selenium.ElementClickInterceptedException: element click intercepted: Element <a _ngcontent-naq-c25="" class="navigation-link" id="0" href="/search">...</a> is not clickable at point (729, 34). Other element would receive the click: <div class="cdk-overlay-backdrop mat-overlay-transparent-backdrop cdk-overlay-backdrop-showing"></div>
  (Session info: chrome=106.0.5249.119)
Build info: version: '4.4.0', revision: 'e5c75ed026a'
System info: host: 'DESKTOP-FMI0Q92', ip: '192.168.1.209', os.name: 'Windows 10', os.arch: 'amd64', os.version: '10.0', java.version: '11.0.16.1'
Driver info: org.openqa.selenium.chrome.ChromeDriver
Command: [87b22fa050d46e5dcbed1cf0bdfe7027, clickElement {id=c4846b98-9d59-4d4c-b8d2-483492cc5b0f}]
Capabilities {acceptInsecureCerts: false, browserName: chrome, browserVersion: 106.0.5249.119, chrome: {chromedriverVersion: 106.0.5249.61 (511755355844..., userDataDir: C:\Temp\scoped_dir23532_686...}, goog:chromeOptions: {debuggerAddress: localhost:54109}, networkConnectionEnabled: false, pageLoadStrategy: normal, platformName: WINDOWS, proxy: Proxy(), se:cdp: ws://localhost:54109/devtoo..., se:cdpVersion: 106.0.5249.119, setWindowRect: true, strictFileInteractability: false, timeouts: {implicit: 0, pageLoad: 300000, script: 30000}, unhandledPromptBehavior: dismiss and notify, webauthn:extension:credBlob: true, webauthn:extension:largeBlob: true, webauthn:virtualAuthenticators: true}
Element: [[ChromeDriver: chrome on WINDOWS (87b22fa050d46e5dcbed1cf0bdfe7027)] -> xpath: //a[text()=' Search ']]
Session ID: 87b22fa050d46e5dcbed1cf0bdfe7027
12:16:05.385  INFO  manager.ListenerWD - Screen with error is 1663___src/test/screenshots/screen1663.png
