10:22:20.134  INFO  manager.ApplicationManager - All tests start in  ChromeDriver
10:22:23.019  INFO  manager.ApplicationManager - The current url is --->https://ilcarro-1578153671498.web.app/search
10:22:23.115  INFO  TestBase - Start Method with name --->registrationSuccess
10:22:23.119  INFO  manager.ListenerWD - before find elements by ---> By.xpath: //a[text()=' Logout ']
10:22:28.196  INFO  manager.ListenerWD - After find elements by ---> By.xpath: //a[text()=' Logout ']
10:22:28.197  INFO  manager.ListenerWD - List size is ---->0
10:22:28.198  INFO  TestBase - The logout was needed 
10:22:28.214  INFO  TestBase - Registration scenario success was used dataUser{name='Nikita', lastname='Snow', email='nik1348@ukr.net', password='Ww12345$', phone='null'}
10:22:28.215  INFO  manager.ListenerWD - Before find element by ---> By.xpath: //a[text()=' Sign up ']
10:22:28.286  INFO  manager.ListenerWD - After find element by ---> By.xpath: //a[text()=' Sign up ']
10:22:28.451  INFO  manager.ListenerWD - Before find element by ---> By.id: name
10:22:28.524  INFO  manager.ListenerWD - After find element by ---> By.id: name
10:22:28.813  INFO  manager.ListenerWD - Before find element by ---> By.id: lastName
10:22:28.870  INFO  manager.ListenerWD - After find element by ---> By.id: lastName
10:22:29.121  INFO  manager.ListenerWD - Before find element by ---> By.id: email
10:22:29.169  INFO  manager.ListenerWD - After find element by ---> By.id: email
10:22:29.438  INFO  manager.ListenerWD - Before find element by ---> By.id: password
10:22:29.487  INFO  manager.ListenerWD - After find element by ---> By.id: password
10:22:29.768  INFO  manager.ListenerWD - Before find element by ---> By.cssSelector: label[for='terms-of-use']
10:22:29.829  INFO  manager.ListenerWD - After find element by ---> By.cssSelector: label[for='terms-of-use']
10:22:30.043  INFO  manager.ListenerWD - Before find element by ---> By.cssSelector: [type='submit']
10:22:30.096  INFO  manager.ListenerWD - After find element by ---> By.cssSelector: [type='submit']
10:22:30.126  INFO  manager.ListenerWD - Before find element by ---> By.cssSelector: button[type='submit']
10:22:30.168  INFO  manager.ListenerWD - After find element by ---> By.cssSelector: button[type='submit']
10:22:30.236  INFO  manager.ListenerWD - Before find element by ---> By.cssSelector: button[type='submit']
10:22:30.285  INFO  manager.ListenerWD - After find element by ---> By.cssSelector: button[type='submit']
10:22:30.359  INFO  manager.ListenerWD - Before find element by ---> By.cssSelector: div.dialog-container
10:22:30.832  INFO  manager.ListenerWD - After find element by ---> By.cssSelector: div.dialog-container
10:22:31.421  INFO  manager.ListenerWD - Before find element by ---> By.cssSelector: div.dialog-container>h1
10:22:31.452  INFO  manager.ListenerWD - After find element by ---> By.cssSelector: div.dialog-container>h1
10:22:31.474  INFO  TestBase - In assert checked message 'Registered' in dialog  
10:22:31.478  INFO  manager.ListenerWD - before find elements by ---> By.xpath: //button[text()='Ok']
10:22:31.506  INFO  manager.ListenerWD - After find elements by ---> By.xpath: //button[text()='Ok']
10:22:31.507  INFO  manager.ListenerWD - List size is ---->1
10:22:31.507  INFO  manager.ListenerWD - Before find element by ---> By.xpath: //button[text()='Ok']
10:22:31.538  INFO  manager.ListenerWD - After find element by ---> By.xpath: //button[text()='Ok']
10:22:31.590  INFO  manager.HelperBase - Click OK button was needed
10:22:31.599  INFO  TestBase - Start Method with name --->registrationWrongPassword
10:22:31.601  INFO  manager.ListenerWD - before find elements by ---> By.xpath: //a[text()=' Logout ']
10:22:31.632  INFO  manager.ListenerWD - After find elements by ---> By.xpath: //a[text()=' Logout ']
10:22:31.633  INFO  manager.ListenerWD - List size is ---->1
10:22:31.633  INFO  manager.ListenerWD - Before find element by ---> By.xpath: //a[text()=' Logout ']
10:22:31.688  INFO  manager.ListenerWD - After find element by ---> By.xpath: //a[text()=' Logout ']
10:22:31.879  INFO  TestBase - The logout was needed 
10:22:31.882  INFO  TestBase - Registration negative scenario with wrong password was used dataUser{name='Mikita', lastname='Snow', email='nik@ukr.net', password='Mikita', phone='null'}
10:22:31.883  INFO  manager.ListenerWD - Before find element by ---> By.xpath: //a[text()=' Sign up ']
10:22:31.912  INFO  manager.ListenerWD - After find element by ---> By.xpath: //a[text()=' Sign up ']
10:22:32.022  INFO  manager.ListenerWD - Before find element by ---> By.id: name
10:22:32.049  INFO  manager.ListenerWD - After find element by ---> By.id: name
10:22:32.228  INFO  manager.ListenerWD - Before find element by ---> By.id: lastName
10:22:32.280  INFO  manager.ListenerWD - After find element by ---> By.id: lastName
10:22:32.512  INFO  manager.ListenerWD - Before find element by ---> By.id: email
10:22:32.555  INFO  manager.ListenerWD - After find element by ---> By.id: email
10:22:32.870  INFO  manager.ListenerWD - Before find element by ---> By.id: password
10:22:32.922  INFO  manager.ListenerWD - After find element by ---> By.id: password
10:22:33.285  INFO  manager.ListenerWD - Before find element by ---> By.cssSelector: label[for='terms-of-use']
10:22:33.329  INFO  manager.ListenerWD - After find element by ---> By.cssSelector: label[for='terms-of-use']
10:22:33.537  INFO  manager.ListenerWD - Before find element by ---> By.cssSelector: button[type='submit']
10:22:33.581  INFO  manager.ListenerWD - After find element by ---> By.cssSelector: button[type='submit']
10:22:33.641  INFO  manager.ListenerWD - before find elements by ---> By.cssSelector: button[disabled]
10:22:33.692  INFO  manager.ListenerWD - After find elements by ---> By.cssSelector: button[disabled]
10:22:33.693  INFO  manager.ListenerWD - List size is ---->1
10:22:33.693  INFO  manager.ListenerWD - Before find element by ---> By.cssSelector: [type='submit']
10:22:33.714  INFO  manager.ListenerWD - After find element by ---> By.cssSelector: [type='submit']
10:22:33.729  INFO  TestBase - The Y'alla button was not active
10:22:33.731  INFO  manager.ListenerWD - before find elements by ---> By.xpath: //button[text()='Ok']
10:22:38.775  INFO  manager.ListenerWD - After find elements by ---> By.xpath: //button[text()='Ok']
10:22:38.776  INFO  manager.ListenerWD - List size is ---->0
10:22:38.777  INFO  manager.HelperBase - Click OK button was needed
