16:36:40.048  INFO  manager.ApplicationManager - Chrome Driver was opened
16:36:41.302  INFO  manager.ApplicationManager - All tests start in  ChromeDriver
16:36:43.445  INFO  manager.ApplicationManager - The current url is --->https://ilcarro-1578153671498.web.app/search
16:36:43.566  INFO  TestBase - Start Method with name --->searchNextMonthSuccess
16:36:43.576  INFO  manager.ListenerWD - Before find element by ---> By.id: city
16:36:43.678  INFO  manager.ListenerWD - After find element by ---> By.id: city
16:36:44.032  INFO  manager.ListenerWD - Before find element by ---> By.cssSelector: div.pac-item
16:36:44.429  INFO  manager.ListenerWD - After find element by ---> By.cssSelector: div.pac-item
16:36:44.516  INFO  manager.ListenerWD - Before find element by ---> By.id: dates
16:36:44.566  INFO  manager.ListenerWD - After find element by ---> By.id: dates
16:36:44.824  INFO  manager.ListenerWD - Before find element by ---> By.cssSelector: [aria-label = 'Next month']
16:36:44.879  INFO  manager.ListenerWD - After find element by ---> By.cssSelector: [aria-label = 'Next month']
16:36:45.128  INFO  manager.ListenerWD - Before find element by ---> By.xpath: //div[text()=' 25 ']
16:36:45.202  INFO  manager.ListenerWD - After find element by ---> By.xpath: //div[text()=' 25 ']
16:36:45.343  INFO  manager.ListenerWD - Before find element by ---> By.xpath: //div[text()=' 30 ']
16:36:45.397  INFO  manager.ListenerWD - After find element by ---> By.xpath: //div[text()=' 30 ']
16:36:46.039  INFO  manager.ListenerWD - Before find element by ---> By.cssSelector: [type='submit']
16:36:46.073  INFO  manager.ListenerWD - After find element by ---> By.cssSelector: [type='submit']
16:36:46.097  INFO  manager.ListenerWD - Before find element by ---> By.cssSelector: button[type='submit']
16:36:46.135  INFO  manager.ListenerWD - After find element by ---> By.cssSelector: button[type='submit']
16:36:46.228  INFO  manager.ListenerWD - Before find element by ---> By.cssSelector: button[type='submit']
16:36:46.266  INFO  manager.ListenerWD - After find element by ---> By.cssSelector: button[type='submit']
16:36:46.507  INFO  manager.ListenerWD - before find elements by ---> By.cssSelector: a.car-container
16:36:47.686  INFO  manager.ListenerWD - After find elements by ---> By.cssSelector: a.car-container
16:36:47.687  INFO  manager.ListenerWD - List size is ---->10
16:36:47.705  INFO  TestBase - In the assertion, it is checked whether there were cars for the next month
