11:07:34.237  INFO  manager.ApplicationManager - All tests start in  ChromeDriver
11:07:38.122  INFO  manager.ApplicationManager - The current url is --->https://ilcarro-1578153671498.web.app/search
11:07:38.234  INFO  TestBase - Start Method with name --->addCarSuccessDP
11:07:38.239  INFO  manager.ListenerWD - before find elements by ---> By.xpath: //a[text()=' Logout ']
11:07:43.310  INFO  manager.ListenerWD - After find elements by ---> By.xpath: //a[text()=' Logout ']
11:07:43.310  INFO  manager.ListenerWD - List size is ---->0
11:07:43.313  INFO  manager.ListenerWD - Before find element by ---> By.cssSelector: a[href ^='/login']
11:07:43.360  INFO  manager.ListenerWD - After find element by ---> By.cssSelector: a[href ^='/login']
11:07:43.498  INFO  manager.ListenerWD - Before find element by ---> By.id: email
11:07:43.563  INFO  manager.ListenerWD - After find element by ---> By.id: email
11:07:43.978  INFO  manager.ListenerWD - Before find element by ---> By.id: password
11:07:44.036  INFO  manager.ListenerWD - After find element by ---> By.id: password
11:07:44.311  INFO  manager.ListenerWD - Before find element by ---> By.cssSelector: [type='submit']
11:07:44.390  INFO  manager.ListenerWD - After find element by ---> By.cssSelector: [type='submit']
11:07:44.452  INFO  manager.ListenerWD - Before find element by ---> By.cssSelector: button[type='submit']
11:07:44.518  INFO  manager.ListenerWD - After find element by ---> By.cssSelector: button[type='submit']
11:07:44.612  INFO  manager.ListenerWD - Before find element by ---> By.cssSelector: button[type='submit']
11:07:44.654  INFO  manager.ListenerWD - After find element by ---> By.cssSelector: button[type='submit']
11:07:44.739  INFO  manager.ListenerWD - before find elements by ---> By.xpath: //button[text()='Ok']
11:07:45.469  INFO  manager.ListenerWD - After find elements by ---> By.xpath: //button[text()='Ok']
11:07:45.470  INFO  manager.ListenerWD - List size is ---->1
11:07:45.470  INFO  manager.ListenerWD - Before find element by ---> By.xpath: //button[text()='Ok']
11:07:45.596  INFO  manager.ListenerWD - After find element by ---> By.xpath: //button[text()='Ok']
11:07:45.721  INFO  manager.HelperBase - Click OK button was needed
11:07:45.747  INFO  TestBase - The login was needed with user : User{name='null', lastname='null', email='nik@gmail.com', password='123589$Nik', phone='null'}
11:07:45.794  INFO  TestBase - The test used car model : Car(location=Haifa, Israel, make=BMW, model=M5, year=2020, engine=2.5, fuel=Petrol, gear=AT, wD=AWD, doors=5, seats=4, clasS=C, fuelConsumption=6.5, carRegistrationNumber=111-899-1176, price=65, distanceIncluded=800, features=Type of features, about=Very nice car)
11:07:46.296  INFO  manager.ListenerWD - Before find element by ---> By.id: 1
11:07:46.331  INFO  manager.ListenerWD - After find element by ---> By.id: 1
11:07:46.487  INFO  manager.ListenerWD - Before find element by ---> By.id: pickUpPlace
11:07:46.530  INFO  manager.ListenerWD - After find element by ---> By.id: pickUpPlace
11:07:46.960  INFO  manager.ListenerWD - Before find element by ---> By.cssSelector: div.pac-item
11:07:47.473  INFO  manager.ListenerWD - After find element by ---> By.cssSelector: div.pac-item
11:07:48.079  INFO  manager.ListenerWD - Before find element by ---> By.id: make
11:07:48.107  INFO  manager.ListenerWD - After find element by ---> By.id: make
11:07:48.334  INFO  manager.ListenerWD - Before find element by ---> By.id: model
11:07:48.377  INFO  manager.ListenerWD - After find element by ---> By.id: model
11:07:48.645  INFO  manager.ListenerWD - Before find element by ---> By.id: year
11:07:48.701  INFO  manager.ListenerWD - After find element by ---> By.id: year
11:07:48.970  INFO  manager.ListenerWD - Before find element by ---> By.id: engine
11:07:49.020  INFO  manager.ListenerWD - After find element by ---> By.id: engine
11:07:49.234  INFO  manager.ListenerWD - Before find element by ---> By.id: fuel
11:07:49.308  INFO  manager.ListenerWD - After find element by ---> By.id: fuel
11:07:49.473  INFO  manager.ListenerWD - Before find element by ---> By.id: gear
11:07:49.533  INFO  manager.ListenerWD - After find element by ---> By.id: gear
11:07:49.717  INFO  manager.ListenerWD - Before find element by ---> By.id: wheelsDrive
11:07:49.802  INFO  manager.ListenerWD - After find element by ---> By.id: wheelsDrive
11:07:49.971  INFO  manager.ListenerWD - Before find element by ---> By.id: doors
11:07:50.038  INFO  manager.ListenerWD - After find element by ---> By.id: doors
11:07:50.334  INFO  manager.ListenerWD - Before find element by ---> By.id: seats
11:07:50.386  INFO  manager.ListenerWD - After find element by ---> By.id: seats
11:07:50.665  INFO  manager.ListenerWD - Before find element by ---> By.id: class
11:07:50.730  INFO  manager.ListenerWD - After find element by ---> By.id: class
11:07:50.998  INFO  manager.ListenerWD - Before find element by ---> By.id: fuelConsumption
11:07:51.070  INFO  manager.ListenerWD - After find element by ---> By.id: fuelConsumption
11:07:51.384  INFO  manager.ListenerWD - Before find element by ---> By.id: serialNumber
11:07:51.428  INFO  manager.ListenerWD - After find element by ---> By.id: serialNumber
11:07:51.846  INFO  manager.ListenerWD - Before find element by ---> By.id: price
11:07:51.899  INFO  manager.ListenerWD - After find element by ---> By.id: price
11:07:52.270  INFO  manager.ListenerWD - Before find element by ---> By.id: distance
11:07:52.340  INFO  manager.ListenerWD - After find element by ---> By.id: distance
11:07:52.934  INFO  manager.ListenerWD - Before find element by ---> By.cssSelector: .feature-input
11:07:52.969  INFO  manager.ListenerWD - After find element by ---> By.cssSelector: .feature-input
11:07:53.268  INFO  manager.ListenerWD - Before find element by ---> By.id: about
11:07:53.306  INFO  manager.ListenerWD - After find element by ---> By.id: about
11:07:53.553  INFO  manager.ListenerWD - Before find element by ---> By.id: photos
11:07:53.582  INFO  manager.ListenerWD - After find element by ---> By.id: photos
11:07:53.758  INFO  manager.ListenerWD - Before find element by ---> By.cssSelector: [type='submit']
11:07:53.785  INFO  manager.ListenerWD - After find element by ---> By.cssSelector: [type='submit']
11:07:53.815  INFO  TestBase - In assert checked message 'Car added' in dialog  
11:07:55.820  INFO  manager.ListenerWD - Before find element by ---> By.xpath: //a[text()=' Search ']
11:07:55.862  INFO  manager.ListenerWD - After find element by ---> By.xpath: //a[text()=' Search ']
11:07:56.022  INFO  manager.HelperBase - We returned to Home Page
11:07:56.025  INFO  TestBase - Start Method with name --->addCarSuccessDP
11:07:56.027  INFO  manager.ListenerWD - before find elements by ---> By.xpath: //a[text()=' Logout ']
11:07:56.061  INFO  manager.ListenerWD - After find elements by ---> By.xpath: //a[text()=' Logout ']
11:07:56.061  INFO  manager.ListenerWD - List size is ---->1
11:07:56.063  INFO  TestBase - The test used car model : Car(location=Haifa, Israel, make=BMW, model=M5, year=2020, engine=2.5, fuel=Petrol, gear=AT, wD=AWD, doors=5, seats=4, clasS=C, fuelConsumption=6.5, carRegistrationNumber=111-899-1513, price=65, distanceIncluded=800, features=Type of features, about=Very nice car)
11:07:56.564  INFO  manager.ListenerWD - Before find element by ---> By.id: 1
11:07:56.595  INFO  manager.ListenerWD - After find element by ---> By.id: 1
11:07:56.713  INFO  manager.ListenerWD - Before find element by ---> By.id: pickUpPlace
11:07:56.748  INFO  manager.ListenerWD - After find element by ---> By.id: pickUpPlace
11:07:57.145  INFO  manager.ListenerWD - Before find element by ---> By.cssSelector: div.pac-item
11:07:57.181  INFO  manager.ListenerWD - After find element by ---> By.cssSelector: div.pac-item
11:07:57.266  INFO  manager.ListenerWD - We have a 'problem'
11:07:57.266  INFO  manager.ListenerWD - The name of error method click
11:07:57.270  INFO  manager.ListenerWD - Describe of error org.openqa.selenium.StaleElementReferenceException: stale element reference: element is not attached to the page document
  (Session info: chrome=106.0.5249.119)
For documentation on this error, please visit: https://selenium.dev/exceptions/#stale_element_reference
Build info: version: '4.4.0', revision: 'e5c75ed026a'
System info: host: 'DESKTOP-FMI0Q92', ip: '192.168.1.209', os.name: 'Windows 10', os.arch: 'amd64', os.version: '10.0', java.version: '11.0.16.1'
Driver info: org.openqa.selenium.chrome.ChromeDriver
Command: [2ad244086cfd91d570c77be4ec48e706, clickElement {id=f3393f18-c4b2-49a7-9766-7835f4f394e7}]
Capabilities {acceptInsecureCerts: false, browserName: chrome, browserVersion: 106.0.5249.119, chrome: {chromedriverVersion: 106.0.5249.61 (511755355844..., userDataDir: C:\Temp\scoped_dir12692_177...}, goog:chromeOptions: {debuggerAddress: localhost:55044}, networkConnectionEnabled: false, pageLoadStrategy: normal, platformName: WINDOWS, proxy: Proxy(), se:cdp: ws://localhost:55044/devtoo..., se:cdpVersion: 106.0.5249.119, setWindowRect: true, strictFileInteractability: false, timeouts: {implicit: 0, pageLoad: 300000, script: 30000}, unhandledPromptBehavior: dismiss and notify, webauthn:extension:credBlob: true, webauthn:extension:largeBlob: true, webauthn:virtualAuthenticators: true}
Element: [[ChromeDriver: chrome on WINDOWS (2ad244086cfd91d570c77be4ec48e706)] -> css selector: div.pac-item]
Session ID: 2ad244086cfd91d570c77be4ec48e706
11:07:57.280  INFO  manager.ListenerWD - Screen with error is 1886___src/test/screenshots/screen1886.png
11:07:59.289  INFO  manager.ListenerWD - Before find element by ---> By.xpath: //a[text()=' Search ']
11:07:59.320  INFO  manager.ListenerWD - After find element by ---> By.xpath: //a[text()=' Search ']
11:07:59.411  INFO  manager.HelperBase - We returned to Home Page
11:07:59.413  INFO  TestBase - Start Method with name --->addCarSuccessDP
11:07:59.414  INFO  manager.ListenerWD - before find elements by ---> By.xpath: //a[text()=' Logout ']
11:07:59.438  INFO  manager.ListenerWD - After find elements by ---> By.xpath: //a[text()=' Logout ']
11:07:59.439  INFO  manager.ListenerWD - List size is ---->1
11:07:59.440  INFO  TestBase - The test used car model : Car(location=Haifa, Israel, make=BMW, model=M5, year=2020, engine=2.5, fuel=Petrol, gear=AT, wD=AWD, doors=5, seats=4, clasS=C, fuelConsumption=6.5, carRegistrationNumber=111-899-1093, price=65, distanceIncluded=800, features=Type of features, about=Very nice car)
11:07:59.941  INFO  manager.ListenerWD - Before find element by ---> By.id: 1
11:07:59.973  INFO  manager.ListenerWD - After find element by ---> By.id: 1
11:08:00.069  INFO  manager.ListenerWD - Before find element by ---> By.id: pickUpPlace
11:08:00.103  INFO  manager.ListenerWD - After find element by ---> By.id: pickUpPlace
11:08:00.646  INFO  manager.ListenerWD - Before find element by ---> By.cssSelector: div.pac-item
11:08:00.691  INFO  manager.ListenerWD - After find element by ---> By.cssSelector: div.pac-item
11:08:05.751  INFO  manager.ListenerWD - We have a 'problem'
11:08:05.751  INFO  manager.ListenerWD - The name of error method click
11:08:05.753  INFO  manager.ListenerWD - Describe of error org.openqa.selenium.ElementNotInteractableException: element not interactable
  (Session info: chrome=106.0.5249.119)
Build info: version: '4.4.0', revision: 'e5c75ed026a'
System info: host: 'DESKTOP-FMI0Q92', ip: '192.168.1.209', os.name: 'Windows 10', os.arch: 'amd64', os.version: '10.0', java.version: '11.0.16.1'
Driver info: org.openqa.selenium.chrome.ChromeDriver
Command: [2ad244086cfd91d570c77be4ec48e706, clickElement {id=a666b29e-dda6-4771-9cdf-c02d1af04a9b}]
Capabilities {acceptInsecureCerts: false, browserName: chrome, browserVersion: 106.0.5249.119, chrome: {chromedriverVersion: 106.0.5249.61 (511755355844..., userDataDir: C:\Temp\scoped_dir12692_177...}, goog:chromeOptions: {debuggerAddress: localhost:55044}, networkConnectionEnabled: false, pageLoadStrategy: normal, platformName: WINDOWS, proxy: Proxy(), se:cdp: ws://localhost:55044/devtoo..., se:cdpVersion: 106.0.5249.119, setWindowRect: true, strictFileInteractability: false, timeouts: {implicit: 0, pageLoad: 300000, script: 30000}, unhandledPromptBehavior: dismiss and notify, webauthn:extension:credBlob: true, webauthn:extension:largeBlob: true, webauthn:virtualAuthenticators: true}
Element: [[ChromeDriver: chrome on WINDOWS (2ad244086cfd91d570c77be4ec48e706)] -> css selector: div.pac-item]
Session ID: 2ad244086cfd91d570c77be4ec48e706
11:08:05.754  INFO  manager.ListenerWD - Screen with error is 1622___src/test/screenshots/screen1622.png
11:08:07.760  INFO  manager.ListenerWD - Before find element by ---> By.xpath: //a[text()=' Search ']
11:08:07.783  INFO  manager.ListenerWD - After find element by ---> By.xpath: //a[text()=' Search ']
11:08:07.878  INFO  manager.HelperBase - We returned to Home Page
