11:30:27.726  INFO  manager.ApplicationManager - All tests start in  ChromeDriver
11:30:31.908  INFO  manager.ApplicationManager - The current url is --->https://ilcarro-1578153671498.web.app/search
11:30:32.125  INFO  TestBase - Start Method with name --->addCarSuccessDP
11:30:32.142  INFO  manager.ListenerWD - before find elements by ---> By.xpath: //a[text()=' Logout ']
11:30:37.200  INFO  manager.ListenerWD - After find elements by ---> By.xpath: //a[text()=' Logout ']
11:30:37.201  INFO  manager.ListenerWD - List size is ---->0
11:30:37.204  INFO  manager.ListenerWD - Before find element by ---> By.cssSelector: a[href ^='/login']
11:30:37.266  INFO  manager.ListenerWD - After find element by ---> By.cssSelector: a[href ^='/login']
11:30:37.438  INFO  manager.ListenerWD - Before find element by ---> By.id: email
11:30:37.516  INFO  manager.ListenerWD - After find element by ---> By.id: email
11:30:37.897  INFO  manager.ListenerWD - Before find element by ---> By.id: password
11:30:37.970  INFO  manager.ListenerWD - After find element by ---> By.id: password
11:30:38.363  INFO  manager.ListenerWD - Before find element by ---> By.cssSelector: [type='submit']
11:30:38.442  INFO  manager.ListenerWD - After find element by ---> By.cssSelector: [type='submit']
11:30:38.475  INFO  manager.ListenerWD - Before find element by ---> By.cssSelector: button[type='submit']
11:30:38.518  INFO  manager.ListenerWD - After find element by ---> By.cssSelector: button[type='submit']
11:30:38.620  INFO  manager.ListenerWD - Before find element by ---> By.cssSelector: button[type='submit']
11:30:38.688  INFO  manager.ListenerWD - After find element by ---> By.cssSelector: button[type='submit']
11:30:38.840  INFO  manager.ListenerWD - before find elements by ---> By.xpath: //button[text()='Ok']
11:30:39.465  INFO  manager.ListenerWD - After find elements by ---> By.xpath: //button[text()='Ok']
11:30:39.466  INFO  manager.ListenerWD - List size is ---->1
11:30:39.467  INFO  manager.ListenerWD - Before find element by ---> By.xpath: //button[text()='Ok']
11:30:39.549  INFO  manager.ListenerWD - After find element by ---> By.xpath: //button[text()='Ok']
11:30:39.657  INFO  manager.HelperBase - Click OK button was needed
11:30:39.680  INFO  TestBase - The login was needed with user : User{name='null', lastname='null', email='nik@gmail.com', password='123589$Nik', phone='null'}
11:30:39.757  INFO  TestBase - The test used car model : Car(location=Haifa, Israel, make=BMW, model=M5, year=2020, engine=2.5, fuel=Petrol, gear=AT, wD=AWD, doors=5, seats=4, clasS=C, fuelConsumption=6.5, carRegistrationNumber=211-121-500, price=65, distanceIncluded=800, features=Type of features, about=Very nice car)
11:30:44.760  INFO  manager.ListenerWD - Before find element by ---> By.id: 1
11:30:44.799  INFO  manager.ListenerWD - After find element by ---> By.id: 1
11:30:44.975  INFO  manager.ListenerWD - Before find element by ---> By.id: pickUpPlace
11:30:45.021  INFO  manager.ListenerWD - After find element by ---> By.id: pickUpPlace
11:30:45.293  INFO  manager.ListenerWD - Before find element by ---> By.cssSelector: div.pac-item
11:30:45.628  INFO  manager.ListenerWD - After find element by ---> By.cssSelector: div.pac-item
11:30:46.237  INFO  manager.ListenerWD - Before find element by ---> By.id: make
11:30:46.303  INFO  manager.ListenerWD - After find element by ---> By.id: make
11:30:46.579  INFO  manager.ListenerWD - Before find element by ---> By.id: model
11:30:46.680  INFO  manager.ListenerWD - After find element by ---> By.id: model
11:30:46.918  INFO  manager.ListenerWD - Before find element by ---> By.id: year
11:30:46.985  INFO  manager.ListenerWD - After find element by ---> By.id: year
11:30:47.199  INFO  manager.ListenerWD - Before find element by ---> By.id: engine
11:30:47.252  INFO  manager.ListenerWD - After find element by ---> By.id: engine
11:30:47.456  INFO  manager.ListenerWD - Before find element by ---> By.id: fuel
11:30:47.552  INFO  manager.ListenerWD - After find element by ---> By.id: fuel
11:30:47.743  INFO  manager.ListenerWD - Before find element by ---> By.id: gear
11:30:47.921  INFO  manager.ListenerWD - After find element by ---> By.id: gear
11:30:48.684  INFO  manager.ListenerWD - Before find element by ---> By.id: wheelsDrive
11:30:48.778  INFO  manager.ListenerWD - After find element by ---> By.id: wheelsDrive
11:30:49.225  INFO  manager.ListenerWD - Before find element by ---> By.id: doors
11:30:49.357  INFO  manager.ListenerWD - After find element by ---> By.id: doors
11:30:49.981  INFO  manager.ListenerWD - Before find element by ---> By.id: seats
11:30:50.056  INFO  manager.ListenerWD - After find element by ---> By.id: seats
11:30:50.504  INFO  manager.ListenerWD - Before find element by ---> By.id: class
11:30:50.553  INFO  manager.ListenerWD - After find element by ---> By.id: class
11:30:50.967  INFO  manager.ListenerWD - Before find element by ---> By.id: fuelConsumption
11:30:51.012  INFO  manager.ListenerWD - After find element by ---> By.id: fuelConsumption
11:30:51.553  INFO  manager.ListenerWD - Before find element by ---> By.id: serialNumber
11:30:51.607  INFO  manager.ListenerWD - After find element by ---> By.id: serialNumber
11:30:51.957  INFO  manager.ListenerWD - Before find element by ---> By.id: price
11:30:51.992  INFO  manager.ListenerWD - After find element by ---> By.id: price
11:30:52.399  INFO  manager.ListenerWD - Before find element by ---> By.id: distance
11:30:52.454  INFO  manager.ListenerWD - After find element by ---> By.id: distance
11:30:52.833  INFO  manager.ListenerWD - Before find element by ---> By.cssSelector: .feature-input
11:30:52.883  INFO  manager.ListenerWD - After find element by ---> By.cssSelector: .feature-input
11:30:53.157  INFO  manager.ListenerWD - Before find element by ---> By.id: about
11:30:53.217  INFO  manager.ListenerWD - After find element by ---> By.id: about
11:30:53.520  INFO  manager.ListenerWD - Before find element by ---> By.id: photos
11:30:53.569  INFO  manager.ListenerWD - After find element by ---> By.id: photos
11:30:53.788  INFO  manager.ListenerWD - Before find element by ---> By.cssSelector: [type='submit']
11:30:53.886  INFO  manager.ListenerWD - After find element by ---> By.cssSelector: [type='submit']
11:30:55.914  INFO  manager.ListenerWD - Before find element by ---> By.cssSelector: div.dialog-container
11:31:00.971  INFO  manager.ListenerWD - We have a 'problem'
11:31:00.972  INFO  manager.ListenerWD - The name of error method findElement
11:31:00.977  INFO  manager.ListenerWD - Describe of error org.openqa.selenium.NoSuchElementException: no such element: Unable to locate element: {"method":"css selector","selector":"div.dialog-container"}
  (Session info: chrome=106.0.5249.119)
For documentation on this error, please visit: https://selenium.dev/exceptions/#no_such_element
Build info: version: '4.4.0', revision: 'e5c75ed026a'
System info: host: 'DESKTOP-FMI0Q92', ip: '192.168.137.1', os.name: 'Windows 10', os.arch: 'amd64', os.version: '10.0', java.version: '11.0.16.1'
Driver info: org.openqa.selenium.chrome.ChromeDriver
Command: [e5a1b7a1eaf69523078641f54a6d4409, findElement {using=css selector, value=div.dialog-container}]
Capabilities {acceptInsecureCerts: false, browserName: chrome, browserVersion: 106.0.5249.119, chrome: {chromedriverVersion: 106.0.5249.61 (511755355844..., userDataDir: C:\Temp\scoped_dir672_89415...}, goog:chromeOptions: {debuggerAddress: localhost:52706}, networkConnectionEnabled: false, pageLoadStrategy: normal, platformName: WINDOWS, proxy: Proxy(), se:cdp: ws://localhost:52706/devtoo..., se:cdpVersion: 106.0.5249.119, setWindowRect: true, strictFileInteractability: false, timeouts: {implicit: 0, pageLoad: 300000, script: 30000}, unhandledPromptBehavior: dismiss and notify, webauthn:extension:credBlob: true, webauthn:extension:largeBlob: true, webauthn:virtualAuthenticators: true}
Session ID: e5a1b7a1eaf69523078641f54a6d4409
11:31:00.984  INFO  manager.ListenerWD - Screen with error is 1087___src/test/screenshots/screen1087.png
11:31:01.379  INFO  manager.ListenerWD - Before find element by ---> By.xpath: //button[text()='Search cars']
11:31:06.415  INFO  manager.ListenerWD - We have a 'problem'
11:31:06.415  INFO  manager.ListenerWD - The name of error method findElement
11:31:06.415  INFO  manager.ListenerWD - Describe of error org.openqa.selenium.NoSuchElementException: no such element: Unable to locate element: {"method":"xpath","selector":"//button[text()='Search cars']"}
  (Session info: chrome=106.0.5249.119)
For documentation on this error, please visit: https://selenium.dev/exceptions/#no_such_element
Build info: version: '4.4.0', revision: 'e5c75ed026a'
System info: host: 'DESKTOP-FMI0Q92', ip: '192.168.137.1', os.name: 'Windows 10', os.arch: 'amd64', os.version: '10.0', java.version: '11.0.16.1'
Driver info: org.openqa.selenium.chrome.ChromeDriver
Command: [e5a1b7a1eaf69523078641f54a6d4409, findElement {using=xpath, value=//button[text()='Search cars']}]
Capabilities {acceptInsecureCerts: false, browserName: chrome, browserVersion: 106.0.5249.119, chrome: {chromedriverVersion: 106.0.5249.61 (511755355844..., userDataDir: C:\Temp\scoped_dir672_89415...}, goog:chromeOptions: {debuggerAddress: localhost:52706}, networkConnectionEnabled: false, pageLoadStrategy: normal, platformName: WINDOWS, proxy: Proxy(), se:cdp: ws://localhost:52706/devtoo..., se:cdpVersion: 106.0.5249.119, setWindowRect: true, strictFileInteractability: false, timeouts: {implicit: 0, pageLoad: 300000, script: 30000}, unhandledPromptBehavior: dismiss and notify, webauthn:extension:credBlob: true, webauthn:extension:largeBlob: true, webauthn:virtualAuthenticators: true}
Session ID: e5a1b7a1eaf69523078641f54a6d4409
11:31:06.416  INFO  manager.ListenerWD - Screen with error is 1770___src/test/screenshots/screen1770.png
