10:25:51.152  INFO  manager.ApplicationManager - Chrome Driver was opened
10:25:52.545  INFO  manager.ApplicationManager - All tests start in  ChromeDriver
10:25:55.207  INFO  manager.ApplicationManager - The current url is --->https://ilcarro-1578153671498.web.app/search
10:25:55.330  INFO  TestBase - Start Method with name --->searchInPast
10:25:55.339  INFO  manager.ListenerWD - Before find element by ---> By.id: city
10:25:55.410  INFO  manager.ListenerWD - After find element by ---> By.id: city
10:25:55.728  INFO  manager.ListenerWD - Before find element by ---> By.cssSelector: div.pac-item
10:25:56.151  INFO  manager.ListenerWD - After find element by ---> By.cssSelector: div.pac-item
10:25:56.242  INFO  manager.ListenerWD - Before find element by ---> By.id: dates
10:25:56.294  INFO  manager.ListenerWD - After find element by ---> By.id: dates
10:25:56.845  INFO  manager.ListenerWD - Before find element by ---> By.cssSelector: [type='submit']
10:25:56.912  INFO  manager.ListenerWD - After find element by ---> By.cssSelector: [type='submit']
10:25:56.940  INFO  manager.ListenerWD - before find elements by ---> By.cssSelector: button[disabled]
10:25:57.079  INFO  manager.ListenerWD - After find elements by ---> By.cssSelector: button[disabled]
10:25:57.080  INFO  manager.ListenerWD - List size is ---->2
10:25:57.081  INFO  manager.ListenerWD - Before find element by ---> By.cssSelector: [type='submit']
10:25:57.135  INFO  manager.ListenerWD - After find element by ---> By.cssSelector: [type='submit']
10:25:57.167  INFO  manager.ListenerWD - Before find element by ---> By.cssSelector: .ng-star-inserted:first-child
10:25:57.211  INFO  manager.ListenerWD - After find element by ---> By.cssSelector: .ng-star-inserted:first-child
10:25:57.245  INFO  manager.ListenerWD - Before find element by ---> By.id: city
10:25:57.305  INFO  manager.ListenerWD - After find element by ---> By.id: city
10:25:58.418  INFO  manager.ListenerWD - We have a 'problem'
10:25:58.418  INFO  manager.ListenerWD - The name of error method click
10:25:58.425  INFO  manager.ListenerWD - Describe of error org.openqa.selenium.ElementClickInterceptedException: element click intercepted: Element <input _ngcontent-iyt-c72="" formcontrolname="city" id="city" placeholder="" type="text" class="pac-target-input ng-dirty ng-touched ng-valid" autocomplete="off"> is not clickable at point (301, 256). Other element would receive the click: <div class="mat-calendar-body-cell-content">...</div>
  (Session info: chrome=106.0.5249.119)
Build info: version: '4.4.0', revision: 'e5c75ed026a'
System info: host: 'DESKTOP-FMI0Q92', ip: '192.168.1.209', os.name: 'Windows 10', os.arch: 'amd64', os.version: '10.0', java.version: '11.0.16.1'
Driver info: org.openqa.selenium.chrome.ChromeDriver
Command: [12c6994480bbcd35ed2c96af0a8a8642, clickElement {id=b915e132-bbfa-4be1-8a5f-00a9cfcaa49a}]
Capabilities {acceptInsecureCerts: false, browserName: chrome, browserVersion: 106.0.5249.119, chrome: {chromedriverVersion: 106.0.5249.61 (511755355844..., userDataDir: C:\Temp\scoped_dir23276_829...}, goog:chromeOptions: {debuggerAddress: localhost:63385}, networkConnectionEnabled: false, pageLoadStrategy: normal, platformName: WINDOWS, proxy: Proxy(), se:cdp: ws://localhost:63385/devtoo..., se:cdpVersion: 106.0.5249.119, setWindowRect: true, strictFileInteractability: false, timeouts: {implicit: 0, pageLoad: 300000, script: 30000}, unhandledPromptBehavior: dismiss and notify, webauthn:extension:credBlob: true, webauthn:extension:largeBlob: true, webauthn:virtualAuthenticators: true}
Element: [[ChromeDriver: chrome on WINDOWS (12c6994480bbcd35ed2c96af0a8a8642)] -> id: city]
Session ID: 12c6994480bbcd35ed2c96af0a8a8642
10:25:58.435  INFO  manager.ListenerWD - Screen with error is 1284___src/test/screenshots/screen1284.png
