13:39:31.413  INFO  manager.ApplicationManager - Chrome Driver was opened
13:39:32.566  INFO  manager.ApplicationManager - All tests start in  ChromeDriver
13:39:35.007  INFO  manager.ApplicationManager - The current url is --->https://ilcarro-1578153671498.web.app/search
13:39:35.131  INFO  TestBase - Start Method with name --->addCarSuccess
13:39:35.138  INFO  manager.ListenerWD - before find elements by ---> By.xpath: //a[text()=' Logout ']
13:39:40.173  INFO  manager.ListenerWD - After find elements by ---> By.xpath: //a[text()=' Logout ']
13:39:40.173  INFO  manager.ListenerWD - List size is ---->0
13:39:40.178  INFO  manager.ListenerWD - Before find element by ---> By.cssSelector: a[href ^='/login']
13:39:40.226  INFO  manager.ListenerWD - After find element by ---> By.cssSelector: a[href ^='/login']
13:39:40.342  INFO  manager.ListenerWD - Before find element by ---> By.id: email
13:39:40.396  INFO  manager.ListenerWD - After find element by ---> By.id: email
13:39:40.708  INFO  manager.ListenerWD - Before find element by ---> By.id: password
13:39:40.775  INFO  manager.ListenerWD - After find element by ---> By.id: password
13:39:40.984  INFO  manager.ListenerWD - Before find element by ---> By.cssSelector: button[type='submit']
13:39:41.031  INFO  manager.ListenerWD - After find element by ---> By.cssSelector: button[type='submit']
13:39:41.135  INFO  manager.ListenerWD - Before find element by ---> By.cssSelector: button[type='submit']
13:39:41.176  INFO  manager.ListenerWD - After find element by ---> By.cssSelector: button[type='submit']
13:39:41.270  INFO  manager.ListenerWD - before find elements by ---> By.xpath: //button[text()='Ok']
13:39:41.827  INFO  manager.ListenerWD - After find elements by ---> By.xpath: //button[text()='Ok']
13:39:41.827  INFO  manager.ListenerWD - List size is ---->1
13:39:41.827  INFO  manager.ListenerWD - Before find element by ---> By.xpath: //button[text()='Ok']
13:39:41.884  INFO  manager.ListenerWD - After find element by ---> By.xpath: //button[text()='Ok']
13:39:41.976  INFO  manager.HelperBase - Click OK button was needed
13:39:41.994  INFO  TestBase - The login was needed with user : User{name='null', lastname='null', email='nik@gmail.com', password='123589$Nik', phone='null'}
13:39:42.047  INFO  TestBase - The test used car model : Car(location=Haifa,Israel, make=BMW, model=M5, year=2020, engine=2.5, fuel=Petrol, gear=AT, wD=AWD, doors=5, seats=4, clasS=C, fuelConsumption=6.5, carRegistrationNumber=11-000-823, price=65, distanceIncluded=800, features=Type of features, about=very nice car)
13:39:47.048  INFO  manager.ListenerWD - Before find element by ---> By.id: 1
13:39:47.100  INFO  manager.ListenerWD - After find element by ---> By.id: 1
13:39:47.229  INFO  manager.ListenerWD - Before find element by ---> By.id: pickUpPlace
13:39:47.267  INFO  manager.ListenerWD - After find element by ---> By.id: pickUpPlace
13:39:47.510  INFO  manager.ListenerWD - Before find element by ---> By.cssSelector: div.pac-item
13:39:47.982  INFO  manager.ListenerWD - After find element by ---> By.cssSelector: div.pac-item
13:39:48.568  INFO  manager.ListenerWD - Before find element by ---> By.id: make
13:39:48.630  INFO  manager.ListenerWD - After find element by ---> By.id: make
13:39:48.797  INFO  manager.ListenerWD - Before find element by ---> By.id: model
13:39:48.841  INFO  manager.ListenerWD - After find element by ---> By.id: model
13:39:49.028  INFO  manager.ListenerWD - Before find element by ---> By.id: year
13:39:49.068  INFO  manager.ListenerWD - After find element by ---> By.id: year
13:39:49.310  INFO  manager.ListenerWD - Before find element by ---> By.id: engine
13:39:49.336  INFO  manager.ListenerWD - After find element by ---> By.id: engine
13:39:49.513  INFO  manager.ListenerWD - Before find element by ---> By.id: fuel
13:39:49.547  INFO  manager.ListenerWD - After find element by ---> By.id: fuel
13:39:49.666  INFO  manager.ListenerWD - Before find element by ---> By.id: gear
13:39:49.702  INFO  manager.ListenerWD - After find element by ---> By.id: gear
13:39:49.801  INFO  manager.ListenerWD - Before find element by ---> By.id: wheelsDrive
13:39:49.829  INFO  manager.ListenerWD - After find element by ---> By.id: wheelsDrive
13:39:49.967  INFO  manager.ListenerWD - Before find element by ---> By.id: doors
13:39:50.009  INFO  manager.ListenerWD - After find element by ---> By.id: doors
13:39:50.246  INFO  manager.ListenerWD - Before find element by ---> By.id: seats
13:39:50.285  INFO  manager.ListenerWD - After find element by ---> By.id: seats
13:39:50.514  INFO  manager.ListenerWD - Before find element by ---> By.id: class
13:39:50.558  INFO  manager.ListenerWD - After find element by ---> By.id: class
13:39:50.746  INFO  manager.ListenerWD - Before find element by ---> By.id: fuelConsumption
13:39:50.781  INFO  manager.ListenerWD - After find element by ---> By.id: fuelConsumption
13:39:51.098  INFO  manager.ListenerWD - Before find element by ---> By.id: serialNumber
13:39:51.133  INFO  manager.ListenerWD - After find element by ---> By.id: serialNumber
13:39:51.380  INFO  manager.ListenerWD - Before find element by ---> By.id: price
13:39:51.417  INFO  manager.ListenerWD - After find element by ---> By.id: price
13:39:51.648  INFO  manager.ListenerWD - Before find element by ---> By.id: distance
13:39:51.685  INFO  manager.ListenerWD - After find element by ---> By.id: distance
13:39:51.931  INFO  manager.ListenerWD - Before find element by ---> By.cssSelector: .feature-input
13:39:51.963  INFO  manager.ListenerWD - After find element by ---> By.cssSelector: .feature-input
13:39:52.166  INFO  manager.ListenerWD - Before find element by ---> By.id: about
13:39:52.192  INFO  manager.ListenerWD - After find element by ---> By.id: about
13:39:52.372  INFO  manager.ListenerWD - Before find element by ---> By.id: photos
13:39:52.401  INFO  manager.ListenerWD - After find element by ---> By.id: photos
13:39:52.461  INFO  manager.ListenerWD - Before find element by ---> By.cssSelector: button[type='submit']
13:39:52.489  INFO  manager.ListenerWD - After find element by ---> By.cssSelector: button[type='submit']
13:39:54.177  INFO  manager.ListenerWD - Before find element by ---> By.cssSelector: button[type='submit']
13:39:54.196  INFO  manager.ListenerWD - After find element by ---> By.cssSelector: button[type='submit']
13:39:54.255  INFO  manager.ListenerWD - Before find element by ---> By.cssSelector: div.dialog-container
13:39:55.639  INFO  manager.ListenerWD - After find element by ---> By.cssSelector: div.dialog-container
13:39:55.674  INFO  manager.ListenerWD - Before find element by ---> By.cssSelector: div.dialog-container>h1
13:39:55.714  INFO  manager.ListenerWD - After find element by ---> By.cssSelector: div.dialog-container>h1
13:39:55.753  INFO  TestBase - In assert checked message 'Car added' in dialog  
13:39:55.761  INFO  manager.ListenerWD - Before find element by ---> By.xpath: //button[text()='Search cars']
13:39:55.797  INFO  manager.ListenerWD - After find element by ---> By.xpath: //button[text()='Search cars']
13:39:55.879  INFO  manager.HelperBase - We returned to Home Page
