16:25:45.923  INFO  manager.ApplicationManager - Chrome Driver was opened
16:25:46.827  INFO  manager.ApplicationManager - All tests start in  ChromeDriver
16:25:50.237  INFO  manager.ApplicationManager - The current url is --->https://ilcarro-1578153671498.web.app/search
16:25:50.322  INFO  TestBase - Start Method with name --->searchInPast
16:25:50.329  INFO  manager.ListenerWD - Before find element by ---> By.id: dates
16:25:50.370  INFO  manager.ListenerWD - After find element by ---> By.id: dates
16:25:52.802  INFO  manager.ListenerWD - Before find element by ---> By.xpath: //a[text()=' Search ']
16:25:52.863  INFO  manager.ListenerWD - After find element by ---> By.xpath: //a[text()=' Search ']
16:25:53.951  INFO  manager.ListenerWD - We have a 'problem'
16:25:53.952  INFO  manager.ListenerWD - The name of error method click
16:25:53.958  INFO  manager.ListenerWD - Describe of error org.openqa.selenium.ElementClickInterceptedException: element click intercepted: Element <a _ngcontent-pfg-c25="" class="navigation-link" id="0" href="/search">...</a> is not clickable at point (729, 34). Other element would receive the click: <div class="cdk-overlay-backdrop mat-overlay-transparent-backdrop cdk-overlay-backdrop-showing"></div>
  (Session info: chrome=106.0.5249.119)
Build info: version: '4.4.0', revision: 'e5c75ed026a'
System info: host: 'DESKTOP-FMI0Q92', ip: '192.168.1.209', os.name: 'Windows 10', os.arch: 'amd64', os.version: '10.0', java.version: '11.0.16.1'
Driver info: org.openqa.selenium.chrome.ChromeDriver
Command: [53aa41ed232d87365979ec2e3f89df7b, clickElement {id=9418a792-8d70-4ca4-b336-e7523429d0e4}]
Capabilities {acceptInsecureCerts: false, browserName: chrome, browserVersion: 106.0.5249.119, chrome: {chromedriverVersion: 106.0.5249.61 (511755355844..., userDataDir: C:\Temp\scoped_dir792_30465114}, goog:chromeOptions: {debuggerAddress: localhost:53703}, networkConnectionEnabled: false, pageLoadStrategy: normal, platformName: WINDOWS, proxy: Proxy(), se:cdp: ws://localhost:53703/devtoo..., se:cdpVersion: 106.0.5249.119, setWindowRect: true, strictFileInteractability: false, timeouts: {implicit: 0, pageLoad: 300000, script: 30000}, unhandledPromptBehavior: dismiss and notify, webauthn:extension:credBlob: true, webauthn:extension:largeBlob: true, webauthn:virtualAuthenticators: true}
Element: [[ChromeDriver: chrome on WINDOWS (53aa41ed232d87365979ec2e3f89df7b)] -> xpath: //a[text()=' Search ']]
Session ID: 53aa41ed232d87365979ec2e3f89df7b
16:25:53.965  INFO  manager.ListenerWD - Screen with error is 1303___src/test/screenshots/screen1303.png
16:25:54.054  INFO  manager.ListenerWD - Before find element by ---> By.xpath: //a[text()=' Search ']
16:25:54.137  INFO  manager.ListenerWD - After find element by ---> By.xpath: //a[text()=' Search ']
16:25:55.210  INFO  manager.ListenerWD - We have a 'problem'
16:25:55.210  INFO  manager.ListenerWD - The name of error method click
16:25:55.210  INFO  manager.ListenerWD - Describe of error org.openqa.selenium.ElementClickInterceptedException: element click intercepted: Element <a _ngcontent-pfg-c25="" class="navigation-link" id="0" href="/search">...</a> is not clickable at point (729, 34). Other element would receive the click: <div class="cdk-overlay-backdrop mat-overlay-transparent-backdrop cdk-overlay-backdrop-showing"></div>
  (Session info: chrome=106.0.5249.119)
Build info: version: '4.4.0', revision: 'e5c75ed026a'
System info: host: 'DESKTOP-FMI0Q92', ip: '192.168.1.209', os.name: 'Windows 10', os.arch: 'amd64', os.version: '10.0', java.version: '11.0.16.1'
Driver info: org.openqa.selenium.chrome.ChromeDriver
Command: [53aa41ed232d87365979ec2e3f89df7b, clickElement {id=9418a792-8d70-4ca4-b336-e7523429d0e4}]
Capabilities {acceptInsecureCerts: false, browserName: chrome, browserVersion: 106.0.5249.119, chrome: {chromedriverVersion: 106.0.5249.61 (511755355844..., userDataDir: C:\Temp\scoped_dir792_30465114}, goog:chromeOptions: {debuggerAddress: localhost:53703}, networkConnectionEnabled: false, pageLoadStrategy: normal, platformName: WINDOWS, proxy: Proxy(), se:cdp: ws://localhost:53703/devtoo..., se:cdpVersion: 106.0.5249.119, setWindowRect: true, strictFileInteractability: false, timeouts: {implicit: 0, pageLoad: 300000, script: 30000}, unhandledPromptBehavior: dismiss and notify, webauthn:extension:credBlob: true, webauthn:extension:largeBlob: true, webauthn:virtualAuthenticators: true}
Element: [[ChromeDriver: chrome on WINDOWS (53aa41ed232d87365979ec2e3f89df7b)] -> xpath: //a[text()=' Search ']]
Session ID: 53aa41ed232d87365979ec2e3f89df7b
16:25:55.211  INFO  manager.ListenerWD - Screen with error is 1164___src/test/screenshots/screen1164.png
