10:28:20.612  INFO  manager.ApplicationManager - All tests start in  ChromeDriver
10:28:23.558  INFO  manager.ApplicationManager - The current url is --->https://ilcarro-1578153671498.web.app/search
10:28:23.680  INFO  TestBase - Start Method with name --->addCarSuccessDP
10:28:23.685  INFO  manager.ListenerWD - before find elements by ---> By.xpath: //a[text()=' Logout ']
10:28:28.730  INFO  manager.ListenerWD - After find elements by ---> By.xpath: //a[text()=' Logout ']
10:28:28.731  INFO  manager.ListenerWD - List size is ---->0
10:28:28.734  INFO  manager.ListenerWD - Before find element by ---> By.cssSelector: a[href ^='/login']
10:28:28.782  INFO  manager.ListenerWD - After find element by ---> By.cssSelector: a[href ^='/login']
10:28:28.889  INFO  manager.ListenerWD - Before find element by ---> By.id: email
10:28:28.937  INFO  manager.ListenerWD - After find element by ---> By.id: email
10:28:29.283  INFO  manager.ListenerWD - Before find element by ---> By.id: password
10:28:29.335  INFO  manager.ListenerWD - After find element by ---> By.id: password
10:28:29.565  INFO  manager.ListenerWD - Before find element by ---> By.cssSelector: [type='submit']
10:28:29.626  INFO  manager.ListenerWD - After find element by ---> By.cssSelector: [type='submit']
10:28:29.662  INFO  manager.ListenerWD - Before find element by ---> By.cssSelector: button[type='submit']
10:28:29.717  INFO  manager.ListenerWD - After find element by ---> By.cssSelector: button[type='submit']
10:28:29.779  INFO  manager.ListenerWD - Before find element by ---> By.cssSelector: button[type='submit']
10:28:29.807  INFO  manager.ListenerWD - After find element by ---> By.cssSelector: button[type='submit']
10:28:29.867  INFO  manager.ListenerWD - before find elements by ---> By.xpath: //button[text()='Ok']
10:28:30.495  INFO  manager.ListenerWD - After find elements by ---> By.xpath: //button[text()='Ok']
10:28:30.496  INFO  manager.ListenerWD - List size is ---->1
10:28:30.497  INFO  manager.ListenerWD - Before find element by ---> By.xpath: //button[text()='Ok']
10:28:30.557  INFO  manager.ListenerWD - After find element by ---> By.xpath: //button[text()='Ok']
10:28:30.620  INFO  manager.HelperBase - Click OK button was needed
10:28:30.634  INFO  TestBase - The login was needed with user : User{name='null', lastname='null', email='nik@gmail.com', password='123589$Nik', phone='null'}
10:28:30.687  INFO  TestBase - The test used car model : Car(location=Haifa, Israel, make=BMW, model=M5, year=2020, engine=2.5, fuel=Petrol, gear=AT, wD=AWD, doors=5, seats=4, clasS=C, fuelConsumption=6.5, carRegistrationNumber=111-899-1040, price=65, distanceIncluded=5, features=800, about=Type of features)
10:28:35.690  INFO  manager.ListenerWD - Before find element by ---> By.id: 1
10:28:35.781  INFO  manager.ListenerWD - After find element by ---> By.id: 1
10:28:35.911  INFO  manager.ListenerWD - Before find element by ---> By.id: pickUpPlace
10:28:35.955  INFO  manager.ListenerWD - After find element by ---> By.id: pickUpPlace
10:28:36.179  INFO  manager.ListenerWD - Before find element by ---> By.cssSelector: div.pac-item
10:28:36.598  INFO  manager.ListenerWD - After find element by ---> By.cssSelector: div.pac-item
10:28:37.167  INFO  manager.ListenerWD - Before find element by ---> By.id: make
10:28:37.219  INFO  manager.ListenerWD - After find element by ---> By.id: make
10:28:37.395  INFO  manager.ListenerWD - Before find element by ---> By.id: model
10:28:37.429  INFO  manager.ListenerWD - After find element by ---> By.id: model
10:28:37.600  INFO  manager.ListenerWD - Before find element by ---> By.id: year
10:28:37.633  INFO  manager.ListenerWD - After find element by ---> By.id: year
10:28:37.836  INFO  manager.ListenerWD - Before find element by ---> By.id: engine
10:28:37.873  INFO  manager.ListenerWD - After find element by ---> By.id: engine
10:28:38.099  INFO  manager.ListenerWD - Before find element by ---> By.id: fuel
10:28:38.134  INFO  manager.ListenerWD - After find element by ---> By.id: fuel
10:28:38.279  INFO  manager.ListenerWD - Before find element by ---> By.id: gear
10:28:38.319  INFO  manager.ListenerWD - After find element by ---> By.id: gear
10:28:38.420  INFO  manager.ListenerWD - Before find element by ---> By.id: wheelsDrive
10:28:38.447  INFO  manager.ListenerWD - After find element by ---> By.id: wheelsDrive
10:28:38.586  INFO  manager.ListenerWD - Before find element by ---> By.id: doors
10:28:38.640  INFO  manager.ListenerWD - After find element by ---> By.id: doors
10:28:38.845  INFO  manager.ListenerWD - Before find element by ---> By.id: seats
10:28:38.895  INFO  manager.ListenerWD - After find element by ---> By.id: seats
10:28:39.111  INFO  manager.ListenerWD - Before find element by ---> By.id: class
10:28:39.145  INFO  manager.ListenerWD - After find element by ---> By.id: class
10:28:39.378  INFO  manager.ListenerWD - Before find element by ---> By.id: fuelConsumption
10:28:39.413  INFO  manager.ListenerWD - After find element by ---> By.id: fuelConsumption
10:28:39.662  INFO  manager.ListenerWD - Before find element by ---> By.id: serialNumber
10:28:39.699  INFO  manager.ListenerWD - After find element by ---> By.id: serialNumber
10:28:39.942  INFO  manager.ListenerWD - Before find element by ---> By.id: price
10:28:39.988  INFO  manager.ListenerWD - After find element by ---> By.id: price
10:28:40.227  INFO  manager.ListenerWD - Before find element by ---> By.id: distance
10:28:40.274  INFO  manager.ListenerWD - After find element by ---> By.id: distance
10:28:40.500  INFO  manager.ListenerWD - Before find element by ---> By.cssSelector: .feature-input
10:28:40.534  INFO  manager.ListenerWD - After find element by ---> By.cssSelector: .feature-input
10:28:40.727  INFO  manager.ListenerWD - Before find element by ---> By.id: about
10:28:40.774  INFO  manager.ListenerWD - After find element by ---> By.id: about
10:28:40.990  INFO  manager.ListenerWD - Before find element by ---> By.id: photos
10:28:41.020  INFO  manager.ListenerWD - After find element by ---> By.id: photos
10:28:41.093  INFO  manager.ListenerWD - Before find element by ---> By.cssSelector: [type='submit']
10:28:41.125  INFO  manager.ListenerWD - After find element by ---> By.cssSelector: [type='submit']
10:28:41.147  INFO  manager.ListenerWD - Before find element by ---> By.cssSelector: div.dialog-container
10:28:46.228  INFO  manager.ListenerWD - We have a 'problem'
10:28:46.230  INFO  manager.ListenerWD - The name of error method findElement
10:28:46.236  INFO  manager.ListenerWD - Describe of error org.openqa.selenium.NoSuchElementException: no such element: Unable to locate element: {"method":"css selector","selector":"div.dialog-container"}
  (Session info: chrome=106.0.5249.119)
For documentation on this error, please visit: https://selenium.dev/exceptions/#no_such_element
Build info: version: '4.4.0', revision: 'e5c75ed026a'
System info: host: 'DESKTOP-FMI0Q92', ip: '192.168.137.1', os.name: 'Windows 10', os.arch: 'amd64', os.version: '10.0', java.version: '11.0.16.1'
Driver info: org.openqa.selenium.chrome.ChromeDriver
Command: [d13224cfae8dad0adbaf40f7a49a1b66, findElement {using=css selector, value=div.dialog-container}]
Capabilities {acceptInsecureCerts: false, browserName: chrome, browserVersion: 106.0.5249.119, chrome: {chromedriverVersion: 106.0.5249.61 (511755355844..., userDataDir: C:\Temp\scoped_dir15892_327...}, goog:chromeOptions: {debuggerAddress: localhost:58983}, networkConnectionEnabled: false, pageLoadStrategy: normal, platformName: WINDOWS, proxy: Proxy(), se:cdp: ws://localhost:58983/devtoo..., se:cdpVersion: 106.0.5249.119, setWindowRect: true, strictFileInteractability: false, timeouts: {implicit: 0, pageLoad: 300000, script: 30000}, unhandledPromptBehavior: dismiss and notify, webauthn:extension:credBlob: true, webauthn:extension:largeBlob: true, webauthn:virtualAuthenticators: true}
Session ID: d13224cfae8dad0adbaf40f7a49a1b66
10:28:46.246  INFO  manager.ListenerWD - Screen with error is 1431___src/test/screenshots/screen1431.png
10:28:46.491  INFO  manager.ListenerWD - Before find element by ---> By.xpath: //button[text()='Search cars']
10:28:51.549  INFO  manager.ListenerWD - We have a 'problem'
10:28:51.550  INFO  manager.ListenerWD - The name of error method findElement
10:28:51.550  INFO  manager.ListenerWD - Describe of error org.openqa.selenium.NoSuchElementException: no such element: Unable to locate element: {"method":"xpath","selector":"//button[text()='Search cars']"}
  (Session info: chrome=106.0.5249.119)
For documentation on this error, please visit: https://selenium.dev/exceptions/#no_such_element
Build info: version: '4.4.0', revision: 'e5c75ed026a'
System info: host: 'DESKTOP-FMI0Q92', ip: '192.168.137.1', os.name: 'Windows 10', os.arch: 'amd64', os.version: '10.0', java.version: '11.0.16.1'
Driver info: org.openqa.selenium.chrome.ChromeDriver
Command: [d13224cfae8dad0adbaf40f7a49a1b66, findElement {using=xpath, value=//button[text()='Search cars']}]
Capabilities {acceptInsecureCerts: false, browserName: chrome, browserVersion: 106.0.5249.119, chrome: {chromedriverVersion: 106.0.5249.61 (511755355844..., userDataDir: C:\Temp\scoped_dir15892_327...}, goog:chromeOptions: {debuggerAddress: localhost:58983}, networkConnectionEnabled: false, pageLoadStrategy: normal, platformName: WINDOWS, proxy: Proxy(), se:cdp: ws://localhost:58983/devtoo..., se:cdpVersion: 106.0.5249.119, setWindowRect: true, strictFileInteractability: false, timeouts: {implicit: 0, pageLoad: 300000, script: 30000}, unhandledPromptBehavior: dismiss and notify, webauthn:extension:credBlob: true, webauthn:extension:largeBlob: true, webauthn:virtualAuthenticators: true}
Session ID: d13224cfae8dad0adbaf40f7a49a1b66
10:28:51.551  INFO  manager.ListenerWD - Screen with error is 1597___src/test/screenshots/screen1597.png
