16:28:46.969  INFO  manager.ApplicationManager - Chrome Driver was opened
16:28:47.772  INFO  manager.ApplicationManager - All tests start in  ChromeDriver
16:28:50.390  INFO  manager.ApplicationManager - The current url is --->https://ilcarro-1578153671498.web.app/search
16:28:50.459  INFO  TestBase - Start Method with name --->searchInPast
16:28:50.463  INFO  manager.ListenerWD - Before find element by ---> By.id: city
16:28:50.525  INFO  manager.ListenerWD - After find element by ---> By.id: city
16:28:50.806  INFO  manager.ListenerWD - Before find element by ---> By.cssSelector: div.pac-item
16:28:51.288  INFO  manager.ListenerWD - After find element by ---> By.cssSelector: div.pac-item
16:28:51.379  INFO  manager.ListenerWD - Before find element by ---> By.id: dates
16:28:51.430  INFO  manager.ListenerWD - After find element by ---> By.id: dates
16:28:53.951  INFO  manager.ListenerWD - Before find element by ---> By.xpath: //a[text()=' Search ']
16:28:54.011  INFO  manager.ListenerWD - After find element by ---> By.xpath: //a[text()=' Search ']
16:28:55.112  INFO  manager.ListenerWD - We have a 'problem'
16:28:55.113  INFO  manager.ListenerWD - The name of error method click
16:28:55.119  INFO  manager.ListenerWD - Describe of error org.openqa.selenium.ElementClickInterceptedException: element click intercepted: Element <a _ngcontent-bsi-c25="" class="navigation-link" id="0" href="/search">...</a> is not clickable at point (729, 34). Other element would receive the click: <div class="cdk-overlay-backdrop mat-overlay-transparent-backdrop cdk-overlay-backdrop-showing"></div>
  (Session info: chrome=106.0.5249.119)
Build info: version: '4.4.0', revision: 'e5c75ed026a'
System info: host: 'DESKTOP-FMI0Q92', ip: '192.168.1.209', os.name: 'Windows 10', os.arch: 'amd64', os.version: '10.0', java.version: '11.0.16.1'
Driver info: org.openqa.selenium.chrome.ChromeDriver
Command: [8667b64d180aa491fa949bd3d56b927b, clickElement {id=af82bc14-1b3c-4d86-9e52-9b9b54fb9c9c}]
Capabilities {acceptInsecureCerts: false, browserName: chrome, browserVersion: 106.0.5249.119, chrome: {chromedriverVersion: 106.0.5249.61 (511755355844..., userDataDir: C:\Temp\scoped_dir16360_150...}, goog:chromeOptions: {debuggerAddress: localhost:54014}, networkConnectionEnabled: false, pageLoadStrategy: normal, platformName: WINDOWS, proxy: Proxy(), se:cdp: ws://localhost:54014/devtoo..., se:cdpVersion: 106.0.5249.119, setWindowRect: true, strictFileInteractability: false, timeouts: {implicit: 0, pageLoad: 300000, script: 30000}, unhandledPromptBehavior: dismiss and notify, webauthn:extension:credBlob: true, webauthn:extension:largeBlob: true, webauthn:virtualAuthenticators: true}
Element: [[ChromeDriver: chrome on WINDOWS (8667b64d180aa491fa949bd3d56b927b)] -> xpath: //a[text()=' Search ']]
Session ID: 8667b64d180aa491fa949bd3d56b927b
16:28:55.133  INFO  manager.ListenerWD - Screen with error is 1405___src/test/screenshots/screen1405.png
