13:44:12.735  INFO  manager.ApplicationManager - Chrome Driver was opened
13:44:13.779  INFO  manager.ApplicationManager - All tests start in  ChromeDriver
13:44:16.095  INFO  manager.ApplicationManager - The current url is --->https://ilcarro-1578153671498.web.app/search
13:44:16.162  INFO  TestBase - Start Method with name --->LoginSuccessModelsDP
13:44:16.166  INFO  manager.ListenerWD - before find elements by ---> By.xpath: //a[text()=' Logout ']
13:44:21.229  INFO  manager.ListenerWD - After find elements by ---> By.xpath: //a[text()=' Logout ']
13:44:21.230  INFO  manager.ListenerWD - List size is ---->0
13:44:21.250  INFO  TestBase - Login scenario success was used dataUser{name='null', lastname='null', email='nik@gmail.com', password='123589$Nik', phone='null'}
13:44:21.252  INFO  manager.ListenerWD - Before find element by ---> By.xpath: //a[text()='Log in']
13:44:21.332  INFO  manager.ListenerWD - After find element by ---> By.xpath: //a[text()='Log in']
13:44:21.981  INFO  manager.ListenerWD - Before find element by ---> By.id: email
13:44:22.015  INFO  manager.ListenerWD - We have a 'problem'
13:44:22.016  INFO  manager.ListenerWD - The name of error method findElement
13:44:22.023  INFO  manager.ListenerWD - Describe of error org.openqa.selenium.NoSuchWindowException: no such window: target window already closed
from unknown error: web view not found
  (Session info: chrome=106.0.5249.119)
Build info: version: '4.4.0', revision: 'e5c75ed026a'
System info: host: 'DESKTOP-FMI0Q92', ip: '192.168.1.209', os.name: 'Windows 10', os.arch: 'amd64', os.version: '10.0', java.version: '11.0.16.1'
Driver info: org.openqa.selenium.chrome.ChromeDriver
Command: [d158a86003ba29051ca90fc706415a5f, findElement {using=id, value=email}]
Capabilities {acceptInsecureCerts: false, browserName: chrome, browserVersion: 106.0.5249.119, chrome: {chromedriverVersion: 106.0.5249.61 (511755355844..., userDataDir: C:\Temp\scoped_dir6392_7374...}, goog:chromeOptions: {debuggerAddress: localhost:49608}, networkConnectionEnabled: false, pageLoadStrategy: normal, platformName: WINDOWS, proxy: Proxy(), se:cdp: ws://localhost:49608/devtoo..., se:cdpVersion: 106.0.5249.119, setWindowRect: true, strictFileInteractability: false, timeouts: {implicit: 0, pageLoad: 300000, script: 30000}, unhandledPromptBehavior: dismiss and notify, webauthn:extension:credBlob: true, webauthn:extension:largeBlob: true, webauthn:virtualAuthenticators: true}
Session ID: d158a86003ba29051ca90fc706415a5f
13:44:22.035  INFO  manager.ListenerWD - Screen with error is 1733___src/test/screenshots/screen1733.png
13:44:22.065  INFO  manager.ListenerWD - before find elements by ---> By.xpath: //button[text()='Ok']
13:44:22.491  INFO  manager.ListenerWD - We have a 'problem'
13:44:22.491  INFO  manager.ListenerWD - The name of error method findElements
13:44:22.491  INFO  manager.ListenerWD - Describe of error org.openqa.selenium.NoSuchWindowException: no such window: target window already closed
from unknown error: web view not found
  (Session info: chrome=106.0.5249.119)
Build info: version: '4.4.0', revision: 'e5c75ed026a'
System info: host: 'DESKTOP-FMI0Q92', ip: '192.168.1.209', os.name: 'Windows 10', os.arch: 'amd64', os.version: '10.0', java.version: '11.0.16.1'
Driver info: org.openqa.selenium.chrome.ChromeDriver
Command: [d158a86003ba29051ca90fc706415a5f, findElements {using=xpath, value=//button[text()='Ok']}]
Capabilities {acceptInsecureCerts: false, browserName: chrome, browserVersion: 106.0.5249.119, chrome: {chromedriverVersion: 106.0.5249.61 (511755355844..., userDataDir: C:\Temp\scoped_dir6392_7374...}, goog:chromeOptions: {debuggerAddress: localhost:49608}, networkConnectionEnabled: false, pageLoadStrategy: normal, platformName: WINDOWS, proxy: Proxy(), se:cdp: ws://localhost:49608/devtoo..., se:cdpVersion: 106.0.5249.119, setWindowRect: true, strictFileInteractability: false, timeouts: {implicit: 0, pageLoad: 300000, script: 30000}, unhandledPromptBehavior: dismiss and notify, webauthn:extension:credBlob: true, webauthn:extension:largeBlob: true, webauthn:virtualAuthenticators: true}
Session ID: d158a86003ba29051ca90fc706415a5f
13:44:22.492  INFO  manager.ListenerWD - Screen with error is 1605___src/test/screenshots/screen1605.png
