12:47:24.196  INFO  manager.ApplicationManager - Chrome Driver was opened
12:47:25.258  INFO  manager.ApplicationManager - All tests start in  ChromeDriver
12:47:31.146  INFO  manager.ApplicationManager - The current url is --->https://ilcarro-1578153671498.web.app/search
12:47:31.231  INFO  TestBase - Start Method with name --->searchNextMonthSuccess
12:47:31.236  INFO  manager.ListenerWD - Before find element by ---> By.id: city
12:47:31.282  INFO  manager.ListenerWD - After find element by ---> By.id: city
12:47:31.511  INFO  manager.ListenerWD - Before find element by ---> By.cssSelector: div.pac-item
12:47:32.080  INFO  manager.ListenerWD - After find element by ---> By.cssSelector: div.pac-item
12:47:32.166  INFO  manager.ListenerWD - Before find element by ---> By.id: dates
12:47:32.221  INFO  manager.ListenerWD - After find element by ---> By.id: dates
12:47:32.404  INFO  manager.ListenerWD - Before find element by ---> By.cssSelector: [aria-label = 'Next month']
12:47:32.494  INFO  manager.ListenerWD - After find element by ---> By.cssSelector: [aria-label = 'Next month']
12:47:32.598  INFO  manager.ListenerWD - Before find element by ---> By.xpath: //div[text()=' 25 ']
12:47:32.665  INFO  manager.ListenerWD - After find element by ---> By.xpath: //div[text()=' 25 ']
12:47:32.752  INFO  manager.ListenerWD - Before find element by ---> By.xpath: //div[text()=' 30 ']
12:47:32.814  INFO  manager.ListenerWD - After find element by ---> By.xpath: //div[text()=' 30 ']
12:47:33.440  INFO  manager.ListenerWD - Before find element by ---> By.cssSelector: button[type='submit']
12:47:33.502  INFO  manager.ListenerWD - After find element by ---> By.cssSelector: button[type='submit']
12:47:33.559  INFO  manager.ListenerWD - Before find element by ---> By.cssSelector: button[type='submit']
12:47:33.585  INFO  manager.ListenerWD - After find element by ---> By.cssSelector: button[type='submit']
12:47:33.712  INFO  manager.ListenerWD - before find elements by ---> By.cssSelector: div.search-results
12:47:33.789  INFO  manager.ListenerWD - After find elements by ---> By.cssSelector: div.search-results
12:47:33.801  INFO  manager.ListenerWD - List size is ---->1
12:47:33.811  INFO  TestBase - In the assertion, it is checked whether there were cars for the next month
