12:48:21.283  INFO  manager.ApplicationManager - Chrome Driver was opened
12:48:22.750  INFO  manager.ApplicationManager - All tests start in  ChromeDriver
12:48:29.579  INFO  manager.ApplicationManager - The current url is --->https://ilcarro-1578153671498.web.app/search
12:48:29.640  INFO  TestBase - Start Method with name --->searchCurrentMonthSuccess
12:48:29.644  INFO  manager.ListenerWD - Before find element by ---> By.id: city
12:48:29.692  INFO  manager.ListenerWD - After find element by ---> By.id: city
12:48:29.924  INFO  manager.ListenerWD - Before find element by ---> By.cssSelector: div.pac-item
12:48:30.738  INFO  manager.ListenerWD - After find element by ---> By.cssSelector: div.pac-item
12:48:30.815  INFO  manager.ListenerWD - Before find element by ---> By.id: dates
12:48:30.862  INFO  manager.ListenerWD - After find element by ---> By.id: dates
12:48:31.031  INFO  manager.ListenerWD - Before find element by ---> By.xpath: //div[text()=' 25 ']
12:48:31.099  INFO  manager.ListenerWD - After find element by ---> By.xpath: //div[text()=' 25 ']
12:48:31.272  INFO  manager.ListenerWD - Before find element by ---> By.xpath: //div[text()=' 30 ']
12:48:31.315  INFO  manager.ListenerWD - After find element by ---> By.xpath: //div[text()=' 30 ']
12:48:31.404  INFO  manager.ListenerWD - Before find element by ---> By.cssSelector: button[type='submit']
12:48:31.446  INFO  manager.ListenerWD - After find element by ---> By.cssSelector: button[type='submit']
12:48:31.513  INFO  manager.ListenerWD - Before find element by ---> By.cssSelector: button[type='submit']
12:48:31.544  INFO  manager.ListenerWD - After find element by ---> By.cssSelector: button[type='submit']
12:48:31.694  INFO  manager.ListenerWD - before find elements by ---> By.cssSelector: div.search-results
12:48:31.756  INFO  manager.ListenerWD - After find elements by ---> By.cssSelector: div.search-results
12:48:31.757  INFO  manager.ListenerWD - List size is ---->1
12:48:31.762  INFO  TestBase - In the assertion, it is checked whether there were cars for the current month
12:48:31.817  INFO  TestBase - Start Method with name --->searchNextMonthSuccess
12:48:31.818  INFO  manager.ListenerWD - Before find element by ---> By.id: city
12:48:31.971  INFO  manager.ListenerWD - After find element by ---> By.id: city
12:48:32.335  INFO  manager.ListenerWD - Before find element by ---> By.cssSelector: div.pac-item
12:48:32.688  INFO  manager.ListenerWD - After find element by ---> By.cssSelector: div.pac-item
12:48:32.802  INFO  manager.ListenerWD - Before find element by ---> By.id: dates
12:48:37.893  INFO  manager.ListenerWD - We have a 'problem'
12:48:37.893  INFO  manager.ListenerWD - The name of error method findElement
12:48:37.898  INFO  manager.ListenerWD - Describe of error org.openqa.selenium.NoSuchElementException: no such element: Unable to locate element: {"method":"css selector","selector":"#dates"}
  (Session info: chrome=106.0.5249.119)
For documentation on this error, please visit: https://selenium.dev/exceptions/#no_such_element
Build info: version: '4.4.0', revision: 'e5c75ed026a'
System info: host: 'DESKTOP-FMI0Q92', ip: '192.168.1.209', os.name: 'Windows 10', os.arch: 'amd64', os.version: '10.0', java.version: '11.0.16.1'
Driver info: org.openqa.selenium.chrome.ChromeDriver
Command: [1e7222be2a13d88aa870c7cb1203a1c5, findElement {using=id, value=dates}]
Capabilities {acceptInsecureCerts: false, browserName: chrome, browserVersion: 106.0.5249.119, chrome: {chromedriverVersion: 106.0.5249.61 (511755355844..., userDataDir: C:\Temp\scoped_dir15108_167...}, goog:chromeOptions: {debuggerAddress: localhost:65234}, networkConnectionEnabled: false, pageLoadStrategy: normal, platformName: WINDOWS, proxy: Proxy(), se:cdp: ws://localhost:65234/devtoo..., se:cdpVersion: 106.0.5249.119, setWindowRect: true, strictFileInteractability: false, timeouts: {implicit: 0, pageLoad: 300000, script: 30000}, unhandledPromptBehavior: dismiss and notify, webauthn:extension:credBlob: true, webauthn:extension:largeBlob: true, webauthn:virtualAuthenticators: true}
Session ID: 1e7222be2a13d88aa870c7cb1203a1c5
12:48:37.904  INFO  manager.ListenerWD - Screen with error is 1716___src/test/screenshots/screen1716.png
