15:15:43.604  INFO  manager.ApplicationManager - Chrome Driver was opened
15:15:44.569  INFO  manager.ApplicationManager - All tests start in  ChromeDriver
15:15:49.185  INFO  manager.ApplicationManager - The current url is --->https://ilcarro-1578153671498.web.app/search
15:15:49.261  INFO  TestBase - Start Method with name --->searchInPast
15:15:49.268  INFO  manager.ListenerWD - Before find element by ---> By.id: city
15:15:49.315  INFO  manager.ListenerWD - After find element by ---> By.id: city
15:15:49.731  INFO  manager.ListenerWD - Before find element by ---> By.cssSelector: div.pac-item
15:15:50.515  INFO  manager.ListenerWD - After find element by ---> By.cssSelector: div.pac-item
15:15:50.705  INFO  manager.ListenerWD - Before find element by ---> By.id: dates
15:15:50.787  INFO  manager.ListenerWD - After find element by ---> By.id: dates
15:15:51.828  INFO  manager.ListenerWD - Before find element by ---> By.cssSelector: button[type='submit']
15:15:51.865  INFO  manager.ListenerWD - After find element by ---> By.cssSelector: button[type='submit']
15:15:56.881  INFO  manager.ListenerWD - Before find element by ---> By.xpath: //a[text()=' Search ']
15:15:56.920  INFO  manager.ListenerWD - After find element by ---> By.xpath: //a[text()=' Search ']
15:15:58.044  INFO  manager.ListenerWD - We have a 'problem'
15:15:58.045  INFO  manager.ListenerWD - The name of error method click
15:15:58.046  INFO  manager.ListenerWD - Describe of error org.openqa.selenium.ElementClickInterceptedException: element click intercepted: Element <a _ngcontent-cqv-c25="" class="navigation-link" id="0" href="/search">...</a> is not clickable at point (729, 34). Other element would receive the click: <div class="cdk-overlay-backdrop mat-overlay-transparent-backdrop cdk-overlay-backdrop-showing"></div>
  (Session info: chrome=106.0.5249.119)
Build info: version: '4.4.0', revision: 'e5c75ed026a'
System info: host: 'DESKTOP-FMI0Q92', ip: '192.168.1.209', os.name: 'Windows 10', os.arch: 'amd64', os.version: '10.0', java.version: '11.0.16.1'
Driver info: org.openqa.selenium.chrome.ChromeDriver
Command: [6251cfb7c01a268585bf7dd249c65b10, clickElement {id=90603bbe-71bb-41f6-8ebd-0d49740d0b9e}]
Capabilities {acceptInsecureCerts: false, browserName: chrome, browserVersion: 106.0.5249.119, chrome: {chromedriverVersion: 106.0.5249.61 (511755355844..., userDataDir: C:\Temp\scoped_dir12236_194...}, goog:chromeOptions: {debuggerAddress: localhost:65419}, networkConnectionEnabled: false, pageLoadStrategy: normal, platformName: WINDOWS, proxy: Proxy(), se:cdp: ws://localhost:65419/devtoo..., se:cdpVersion: 106.0.5249.119, setWindowRect: true, strictFileInteractability: false, timeouts: {implicit: 0, pageLoad: 300000, script: 30000}, unhandledPromptBehavior: dismiss and notify, webauthn:extension:credBlob: true, webauthn:extension:largeBlob: true, webauthn:virtualAuthenticators: true}
Element: [[ChromeDriver: chrome on WINDOWS (6251cfb7c01a268585bf7dd249c65b10)] -> xpath: //a[text()=' Search ']]
Session ID: 6251cfb7c01a268585bf7dd249c65b10
15:15:58.051  INFO  manager.ListenerWD - Screen with error is 1178___src/test/screenshots/screen1178.png
