13:44:40.381  INFO  manager.ApplicationManager - Chrome Driver was opened
13:44:41.469  INFO  manager.ApplicationManager - All tests start in  ChromeDriver
13:44:43.958  INFO  manager.ApplicationManager - The current url is --->https://ilcarro-1578153671498.web.app/search
13:44:44.038  INFO  TestBase - Start Method with name --->LoginSuccessModelsDP
13:44:44.041  INFO  manager.ListenerWD - before find elements by ---> By.xpath: //a[text()=' Logout ']
13:44:49.108  INFO  manager.ListenerWD - After find elements by ---> By.xpath: //a[text()=' Logout ']
13:44:49.108  INFO  manager.ListenerWD - List size is ---->0
13:44:49.124  INFO  TestBase - Login scenario success was used dataUser{name='null', lastname='null', email='nik@gmail.com', password='123589$Nik', phone='null'}
13:44:49.125  INFO  manager.ListenerWD - Before find element by ---> By.xpath: //a[text()='Log in']
13:44:49.210  INFO  manager.ListenerWD - After find element by ---> By.xpath: //a[text()='Log in']
13:44:49.819  INFO  manager.ListenerWD - Before find element by ---> By.id: email
13:44:49.895  INFO  manager.ListenerWD - After find element by ---> By.id: email
13:44:50.208  INFO  manager.ListenerWD - Before find element by ---> By.id: password
13:44:50.250  INFO  manager.ListenerWD - After find element by ---> By.id: password
13:44:50.473  INFO  manager.ListenerWD - Before find element by ---> By.cssSelector: button[type='submit']
13:44:50.523  INFO  manager.ListenerWD - After find element by ---> By.cssSelector: button[type='submit']
13:44:50.621  INFO  manager.ListenerWD - Before find element by ---> By.cssSelector: button[type='submit']
13:44:50.650  INFO  manager.ListenerWD - After find element by ---> By.cssSelector: button[type='submit']
13:44:50.707  INFO  manager.ListenerWD - Before find element by ---> By.cssSelector: div.dialog-container
13:44:51.195  INFO  manager.ListenerWD - After find element by ---> By.cssSelector: div.dialog-container
13:44:51.239  INFO  manager.ListenerWD - Before find element by ---> By.cssSelector: h2.message
13:44:51.285  INFO  manager.ListenerWD - After find element by ---> By.cssSelector: h2.message
13:44:51.317  INFO  TestBase - In assert checked message 'Logged in success' in dialog  
13:44:51.321  INFO  manager.ListenerWD - before find elements by ---> By.xpath: //button[text()='Ok']
13:44:51.366  INFO  manager.ListenerWD - After find elements by ---> By.xpath: //button[text()='Ok']
13:44:51.367  INFO  manager.ListenerWD - List size is ---->1
13:44:51.367  INFO  manager.ListenerWD - Before find element by ---> By.xpath: //button[text()='Ok']
13:44:51.468  INFO  manager.ListenerWD - After find element by ---> By.xpath: //button[text()='Ok']
13:44:51.532  INFO  manager.HelperBase - Click OK button was needed
13:44:51.535  INFO  TestBase - Start Method with name --->LoginSuccessModelsDP
13:44:51.537  INFO  manager.ListenerWD - before find elements by ---> By.xpath: //a[text()=' Logout ']
13:44:51.567  INFO  manager.ListenerWD - After find elements by ---> By.xpath: //a[text()=' Logout ']
13:44:51.567  INFO  manager.ListenerWD - List size is ---->1
13:44:51.568  INFO  manager.ListenerWD - Before find element by ---> By.xpath: //a[text()=' Logout ']
13:44:51.654  INFO  manager.ListenerWD - After find element by ---> By.xpath: //a[text()=' Logout ']
13:44:51.866  INFO  TestBase - The logout was needed 
13:44:51.868  INFO  TestBase - Login scenario success was used dataUser{name='null', lastname='null', email='nik@gmail.com', password='123589$Nik', phone='null'}
13:44:51.869  INFO  manager.ListenerWD - Before find element by ---> By.xpath: //a[text()='Log in']
13:44:51.943  INFO  manager.ListenerWD - After find element by ---> By.xpath: //a[text()='Log in']
13:44:52.294  INFO  manager.ListenerWD - Before find element by ---> By.id: email
13:44:52.344  INFO  manager.ListenerWD - After find element by ---> By.id: email
13:44:52.669  INFO  manager.ListenerWD - Before find element by ---> By.id: password
13:44:52.693  INFO  manager.ListenerWD - After find element by ---> By.id: password
13:44:52.926  INFO  manager.ListenerWD - Before find element by ---> By.cssSelector: button[type='submit']
13:44:52.967  INFO  manager.ListenerWD - After find element by ---> By.cssSelector: button[type='submit']
13:44:53.054  INFO  manager.ListenerWD - Before find element by ---> By.cssSelector: button[type='submit']
13:44:53.087  INFO  manager.ListenerWD - After find element by ---> By.cssSelector: button[type='submit']
13:44:53.160  INFO  manager.ListenerWD - Before find element by ---> By.cssSelector: div.dialog-container
13:44:53.579  INFO  manager.ListenerWD - After find element by ---> By.cssSelector: div.dialog-container
13:44:53.615  INFO  manager.ListenerWD - Before find element by ---> By.cssSelector: h2.message
13:44:53.671  INFO  manager.ListenerWD - After find element by ---> By.cssSelector: h2.message
13:44:53.739  INFO  TestBase - In assert checked message 'Logged in success' in dialog  
13:44:53.741  INFO  manager.ListenerWD - before find elements by ---> By.xpath: //button[text()='Ok']
13:44:53.779  INFO  manager.ListenerWD - After find elements by ---> By.xpath: //button[text()='Ok']
13:44:53.780  INFO  manager.ListenerWD - List size is ---->1
13:44:53.783  INFO  manager.ListenerWD - Before find element by ---> By.xpath: //button[text()='Ok']
13:44:53.839  INFO  manager.ListenerWD - After find element by ---> By.xpath: //button[text()='Ok']
13:44:54.007  INFO  manager.HelperBase - Click OK button was needed
13:44:54.010  INFO  TestBase - Start Method with name --->LoginSuccessModelsDP
13:44:54.011  INFO  manager.ListenerWD - before find elements by ---> By.xpath: //a[text()=' Logout ']
13:44:54.060  INFO  manager.ListenerWD - After find elements by ---> By.xpath: //a[text()=' Logout ']
13:44:54.061  INFO  manager.ListenerWD - List size is ---->1
13:44:54.062  INFO  manager.ListenerWD - Before find element by ---> By.xpath: //a[text()=' Logout ']
13:44:54.180  INFO  manager.ListenerWD - After find element by ---> By.xpath: //a[text()=' Logout ']
13:44:54.354  INFO  TestBase - The logout was needed 
13:44:54.355  INFO  TestBase - Login scenario success was used dataUser{name='null', lastname='null', email='nik@gmail.com', password='123589$Nik', phone='null'}
13:44:54.355  INFO  manager.ListenerWD - Before find element by ---> By.xpath: //a[text()='Log in']
13:44:54.387  INFO  manager.ListenerWD - After find element by ---> By.xpath: //a[text()='Log in']
13:44:54.719  INFO  manager.ListenerWD - Before find element by ---> By.id: email
13:44:54.765  INFO  manager.ListenerWD - After find element by ---> By.id: email
13:44:55.040  INFO  manager.ListenerWD - Before find element by ---> By.id: password
13:44:55.110  INFO  manager.ListenerWD - After find element by ---> By.id: password
13:44:55.391  INFO  manager.ListenerWD - Before find element by ---> By.cssSelector: button[type='submit']
13:44:55.437  INFO  manager.ListenerWD - After find element by ---> By.cssSelector: button[type='submit']
13:44:55.522  INFO  manager.ListenerWD - Before find element by ---> By.cssSelector: button[type='submit']
13:44:55.555  INFO  manager.ListenerWD - After find element by ---> By.cssSelector: button[type='submit']
13:44:55.641  INFO  manager.ListenerWD - Before find element by ---> By.cssSelector: div.dialog-container
13:44:56.141  INFO  manager.ListenerWD - After find element by ---> By.cssSelector: div.dialog-container
13:44:56.173  INFO  manager.ListenerWD - Before find element by ---> By.cssSelector: h2.message
13:44:56.207  INFO  manager.ListenerWD - After find element by ---> By.cssSelector: h2.message
13:44:56.240  INFO  TestBase - In assert checked message 'Logged in success' in dialog  
13:44:56.241  INFO  manager.ListenerWD - before find elements by ---> By.xpath: //button[text()='Ok']
13:44:56.269  INFO  manager.ListenerWD - After find elements by ---> By.xpath: //button[text()='Ok']
13:44:56.270  INFO  manager.ListenerWD - List size is ---->1
13:44:56.270  INFO  manager.ListenerWD - Before find element by ---> By.xpath: //button[text()='Ok']
13:44:56.310  INFO  manager.ListenerWD - After find element by ---> By.xpath: //button[text()='Ok']
13:44:56.461  INFO  manager.HelperBase - Click OK button was needed
