18:46:34.225  INFO  manager.ApplicationManager - All tests start in  ChromeDriver
18:46:40.309  INFO  manager.ApplicationManager - The current url is --->https://ilcarro-1578153671498.web.app/search
18:46:40.486  INFO  TestBase - Start Method with name --->registrationSuccess
18:46:40.514  INFO  manager.ListenerWD - before find elements by ---> By.xpath: //a[text()=' Logout ']
18:46:45.954  INFO  manager.ListenerWD - After find elements by ---> By.xpath: //a[text()=' Logout ']
18:46:45.960  INFO  manager.ListenerWD - List size is ---->0
18:46:45.979  INFO  TestBase - The logout was needed 
18:46:46.069  INFO  TestBase - Registration scenario success was used dataUser{name='Nikita', lastname='Snow', email='nik2806@ukr.net', password='Ww12345$', phone='null'}
18:46:46.078  INFO  manager.ListenerWD - Before find element by ---> By.xpath: //a[text()=' Sign up ']
18:46:46.414  INFO  manager.ListenerWD - After find element by ---> By.xpath: //a[text()=' Sign up ']
18:46:47.233  INFO  manager.ListenerWD - Before find element by ---> By.id: name
18:46:47.632  INFO  manager.ListenerWD - After find element by ---> By.id: name
18:46:48.507  INFO  manager.ListenerWD - Before find element by ---> By.id: lastName
18:46:48.729  INFO  manager.ListenerWD - After find element by ---> By.id: lastName
18:46:49.567  INFO  manager.ListenerWD - Before find element by ---> By.id: email
18:46:49.863  INFO  manager.ListenerWD - After find element by ---> By.id: email
18:46:51.625  INFO  manager.ListenerWD - Before find element by ---> By.id: password
18:46:51.778  INFO  manager.ListenerWD - After find element by ---> By.id: password
18:46:52.527  INFO  manager.ListenerWD - Before find element by ---> By.cssSelector: label[for='terms-of-use']
18:46:52.597  INFO  manager.ListenerWD - After find element by ---> By.cssSelector: label[for='terms-of-use']
18:46:52.849  INFO  manager.ListenerWD - Before find element by ---> By.cssSelector: [type='submit']
18:46:52.975  INFO  manager.ListenerWD - After find element by ---> By.cssSelector: [type='submit']
18:46:53.092  INFO  manager.ListenerWD - Before find element by ---> By.cssSelector: button[type='submit']
18:46:53.136  INFO  manager.ListenerWD - After find element by ---> By.cssSelector: button[type='submit']
18:46:53.240  INFO  manager.ListenerWD - Before find element by ---> By.cssSelector: button[type='submit']
18:46:53.276  INFO  manager.ListenerWD - After find element by ---> By.cssSelector: button[type='submit']
18:46:53.447  INFO  manager.ListenerWD - Before find element by ---> By.cssSelector: div.dialog-container
18:46:54.567  INFO  manager.ListenerWD - After find element by ---> By.cssSelector: div.dialog-container
18:46:54.784  INFO  manager.ListenerWD - Before find element by ---> By.cssSelector: div.dialog-container>h1
18:46:54.840  INFO  manager.ListenerWD - After find element by ---> By.cssSelector: div.dialog-container>h1
18:46:54.925  INFO  TestBase - In assert checked message 'Registered' in dialog  
18:46:54.931  INFO  manager.ListenerWD - before find elements by ---> By.xpath: //button[text()='Ok']
18:46:54.972  INFO  manager.ListenerWD - After find elements by ---> By.xpath: //button[text()='Ok']
18:46:54.972  INFO  manager.ListenerWD - List size is ---->1
18:46:54.974  INFO  manager.ListenerWD - Before find element by ---> By.xpath: //button[text()='Ok']
18:46:55.020  INFO  manager.ListenerWD - After find element by ---> By.xpath: //button[text()='Ok']
18:46:55.105  INFO  manager.HelperBase - Click OK button was needed
18:46:55.108  INFO  TestBase - Start Method with name --->registrationWrongPassword
18:46:55.112  INFO  manager.ListenerWD - before find elements by ---> By.xpath: //a[text()=' Logout ']
18:46:55.156  INFO  manager.ListenerWD - After find elements by ---> By.xpath: //a[text()=' Logout ']
18:46:55.156  INFO  manager.ListenerWD - List size is ---->1
18:46:55.157  INFO  manager.ListenerWD - Before find element by ---> By.xpath: //a[text()=' Logout ']
18:46:55.313  INFO  manager.ListenerWD - After find element by ---> By.xpath: //a[text()=' Logout ']
18:46:55.534  INFO  TestBase - The logout was needed 
18:46:55.537  INFO  TestBase - Registration negative scenario with wrong password was used dataUser{name='Mikita', lastname='Snow', email='nik@ukr.net', password='Mikita', phone='null'}
18:46:55.538  INFO  manager.ListenerWD - Before find element by ---> By.xpath: //a[text()=' Sign up ']
18:46:55.575  INFO  manager.ListenerWD - After find element by ---> By.xpath: //a[text()=' Sign up ']
18:46:55.686  INFO  manager.ListenerWD - Before find element by ---> By.id: name
18:46:55.721  INFO  manager.ListenerWD - After find element by ---> By.id: name
18:46:55.974  INFO  manager.ListenerWD - Before find element by ---> By.id: lastName
18:46:56.084  INFO  manager.ListenerWD - After find element by ---> By.id: lastName
18:46:56.834  INFO  manager.ListenerWD - Before find element by ---> By.id: email
18:46:56.869  INFO  manager.ListenerWD - After find element by ---> By.id: email
18:46:57.487  INFO  manager.ListenerWD - Before find element by ---> By.id: password
18:46:57.540  INFO  manager.ListenerWD - After find element by ---> By.id: password
18:46:58.250  INFO  manager.ListenerWD - Before find element by ---> By.cssSelector: label[for='terms-of-use']
18:46:58.329  INFO  manager.ListenerWD - After find element by ---> By.cssSelector: label[for='terms-of-use']
18:46:58.608  INFO  manager.ListenerWD - Before find element by ---> By.cssSelector: button[type='submit']
18:46:58.647  INFO  manager.ListenerWD - After find element by ---> By.cssSelector: button[type='submit']
18:46:58.777  INFO  manager.ListenerWD - before find elements by ---> By.cssSelector: button[disabled]
18:46:58.849  INFO  manager.ListenerWD - After find elements by ---> By.cssSelector: button[disabled]
18:46:58.850  INFO  manager.ListenerWD - List size is ---->1
18:46:58.850  INFO  manager.ListenerWD - Before find element by ---> By.cssSelector: [type='submit']
18:46:58.898  INFO  manager.ListenerWD - After find element by ---> By.cssSelector: [type='submit']
18:46:59.072  INFO  TestBase - The Y'alla button was not active
18:46:59.075  INFO  manager.ListenerWD - before find elements by ---> By.xpath: //button[text()='Ok']
18:47:04.120  INFO  manager.ListenerWD - After find elements by ---> By.xpath: //button[text()='Ok']
18:47:04.120  INFO  manager.ListenerWD - List size is ---->0
18:47:04.121  INFO  manager.HelperBase - Click OK button was needed
18:47:04.131  INFO  TestBase - Start Method with name --->LoginSuccessModels
18:47:04.133  INFO  manager.ListenerWD - before find elements by ---> By.xpath: //a[text()=' Logout ']
18:47:09.204  INFO  manager.ListenerWD - After find elements by ---> By.xpath: //a[text()=' Logout ']
18:47:09.205  INFO  manager.ListenerWD - List size is ---->0
18:47:09.208  INFO  TestBase - Login scenario success was used dataUser{name='null', lastname='null', email='nik@gmail.com', password='123589$Nik', phone='null'}
18:47:09.209  INFO  manager.ListenerWD - Before find element by ---> By.xpath: //a[text()='Log in']
18:47:09.268  INFO  manager.ListenerWD - After find element by ---> By.xpath: //a[text()='Log in']
18:47:10.733  INFO  manager.ListenerWD - Before find element by ---> By.id: email
18:47:10.798  INFO  manager.ListenerWD - After find element by ---> By.id: email
18:47:11.360  INFO  manager.ListenerWD - Before find element by ---> By.id: password
18:47:11.401  INFO  manager.ListenerWD - After find element by ---> By.id: password
18:47:11.870  INFO  manager.ListenerWD - Before find element by ---> By.cssSelector: [type='submit']
18:47:11.896  INFO  manager.ListenerWD - After find element by ---> By.cssSelector: [type='submit']
18:47:11.912  INFO  manager.ListenerWD - Before find element by ---> By.cssSelector: button[type='submit']
18:47:11.965  INFO  manager.ListenerWD - After find element by ---> By.cssSelector: button[type='submit']
18:47:12.004  INFO  manager.ListenerWD - Before find element by ---> By.cssSelector: button[type='submit']
18:47:12.042  INFO  manager.ListenerWD - After find element by ---> By.cssSelector: button[type='submit']
18:47:12.141  INFO  manager.ListenerWD - Before find element by ---> By.cssSelector: div.dialog-container
18:47:12.871  INFO  manager.ListenerWD - After find element by ---> By.cssSelector: div.dialog-container
18:47:12.949  INFO  manager.ListenerWD - Before find element by ---> By.cssSelector: h2.message
18:47:13.353  INFO  manager.ListenerWD - After find element by ---> By.cssSelector: h2.message
18:47:13.438  INFO  TestBase - In assert checked message 'Logged in success' in dialog  
18:47:13.440  INFO  manager.ListenerWD - before find elements by ---> By.xpath: //button[text()='Ok']
18:47:13.474  INFO  manager.ListenerWD - After find elements by ---> By.xpath: //button[text()='Ok']
18:47:13.476  INFO  manager.ListenerWD - List size is ---->1
18:47:13.476  INFO  manager.ListenerWD - Before find element by ---> By.xpath: //button[text()='Ok']
18:47:13.509  INFO  manager.ListenerWD - After find element by ---> By.xpath: //button[text()='Ok']
18:47:14.311  INFO  manager.HelperBase - Click OK button was needed
18:47:14.330  INFO  TestBase - Start Method with name --->LoginSuccessModelsDP
18:47:14.335  INFO  manager.ListenerWD - before find elements by ---> By.xpath: //a[text()=' Logout ']
18:47:14.475  INFO  manager.ListenerWD - After find elements by ---> By.xpath: //a[text()=' Logout ']
18:47:14.477  INFO  manager.ListenerWD - List size is ---->1
18:47:14.478  INFO  manager.ListenerWD - Before find element by ---> By.xpath: //a[text()=' Logout ']
18:47:14.518  INFO  manager.ListenerWD - After find element by ---> By.xpath: //a[text()=' Logout ']
18:47:14.935  INFO  TestBase - The logout was needed 
18:47:14.944  INFO  TestBase - Login scenario success was used dataUser{name='null', lastname='null', email='nik@gmail.com', password='123589$Nik', phone='null'}
18:47:14.950  INFO  manager.ListenerWD - Before find element by ---> By.xpath: //a[text()='Log in']
18:47:15.008  INFO  manager.ListenerWD - After find element by ---> By.xpath: //a[text()='Log in']
18:47:16.553  INFO  manager.ListenerWD - Before find element by ---> By.id: email
18:47:16.640  INFO  manager.ListenerWD - After find element by ---> By.id: email
18:47:17.419  INFO  manager.ListenerWD - Before find element by ---> By.id: password
18:47:17.514  INFO  manager.ListenerWD - After find element by ---> By.id: password
18:47:18.670  INFO  manager.ListenerWD - Before find element by ---> By.cssSelector: [type='submit']
18:47:18.701  INFO  manager.ListenerWD - After find element by ---> By.cssSelector: [type='submit']
18:47:18.952  INFO  manager.ListenerWD - Before find element by ---> By.cssSelector: button[type='submit']
18:47:18.983  INFO  manager.ListenerWD - After find element by ---> By.cssSelector: button[type='submit']
18:47:19.151  INFO  manager.ListenerWD - Before find element by ---> By.cssSelector: button[type='submit']
18:47:19.195  INFO  manager.ListenerWD - After find element by ---> By.cssSelector: button[type='submit']
18:47:19.400  INFO  manager.ListenerWD - Before find element by ---> By.cssSelector: div.dialog-container
18:47:20.789  INFO  manager.ListenerWD - After find element by ---> By.cssSelector: div.dialog-container
18:47:20.851  INFO  manager.ListenerWD - Before find element by ---> By.cssSelector: h2.message
18:47:20.878  INFO  manager.ListenerWD - After find element by ---> By.cssSelector: h2.message
18:47:20.910  INFO  TestBase - In assert checked message 'Logged in success' in dialog  
18:47:20.912  INFO  manager.ListenerWD - before find elements by ---> By.xpath: //button[text()='Ok']
18:47:20.943  INFO  manager.ListenerWD - After find elements by ---> By.xpath: //button[text()='Ok']
18:47:20.944  INFO  manager.ListenerWD - List size is ---->1
18:47:20.944  INFO  manager.ListenerWD - Before find element by ---> By.xpath: //button[text()='Ok']
18:47:20.984  INFO  manager.ListenerWD - After find element by ---> By.xpath: //button[text()='Ok']
18:47:21.168  INFO  manager.HelperBase - Click OK button was needed
18:47:21.182  INFO  TestBase - Start Method with name --->LoginSuccessModelsDP
18:47:21.184  INFO  manager.ListenerWD - before find elements by ---> By.xpath: //a[text()=' Logout ']
18:47:21.239  INFO  manager.ListenerWD - After find elements by ---> By.xpath: //a[text()=' Logout ']
18:47:21.239  INFO  manager.ListenerWD - List size is ---->1
18:47:21.241  INFO  manager.ListenerWD - Before find element by ---> By.xpath: //a[text()=' Logout ']
18:47:21.738  INFO  manager.ListenerWD - After find element by ---> By.xpath: //a[text()=' Logout ']
18:47:22.088  INFO  TestBase - The logout was needed 
18:47:22.089  INFO  TestBase - Login scenario success was used dataUser{name='null', lastname='null', email='nik@gmail.com', password='123589$Nik', phone='null'}
18:47:22.090  INFO  manager.ListenerWD - Before find element by ---> By.xpath: //a[text()='Log in']
18:47:22.258  INFO  manager.ListenerWD - After find element by ---> By.xpath: //a[text()='Log in']
18:47:23.704  INFO  manager.ListenerWD - Before find element by ---> By.id: email
18:47:23.843  INFO  manager.ListenerWD - After find element by ---> By.id: email
18:47:24.385  INFO  manager.ListenerWD - Before find element by ---> By.id: password
18:47:24.419  INFO  manager.ListenerWD - After find element by ---> By.id: password
18:47:25.266  INFO  manager.ListenerWD - Before find element by ---> By.cssSelector: [type='submit']
18:47:25.323  INFO  manager.ListenerWD - After find element by ---> By.cssSelector: [type='submit']
18:47:25.359  INFO  manager.ListenerWD - Before find element by ---> By.cssSelector: button[type='submit']
18:47:26.176  INFO  manager.ListenerWD - After find element by ---> By.cssSelector: button[type='submit']
18:47:26.424  INFO  manager.ListenerWD - Before find element by ---> By.cssSelector: button[type='submit']
18:47:26.570  INFO  manager.ListenerWD - After find element by ---> By.cssSelector: button[type='submit']
18:47:27.629  INFO  manager.ListenerWD - Before find element by ---> By.cssSelector: div.dialog-container
18:47:28.141  INFO  manager.ListenerWD - After find element by ---> By.cssSelector: div.dialog-container
18:47:28.299  INFO  manager.ListenerWD - Before find element by ---> By.cssSelector: h2.message
18:47:28.323  INFO  manager.ListenerWD - After find element by ---> By.cssSelector: h2.message
18:47:28.391  INFO  TestBase - In assert checked message 'Logged in success' in dialog  
18:47:28.393  INFO  manager.ListenerWD - before find elements by ---> By.xpath: //button[text()='Ok']
18:47:28.455  INFO  manager.ListenerWD - After find elements by ---> By.xpath: //button[text()='Ok']
18:47:28.455  INFO  manager.ListenerWD - List size is ---->1
18:47:28.455  INFO  manager.ListenerWD - Before find element by ---> By.xpath: //button[text()='Ok']
18:47:28.522  INFO  manager.ListenerWD - After find element by ---> By.xpath: //button[text()='Ok']
18:47:35.352  INFO  manager.ListenerWD - We have a 'problem'
18:47:35.353  INFO  manager.ListenerWD - The name of error method click
18:47:35.358  INFO  manager.ListenerWD - Describe of error org.openqa.selenium.remote.UnreachableBrowserException: Error communicating with the remote browser. It may have died.
Build info: version: '4.4.0', revision: 'e5c75ed026a'
System info: host: 'DESKTOP-FMI0Q92', ip: '192.168.1.209', os.name: 'Windows 10', os.arch: 'amd64', os.version: '10.0', java.version: '11.0.16.1'
Driver info: org.openqa.selenium.chrome.ChromeDriver
Command: [a7cf9ca3ab04f6c8d15b946185d04ca9, clickElement {id=f434bff3-7913-44f8-9c28-acfc39d2e4e0}]
Capabilities {acceptInsecureCerts: false, browserName: chrome, browserVersion: 106.0.5249.119, chrome: {chromedriverVersion: 106.0.5249.61 (511755355844..., userDataDir: C:\Temp\scoped_dir13600_348...}, goog:chromeOptions: {debuggerAddress: localhost:53770}, networkConnectionEnabled: false, pageLoadStrategy: normal, platformName: WINDOWS, proxy: Proxy(), se:cdp: ws://localhost:53770/devtoo..., se:cdpVersion: 106.0.5249.119, setWindowRect: true, strictFileInteractability: false, timeouts: {implicit: 0, pageLoad: 300000, script: 30000}, unhandledPromptBehavior: dismiss and notify, webauthn:extension:credBlob: true, webauthn:extension:largeBlob: true, webauthn:virtualAuthenticators: true}
Element: [[ChromeDriver: chrome on WINDOWS (a7cf9ca3ab04f6c8d15b946185d04ca9)] -> xpath: //button[text()='Ok']]
Session ID: a7cf9ca3ab04f6c8d15b946185d04ca9
18:47:35.364  INFO  manager.ListenerWD - Screen with error is 1735___src/test/screenshots/screen1735.png
