14:25:41.805  INFO  manager.ApplicationManager - Chrome Driver was opened
14:25:42.953  INFO  manager.ApplicationManager - All tests start in  ChromeDriver
14:25:45.348  INFO  manager.ApplicationManager - The current url is --->https://ilcarro-1578153671498.web.app/search
14:25:45.453  INFO  TestBase - Start Method with name --->addCarSuccess
14:25:45.457  INFO  manager.ListenerWD - before find elements by ---> By.xpath: //a[text()=' Logout ']
14:25:50.483  INFO  manager.ListenerWD - After find elements by ---> By.xpath: //a[text()=' Logout ']
14:25:50.483  INFO  manager.ListenerWD - List size is ---->0
14:25:50.487  INFO  manager.ListenerWD - Before find element by ---> By.cssSelector: a[href ^='/login']
14:25:50.548  INFO  manager.ListenerWD - After find element by ---> By.cssSelector: a[href ^='/login']
14:25:50.680  INFO  manager.ListenerWD - Before find element by ---> By.id: email
14:25:50.734  INFO  manager.ListenerWD - After find element by ---> By.id: email
14:25:51.070  INFO  manager.ListenerWD - Before find element by ---> By.id: password
14:25:51.132  INFO  manager.ListenerWD - After find element by ---> By.id: password
14:25:51.364  INFO  manager.ListenerWD - Before find element by ---> By.cssSelector: button[type='submit']
14:25:51.423  INFO  manager.ListenerWD - After find element by ---> By.cssSelector: button[type='submit']
14:25:51.539  INFO  manager.ListenerWD - Before find element by ---> By.cssSelector: button[type='submit']
14:25:51.570  INFO  manager.ListenerWD - After find element by ---> By.cssSelector: button[type='submit']
14:25:51.648  INFO  manager.ListenerWD - before find elements by ---> By.xpath: //button[text()='Ok']
14:25:52.268  INFO  manager.ListenerWD - After find elements by ---> By.xpath: //button[text()='Ok']
14:25:52.269  INFO  manager.ListenerWD - List size is ---->1
14:25:52.269  INFO  manager.ListenerWD - Before find element by ---> By.xpath: //button[text()='Ok']
14:25:52.346  INFO  manager.ListenerWD - After find element by ---> By.xpath: //button[text()='Ok']
14:25:52.447  INFO  manager.HelperBase - Click OK button was needed
14:25:52.467  INFO  TestBase - The login was needed with user : User{name='null', lastname='null', email='nik@gmail.com', password='123589$Nik', phone='null'}
14:25:52.531  INFO  TestBase - The test used car model : Car(location=Haifa,Israel, make=BMW, model=M5, year=2020, engine=2.5, fuel=Petrol, gear=AT, wD=AWD, doors=5, seats=4, clasS=C, fuelConsumption=6.5, carRegistrationNumber=11-000-481, price=65, distanceIncluded=800, features=Type of features, about=very nice car)
14:25:57.532  INFO  manager.ListenerWD - Before find element by ---> By.id: 1
14:25:57.565  INFO  manager.ListenerWD - After find element by ---> By.id: 1
14:25:57.702  INFO  manager.ListenerWD - Before find element by ---> By.id: pickUpPlace
14:25:57.749  INFO  manager.ListenerWD - After find element by ---> By.id: pickUpPlace
14:25:57.991  INFO  manager.ListenerWD - Before find element by ---> By.cssSelector: div.pac-item
14:25:58.382  INFO  manager.ListenerWD - After find element by ---> By.cssSelector: div.pac-item
14:25:58.956  INFO  manager.ListenerWD - Before find element by ---> By.id: make
14:25:58.986  INFO  manager.ListenerWD - After find element by ---> By.id: make
14:25:59.169  INFO  manager.ListenerWD - Before find element by ---> By.id: model
14:25:59.211  INFO  manager.ListenerWD - After find element by ---> By.id: model
14:25:59.421  INFO  manager.ListenerWD - Before find element by ---> By.id: year
14:25:59.457  INFO  manager.ListenerWD - After find element by ---> By.id: year
14:25:59.688  INFO  manager.ListenerWD - Before find element by ---> By.id: engine
14:25:59.724  INFO  manager.ListenerWD - After find element by ---> By.id: engine
14:25:59.918  INFO  manager.ListenerWD - Before find element by ---> By.id: fuel
14:25:59.954  INFO  manager.ListenerWD - After find element by ---> By.id: fuel
14:26:00.126  INFO  manager.ListenerWD - Before find element by ---> By.id: gear
14:26:00.166  INFO  manager.ListenerWD - After find element by ---> By.id: gear
14:26:00.289  INFO  manager.ListenerWD - Before find element by ---> By.id: wheelsDrive
14:26:00.322  INFO  manager.ListenerWD - After find element by ---> By.id: wheelsDrive
14:26:00.458  INFO  manager.ListenerWD - Before find element by ---> By.id: doors
14:26:00.551  INFO  manager.ListenerWD - After find element by ---> By.id: doors
14:26:00.816  INFO  manager.ListenerWD - Before find element by ---> By.id: seats
14:26:00.855  INFO  manager.ListenerWD - After find element by ---> By.id: seats
14:26:01.133  INFO  manager.ListenerWD - Before find element by ---> By.id: class
14:26:01.171  INFO  manager.ListenerWD - After find element by ---> By.id: class
14:26:01.391  INFO  manager.ListenerWD - Before find element by ---> By.id: fuelConsumption
14:26:01.441  INFO  manager.ListenerWD - After find element by ---> By.id: fuelConsumption
14:26:01.719  INFO  manager.ListenerWD - Before find element by ---> By.id: serialNumber
14:26:01.778  INFO  manager.ListenerWD - After find element by ---> By.id: serialNumber
14:26:02.050  INFO  manager.ListenerWD - Before find element by ---> By.id: price
14:26:02.086  INFO  manager.ListenerWD - After find element by ---> By.id: price
14:26:02.320  INFO  manager.ListenerWD - Before find element by ---> By.id: distance
14:26:02.356  INFO  manager.ListenerWD - After find element by ---> By.id: distance
14:26:02.641  INFO  manager.ListenerWD - Before find element by ---> By.cssSelector: .feature-input
14:26:02.688  INFO  manager.ListenerWD - After find element by ---> By.cssSelector: .feature-input
14:26:02.924  INFO  manager.ListenerWD - Before find element by ---> By.id: about
14:26:02.954  INFO  manager.ListenerWD - After find element by ---> By.id: about
14:26:03.145  INFO  manager.ListenerWD - Before find element by ---> By.id: photos
14:26:03.174  INFO  manager.ListenerWD - After find element by ---> By.id: photos
14:26:03.244  INFO  manager.ListenerWD - Before find element by ---> By.cssSelector: button[type='submit']
14:26:03.278  INFO  manager.ListenerWD - After find element by ---> By.cssSelector: button[type='submit']
14:26:04.940  INFO  manager.ListenerWD - Before find element by ---> By.cssSelector: button[type='submit']
14:26:04.963  INFO  manager.ListenerWD - After find element by ---> By.cssSelector: button[type='submit']
14:26:05.025  INFO  manager.ListenerWD - Before find element by ---> By.cssSelector: div.dialog-container
14:26:05.851  INFO  manager.ListenerWD - After find element by ---> By.cssSelector: div.dialog-container
14:26:05.890  INFO  manager.ListenerWD - Before find element by ---> By.cssSelector: div.dialog-container>h1
14:26:05.924  INFO  manager.ListenerWD - After find element by ---> By.cssSelector: div.dialog-container>h1
14:26:06.007  INFO  manager.ListenerWD - Before find element by ---> By.xpath: //button[text()='Search cars']
14:26:11.063  INFO  manager.ListenerWD - We have a 'problem'
14:26:11.064  INFO  manager.ListenerWD - The name of error method findElement
14:26:11.069  INFO  manager.ListenerWD - Describe of error org.openqa.selenium.NoSuchElementException: no such element: Unable to locate element: {"method":"xpath","selector":"//button[text()='Search cars']"}
  (Session info: chrome=106.0.5249.119)
For documentation on this error, please visit: https://selenium.dev/exceptions/#no_such_element
Build info: version: '4.4.0', revision: 'e5c75ed026a'
System info: host: 'DESKTOP-FMI0Q92', ip: '192.168.1.209', os.name: 'Windows 10', os.arch: 'amd64', os.version: '10.0', java.version: '11.0.16.1'
Driver info: org.openqa.selenium.chrome.ChromeDriver
Command: [6330f6462f7ee96606dffade94eb621e, findElement {using=xpath, value=//button[text()='Search cars']}]
Capabilities {acceptInsecureCerts: false, browserName: chrome, browserVersion: 106.0.5249.119, chrome: {chromedriverVersion: 106.0.5249.61 (511755355844..., userDataDir: C:\Temp\scoped_dir4352_1915...}, goog:chromeOptions: {debuggerAddress: localhost:51767}, networkConnectionEnabled: false, pageLoadStrategy: normal, platformName: WINDOWS, proxy: Proxy(), se:cdp: ws://localhost:51767/devtoo..., se:cdpVersion: 106.0.5249.119, setWindowRect: true, strictFileInteractability: false, timeouts: {implicit: 0, pageLoad: 300000, script: 30000}, unhandledPromptBehavior: dismiss and notify, webauthn:extension:credBlob: true, webauthn:extension:largeBlob: true, webauthn:virtualAuthenticators: true}
Session ID: 6330f6462f7ee96606dffade94eb621e
14:26:11.075  INFO  manager.ListenerWD - Screen with error is 1265___src/test/screenshots/screen1265.png
