09:39:15.487  INFO  manager.ApplicationManager - Chrome Driver was opened
09:39:16.296  INFO  manager.ApplicationManager - All tests start in  ChromeDriver
09:39:19.024  INFO  manager.ApplicationManager - The current url is --->https://ilcarro-1578153671498.web.app/search
09:39:19.083  INFO  TestBase - Start Method with name --->negativeWrongEmail
09:39:19.086  INFO  manager.ListenerWD - before find elements by ---> By.xpath: //a[text()=' Logout ']
09:39:24.109  INFO  manager.ListenerWD - After find elements by ---> By.xpath: //a[text()=' Logout ']
09:39:24.110  INFO  manager.ListenerWD - List size is ---->0
09:39:24.128  INFO  TestBase - Login negative scenario with wrong email was used dataUser{name='null', lastname='null', email='nikgmail.com', password='123589$Nik', phone='null'}
09:39:24.129  INFO  manager.ListenerWD - Before find element by ---> By.cssSelector: a[href ^='/login']
09:39:24.193  INFO  manager.ListenerWD - After find element by ---> By.cssSelector: a[href ^='/login']
09:39:24.303  INFO  manager.ListenerWD - Before find element by ---> By.id: email
09:39:24.376  INFO  manager.ListenerWD - After find element by ---> By.id: email
09:39:24.645  INFO  manager.ListenerWD - Before find element by ---> By.id: password
09:39:24.721  INFO  manager.ListenerWD - After find element by ---> By.id: password
09:39:24.943  INFO  manager.ListenerWD - Before find element by ---> By.cssSelector: button[type='submit']
09:39:25.003  INFO  manager.ListenerWD - After find element by ---> By.cssSelector: button[type='submit']
09:39:30.079  INFO  manager.ListenerWD - before find elements by ---> By.xpath: //button[text()='Ok']
09:39:35.137  INFO  manager.ListenerWD - After find elements by ---> By.xpath: //button[text()='Ok']
09:39:35.138  INFO  manager.ListenerWD - List size is ---->0
09:39:35.139  INFO  manager.HelperBase - Click OK button was needed
