12:25:59.683  INFO  manager.ApplicationManager - Chrome Driver was opened
12:26:00.680  INFO  manager.ApplicationManager - All tests start in  ChromeDriver
12:26:07.494  INFO  manager.ApplicationManager - The current url is --->https://ilcarro-1578153671498.web.app/search
12:26:07.603  INFO  TestBase - Start Method with name --->searchNextMonthSuccess
12:26:07.617  INFO  manager.ListenerWD - Before find element by ---> By.id: city
12:26:07.688  INFO  manager.ListenerWD - After find element by ---> By.id: city
12:26:07.954  INFO  manager.ListenerWD - Before find element by ---> By.cssSelector: div.pac-item
12:26:08.612  INFO  manager.ListenerWD - After find element by ---> By.cssSelector: div.pac-item
12:26:08.713  INFO  manager.ListenerWD - Before find element by ---> By.cssSelector: [aria-label = 'Next month']
12:26:13.753  INFO  manager.ListenerWD - We have a 'problem'
12:26:13.754  INFO  manager.ListenerWD - The name of error method findElement
12:26:13.764  INFO  manager.ListenerWD - Describe of error org.openqa.selenium.NoSuchElementException: no such element: Unable to locate element: {"method":"css selector","selector":"[aria-label = 'Next month']"}
  (Session info: chrome=106.0.5249.119)
For documentation on this error, please visit: https://selenium.dev/exceptions/#no_such_element
Build info: version: '4.4.0', revision: 'e5c75ed026a'
System info: host: 'DESKTOP-FMI0Q92', ip: '192.168.1.209', os.name: 'Windows 10', os.arch: 'amd64', os.version: '10.0', java.version: '11.0.16.1'
Driver info: org.openqa.selenium.chrome.ChromeDriver
Command: [c76f63868932425b7698ccff1d4f4bb8, findElement {using=css selector, value=[aria-label = 'Next month']}]
Capabilities {acceptInsecureCerts: false, browserName: chrome, browserVersion: 106.0.5249.119, chrome: {chromedriverVersion: 106.0.5249.61 (511755355844..., userDataDir: C:\Temp\scoped_dir8684_1589...}, goog:chromeOptions: {debuggerAddress: localhost:63635}, networkConnectionEnabled: false, pageLoadStrategy: normal, platformName: WINDOWS, proxy: Proxy(), se:cdp: ws://localhost:63635/devtoo..., se:cdpVersion: 106.0.5249.119, setWindowRect: true, strictFileInteractability: false, timeouts: {implicit: 0, pageLoad: 300000, script: 30000}, unhandledPromptBehavior: dismiss and notify, webauthn:extension:credBlob: true, webauthn:extension:largeBlob: true, webauthn:virtualAuthenticators: true}
Session ID: c76f63868932425b7698ccff1d4f4bb8
12:26:13.774  INFO  manager.ListenerWD - Screen with error is 1168___src/test/screenshots/screen1168.png
