14:14:33.938  INFO  manager.ApplicationManager - Chrome Driver was opened
14:14:34.940  INFO  manager.ApplicationManager - All tests start in  ChromeDriver
14:14:37.536  INFO  manager.ApplicationManager - The current url is --->https://ilcarro-1578153671498.web.app/search
14:14:37.618  INFO  TestBase - Start Method with name --->addCarSuccess
14:14:37.621  INFO  manager.ListenerWD - before find elements by ---> By.xpath: //a[text()=' Logout ']
14:14:42.667  INFO  manager.ListenerWD - After find elements by ---> By.xpath: //a[text()=' Logout ']
14:14:42.668  INFO  manager.ListenerWD - List size is ---->0
14:14:42.677  INFO  manager.ListenerWD - Before find element by ---> By.cssSelector: a[href ^='/login']
14:14:42.740  INFO  manager.ListenerWD - After find element by ---> By.cssSelector: a[href ^='/login']
14:14:42.880  INFO  manager.ListenerWD - Before find element by ---> By.id: email
14:14:42.974  INFO  manager.ListenerWD - After find element by ---> By.id: email
14:14:43.428  INFO  manager.ListenerWD - Before find element by ---> By.id: password
14:14:43.477  INFO  manager.ListenerWD - After find element by ---> By.id: password
14:14:43.826  INFO  manager.ListenerWD - Before find element by ---> By.cssSelector: button[type='submit']
14:14:43.926  INFO  manager.ListenerWD - After find element by ---> By.cssSelector: button[type='submit']
14:14:44.032  INFO  manager.ListenerWD - Before find element by ---> By.cssSelector: button[type='submit']
14:14:44.075  INFO  manager.ListenerWD - After find element by ---> By.cssSelector: button[type='submit']
14:14:44.174  INFO  manager.ListenerWD - before find elements by ---> By.xpath: //button[text()='Ok']
14:14:44.686  INFO  manager.ListenerWD - After find elements by ---> By.xpath: //button[text()='Ok']
14:14:44.686  INFO  manager.ListenerWD - List size is ---->1
14:14:44.691  INFO  manager.ListenerWD - Before find element by ---> By.xpath: //button[text()='Ok']
14:14:44.760  INFO  manager.ListenerWD - After find element by ---> By.xpath: //button[text()='Ok']
14:14:44.831  INFO  manager.HelperBase - Click OK button was needed
14:14:44.846  INFO  TestBase - The login was needed with user : User{name='null', lastname='null', email='nik@gmail.com', password='123589$Nik', phone='null'}
14:14:44.916  INFO  TestBase - The test used car model : Car(location=Haifa,Israel, make=BMW, model=M5, year=2020, engine=2.5, fuel=Petrol, gear=AT, wD=AWD, doors=5, seats=4, clasS=C, fuelConsumption=6.5, carRegistrationNumber=11-000-889, price=65, distanceIncluded=800, features=Type of features, about=very nice car)
14:14:49.917  INFO  manager.ListenerWD - Before find element by ---> By.id: 1
14:14:49.957  INFO  manager.ListenerWD - After find element by ---> By.id: 1
14:14:50.115  INFO  manager.ListenerWD - Before find element by ---> By.id: pickUpPlace
14:14:50.165  INFO  manager.ListenerWD - After find element by ---> By.id: pickUpPlace
14:14:50.427  INFO  manager.ListenerWD - Before find element by ---> By.cssSelector: div.pac-item
14:14:50.983  INFO  manager.ListenerWD - After find element by ---> By.cssSelector: div.pac-item
14:14:51.664  INFO  manager.ListenerWD - Before find element by ---> By.id: make
14:14:51.697  INFO  manager.ListenerWD - After find element by ---> By.id: make
14:14:51.880  INFO  manager.ListenerWD - Before find element by ---> By.id: model
14:14:51.921  INFO  manager.ListenerWD - After find element by ---> By.id: model
14:14:52.131  INFO  manager.ListenerWD - Before find element by ---> By.id: year
14:14:52.173  INFO  manager.ListenerWD - After find element by ---> By.id: year
14:14:52.446  INFO  manager.ListenerWD - Before find element by ---> By.id: engine
14:14:52.492  INFO  manager.ListenerWD - After find element by ---> By.id: engine
14:14:52.683  INFO  manager.ListenerWD - Before find element by ---> By.id: fuel
14:14:52.715  INFO  manager.ListenerWD - After find element by ---> By.id: fuel
14:14:53.138  INFO  manager.ListenerWD - Before find element by ---> By.id: gear
14:14:53.180  INFO  manager.ListenerWD - After find element by ---> By.id: gear
14:14:53.326  INFO  manager.ListenerWD - Before find element by ---> By.id: wheelsDrive
14:14:53.374  INFO  manager.ListenerWD - After find element by ---> By.id: wheelsDrive
14:14:53.567  INFO  manager.ListenerWD - Before find element by ---> By.id: doors
14:14:53.615  INFO  manager.ListenerWD - After find element by ---> By.id: doors
14:14:53.858  INFO  manager.ListenerWD - Before find element by ---> By.id: seats
14:14:53.896  INFO  manager.ListenerWD - After find element by ---> By.id: seats
14:14:54.184  INFO  manager.ListenerWD - Before find element by ---> By.id: class
14:14:54.275  INFO  manager.ListenerWD - After find element by ---> By.id: class
14:14:54.461  INFO  manager.ListenerWD - Before find element by ---> By.id: fuelConsumption
14:14:54.499  INFO  manager.ListenerWD - After find element by ---> By.id: fuelConsumption
14:14:54.756  INFO  manager.ListenerWD - Before find element by ---> By.id: serialNumber
14:14:54.795  INFO  manager.ListenerWD - After find element by ---> By.id: serialNumber
14:14:55.076  INFO  manager.ListenerWD - Before find element by ---> By.id: price
14:14:55.114  INFO  manager.ListenerWD - After find element by ---> By.id: price
14:14:55.417  INFO  manager.ListenerWD - Before find element by ---> By.id: distance
14:14:55.464  INFO  manager.ListenerWD - After find element by ---> By.id: distance
14:14:55.756  INFO  manager.ListenerWD - Before find element by ---> By.cssSelector: .feature-input
14:14:55.794  INFO  manager.ListenerWD - After find element by ---> By.cssSelector: .feature-input
14:14:56.030  INFO  manager.ListenerWD - Before find element by ---> By.id: about
14:14:56.057  INFO  manager.ListenerWD - After find element by ---> By.id: about
14:14:56.244  INFO  manager.ListenerWD - Before find element by ---> By.id: photos
14:14:56.272  INFO  manager.ListenerWD - After find element by ---> By.id: photos
14:14:56.409  INFO  manager.ListenerWD - Before find element by ---> By.cssSelector: button[type='submit']
14:14:56.460  INFO  manager.ListenerWD - After find element by ---> By.cssSelector: button[type='submit']
14:14:58.097  INFO  manager.ListenerWD - Before find element by ---> By.cssSelector: button[type='submit']
14:14:58.118  INFO  manager.ListenerWD - After find element by ---> By.cssSelector: button[type='submit']
14:14:58.188  INFO  manager.ListenerWD - Before find element by ---> By.cssSelector: div.dialog-container
14:14:59.698  INFO  manager.ListenerWD - After find element by ---> By.cssSelector: div.dialog-container
14:14:59.739  INFO  manager.ListenerWD - Before find element by ---> By.cssSelector: div.dialog-container>h1
14:14:59.796  INFO  manager.ListenerWD - After find element by ---> By.cssSelector: div.dialog-container>h1
14:14:59.892  INFO  TestBase - In assert checked message 'Car added' in dialog  
14:14:59.897  INFO  manager.ListenerWD - Before find element by ---> By.xpath: //button[text()='Search cars']
14:14:59.946  INFO  manager.ListenerWD - After find element by ---> By.xpath: //button[text()='Search cars']
14:15:00.049  INFO  manager.HelperBase - We returned to Home Page
