10:38:43.275  INFO  manager.ApplicationManager - All tests start in  ChromeDriver
10:38:47.920  INFO  manager.ApplicationManager - The current url is --->https://ilcarro-1578153671498.web.app/search
10:38:48.062  INFO  TestBase - Start Method with name --->addCarSuccess
10:38:48.069  INFO  manager.ListenerWD - before find elements by ---> By.xpath: //a[text()=' Logout ']
10:38:53.126  INFO  manager.ListenerWD - After find elements by ---> By.xpath: //a[text()=' Logout ']
10:38:53.127  INFO  manager.ListenerWD - List size is ---->0
10:38:53.128  INFO  manager.ListenerWD - Before find element by ---> By.cssSelector: a[href ^='/login']
10:38:53.204  INFO  manager.ListenerWD - After find element by ---> By.cssSelector: a[href ^='/login']
10:38:53.345  INFO  manager.ListenerWD - Before find element by ---> By.id: email
10:38:53.406  INFO  manager.ListenerWD - After find element by ---> By.id: email
10:38:53.775  INFO  manager.ListenerWD - Before find element by ---> By.id: password
10:38:53.830  INFO  manager.ListenerWD - After find element by ---> By.id: password
10:38:54.064  INFO  manager.ListenerWD - Before find element by ---> By.cssSelector: [type='submit']
10:38:54.127  INFO  manager.ListenerWD - After find element by ---> By.cssSelector: [type='submit']
10:38:54.159  INFO  manager.ListenerWD - Before find element by ---> By.cssSelector: button[type='submit']
10:38:54.240  INFO  manager.ListenerWD - After find element by ---> By.cssSelector: button[type='submit']
10:38:54.313  INFO  manager.ListenerWD - Before find element by ---> By.cssSelector: button[type='submit']
10:38:54.341  INFO  manager.ListenerWD - After find element by ---> By.cssSelector: button[type='submit']
10:38:54.447  INFO  manager.ListenerWD - before find elements by ---> By.xpath: //button[text()='Ok']
10:38:55.260  INFO  manager.ListenerWD - After find elements by ---> By.xpath: //button[text()='Ok']
10:38:55.261  INFO  manager.ListenerWD - List size is ---->1
10:38:55.261  INFO  manager.ListenerWD - Before find element by ---> By.xpath: //button[text()='Ok']
10:38:55.329  INFO  manager.ListenerWD - After find element by ---> By.xpath: //button[text()='Ok']
10:38:55.402  INFO  manager.HelperBase - Click OK button was needed
10:38:55.418  INFO  TestBase - The login was needed with user : User{name='null', lastname='null', email='nik@gmail.com', password='123589$Nik', phone='null'}
10:38:55.504  INFO  TestBase - The test used car model : Car(location=Haifa,Israel, make=BMW, model=M5, year=2020, engine=2.5, fuel=Petrol, gear=AT, wD=AWD, doors=5, seats=4, clasS=C, fuelConsumption=6.5, carRegistrationNumber=11-000-450, price=65, distanceIncluded=800, features=Type of features, about=very nice car)
10:39:00.505  INFO  manager.ListenerWD - Before find element by ---> By.id: 1
10:39:00.541  INFO  manager.ListenerWD - After find element by ---> By.id: 1
10:39:00.674  INFO  manager.ListenerWD - Before find element by ---> By.id: pickUpPlace
10:39:00.719  INFO  manager.ListenerWD - After find element by ---> By.id: pickUpPlace
10:39:01.014  INFO  manager.ListenerWD - Before find element by ---> By.cssSelector: div.pac-item
10:39:01.480  INFO  manager.ListenerWD - After find element by ---> By.cssSelector: div.pac-item
10:39:02.064  INFO  manager.ListenerWD - Before find element by ---> By.id: make
10:39:02.091  INFO  manager.ListenerWD - After find element by ---> By.id: make
10:39:02.271  INFO  manager.ListenerWD - Before find element by ---> By.id: model
10:39:02.311  INFO  manager.ListenerWD - After find element by ---> By.id: model
10:39:02.547  INFO  manager.ListenerWD - Before find element by ---> By.id: year
10:39:02.592  INFO  manager.ListenerWD - After find element by ---> By.id: year
10:39:02.824  INFO  manager.ListenerWD - Before find element by ---> By.id: engine
10:39:02.867  INFO  manager.ListenerWD - After find element by ---> By.id: engine
10:39:03.115  INFO  manager.ListenerWD - Before find element by ---> By.id: fuel
10:39:03.194  INFO  manager.ListenerWD - After find element by ---> By.id: fuel
10:39:03.347  INFO  manager.ListenerWD - Before find element by ---> By.id: gear
10:39:03.388  INFO  manager.ListenerWD - After find element by ---> By.id: gear
10:39:03.627  INFO  manager.ListenerWD - Before find element by ---> By.id: wheelsDrive
10:39:03.698  INFO  manager.ListenerWD - After find element by ---> By.id: wheelsDrive
10:39:03.874  INFO  manager.ListenerWD - Before find element by ---> By.id: doors
10:39:03.939  INFO  manager.ListenerWD - After find element by ---> By.id: doors
10:39:04.230  INFO  manager.ListenerWD - Before find element by ---> By.id: seats
10:39:04.315  INFO  manager.ListenerWD - After find element by ---> By.id: seats
10:39:04.579  INFO  manager.ListenerWD - Before find element by ---> By.id: class
10:39:04.646  INFO  manager.ListenerWD - After find element by ---> By.id: class
10:39:04.928  INFO  manager.ListenerWD - Before find element by ---> By.id: fuelConsumption
10:39:04.975  INFO  manager.ListenerWD - After find element by ---> By.id: fuelConsumption
10:39:05.227  INFO  manager.ListenerWD - Before find element by ---> By.id: serialNumber
10:39:05.275  INFO  manager.ListenerWD - After find element by ---> By.id: serialNumber
10:39:05.572  INFO  manager.ListenerWD - Before find element by ---> By.id: price
10:39:05.639  INFO  manager.ListenerWD - After find element by ---> By.id: price
10:39:05.911  INFO  manager.ListenerWD - Before find element by ---> By.id: distance
10:39:05.962  INFO  manager.ListenerWD - After find element by ---> By.id: distance
10:39:06.239  INFO  manager.ListenerWD - Before find element by ---> By.cssSelector: .feature-input
10:39:06.282  INFO  manager.ListenerWD - After find element by ---> By.cssSelector: .feature-input
10:39:06.552  INFO  manager.ListenerWD - Before find element by ---> By.id: about
10:39:06.613  INFO  manager.ListenerWD - After find element by ---> By.id: about
10:39:06.951  INFO  manager.ListenerWD - Before find element by ---> By.id: photos
10:39:06.986  INFO  manager.ListenerWD - After find element by ---> By.id: photos
10:39:07.055  INFO  manager.ListenerWD - Before find element by ---> By.cssSelector: [type='submit']
10:39:07.110  INFO  manager.ListenerWD - After find element by ---> By.cssSelector: [type='submit']
10:39:07.123  INFO  manager.ListenerWD - Before find element by ---> By.cssSelector: div.dialog-container
10:39:12.160  INFO  manager.ListenerWD - We have a 'problem'
10:39:12.161  INFO  manager.ListenerWD - The name of error method findElement
10:39:12.168  INFO  manager.ListenerWD - Describe of error org.openqa.selenium.NoSuchElementException: no such element: Unable to locate element: {"method":"css selector","selector":"div.dialog-container"}
  (Session info: chrome=106.0.5249.119)
For documentation on this error, please visit: https://selenium.dev/exceptions/#no_such_element
Build info: version: '4.4.0', revision: 'e5c75ed026a'
System info: host: 'DESKTOP-FMI0Q92', ip: '192.168.1.209', os.name: 'Windows 10', os.arch: 'amd64', os.version: '10.0', java.version: '11.0.16.1'
Driver info: org.openqa.selenium.chrome.ChromeDriver
Command: [ae4ed77e9e273d4a12a2c1913c016623, findElement {using=css selector, value=div.dialog-container}]
Capabilities {acceptInsecureCerts: false, browserName: chrome, browserVersion: 106.0.5249.119, chrome: {chromedriverVersion: 106.0.5249.61 (511755355844..., userDataDir: C:\Temp\scoped_dir11988_665...}, goog:chromeOptions: {debuggerAddress: localhost:51033}, networkConnectionEnabled: false, pageLoadStrategy: normal, platformName: WINDOWS, proxy: Proxy(), se:cdp: ws://localhost:51033/devtoo..., se:cdpVersion: 106.0.5249.119, setWindowRect: true, strictFileInteractability: false, timeouts: {implicit: 0, pageLoad: 300000, script: 30000}, unhandledPromptBehavior: dismiss and notify, webauthn:extension:credBlob: true, webauthn:extension:largeBlob: true, webauthn:virtualAuthenticators: true}
Session ID: ae4ed77e9e273d4a12a2c1913c016623
10:39:12.178  INFO  manager.ListenerWD - Screen with error is 1158___src/test/screenshots/screen1158.png
10:39:12.414  INFO  manager.ListenerWD - Before find element by ---> By.xpath: //button[text()='Search cars']
10:39:17.454  INFO  manager.ListenerWD - We have a 'problem'
10:39:17.455  INFO  manager.ListenerWD - The name of error method findElement
10:39:17.456  INFO  manager.ListenerWD - Describe of error org.openqa.selenium.NoSuchElementException: no such element: Unable to locate element: {"method":"xpath","selector":"//button[text()='Search cars']"}
  (Session info: chrome=106.0.5249.119)
For documentation on this error, please visit: https://selenium.dev/exceptions/#no_such_element
Build info: version: '4.4.0', revision: 'e5c75ed026a'
System info: host: 'DESKTOP-FMI0Q92', ip: '192.168.1.209', os.name: 'Windows 10', os.arch: 'amd64', os.version: '10.0', java.version: '11.0.16.1'
Driver info: org.openqa.selenium.chrome.ChromeDriver
Command: [ae4ed77e9e273d4a12a2c1913c016623, findElement {using=xpath, value=//button[text()='Search cars']}]
Capabilities {acceptInsecureCerts: false, browserName: chrome, browserVersion: 106.0.5249.119, chrome: {chromedriverVersion: 106.0.5249.61 (511755355844..., userDataDir: C:\Temp\scoped_dir11988_665...}, goog:chromeOptions: {debuggerAddress: localhost:51033}, networkConnectionEnabled: false, pageLoadStrategy: normal, platformName: WINDOWS, proxy: Proxy(), se:cdp: ws://localhost:51033/devtoo..., se:cdpVersion: 106.0.5249.119, setWindowRect: true, strictFileInteractability: false, timeouts: {implicit: 0, pageLoad: 300000, script: 30000}, unhandledPromptBehavior: dismiss and notify, webauthn:extension:credBlob: true, webauthn:extension:largeBlob: true, webauthn:virtualAuthenticators: true}
Session ID: ae4ed77e9e273d4a12a2c1913c016623
10:39:17.457  INFO  manager.ListenerWD - Screen with error is 1056___src/test/screenshots/screen1056.png
10:39:17.658  INFO  TestBase - Start Method with name --->LoginSuccessModels
10:39:17.659  INFO  manager.ListenerWD - before find elements by ---> By.xpath: //a[text()=' Logout ']
10:39:17.695  INFO  manager.ListenerWD - After find elements by ---> By.xpath: //a[text()=' Logout ']
10:39:17.695  INFO  manager.ListenerWD - List size is ---->1
10:39:17.696  INFO  manager.ListenerWD - Before find element by ---> By.xpath: //a[text()=' Logout ']
10:39:17.720  INFO  manager.ListenerWD - After find element by ---> By.xpath: //a[text()=' Logout ']
10:39:17.958  INFO  TestBase - The logout was needed 
10:39:17.960  INFO  TestBase - Login scenario success was used dataUser{name='null', lastname='null', email='nik@gmail.com', password='123589$Nik', phone='null'}
10:39:17.961  INFO  manager.ListenerWD - Before find element by ---> By.xpath: //a[text()='Log in']
10:39:18.092  INFO  manager.ListenerWD - After find element by ---> By.xpath: //a[text()='Log in']
10:39:18.876  INFO  manager.ListenerWD - Before find element by ---> By.id: email
10:39:18.964  INFO  manager.ListenerWD - After find element by ---> By.id: email
10:39:19.224  INFO  manager.ListenerWD - Before find element by ---> By.id: password
10:39:19.281  INFO  manager.ListenerWD - After find element by ---> By.id: password
10:39:19.517  INFO  manager.ListenerWD - Before find element by ---> By.cssSelector: [type='submit']
10:39:19.572  INFO  manager.ListenerWD - After find element by ---> By.cssSelector: [type='submit']
10:39:19.598  INFO  manager.ListenerWD - Before find element by ---> By.cssSelector: button[type='submit']
10:39:19.647  INFO  manager.ListenerWD - After find element by ---> By.cssSelector: button[type='submit']
10:39:19.731  INFO  manager.ListenerWD - Before find element by ---> By.cssSelector: button[type='submit']
10:39:19.753  INFO  manager.ListenerWD - After find element by ---> By.cssSelector: button[type='submit']
10:39:19.828  INFO  manager.ListenerWD - Before find element by ---> By.cssSelector: div.dialog-container
10:39:21.461  INFO  manager.ListenerWD - After find element by ---> By.cssSelector: div.dialog-container
10:39:21.498  INFO  manager.ListenerWD - Before find element by ---> By.cssSelector: h2.message
10:39:21.531  INFO  manager.ListenerWD - After find element by ---> By.cssSelector: h2.message
10:39:21.571  INFO  TestBase - In assert checked message 'Logged in success' in dialog  
10:39:21.573  INFO  manager.ListenerWD - before find elements by ---> By.xpath: //button[text()='Ok']
10:39:21.611  INFO  manager.ListenerWD - After find elements by ---> By.xpath: //button[text()='Ok']
10:39:21.611  INFO  manager.ListenerWD - List size is ---->1
10:39:21.611  INFO  manager.ListenerWD - Before find element by ---> By.xpath: //button[text()='Ok']
10:39:21.674  INFO  manager.ListenerWD - After find element by ---> By.xpath: //button[text()='Ok']
10:39:21.746  INFO  manager.HelperBase - Click OK button was needed
10:39:21.819  INFO  TestBase - Start Method with name --->LoginSuccessModelsDP
10:39:21.825  INFO  manager.ListenerWD - before find elements by ---> By.xpath: //a[text()=' Logout ']
10:39:22.142  INFO  manager.ListenerWD - After find elements by ---> By.xpath: //a[text()=' Logout ']
10:39:22.142  INFO  manager.ListenerWD - List size is ---->1
10:39:22.142  INFO  manager.ListenerWD - Before find element by ---> By.xpath: //a[text()=' Logout ']
10:39:22.171  INFO  manager.ListenerWD - After find element by ---> By.xpath: //a[text()=' Logout ']
10:39:22.322  INFO  TestBase - The logout was needed 
10:39:22.327  INFO  TestBase - Login scenario success was used dataUser{name='null', lastname='null', email='nik@gmail.com', password='123589$Nik', phone='null'}
10:39:22.327  INFO  manager.ListenerWD - Before find element by ---> By.xpath: //a[text()='Log in']
10:39:22.367  INFO  manager.ListenerWD - After find element by ---> By.xpath: //a[text()='Log in']
10:39:22.830  INFO  manager.ListenerWD - Before find element by ---> By.id: email
10:39:22.892  INFO  manager.ListenerWD - After find element by ---> By.id: email
10:39:23.257  INFO  manager.ListenerWD - Before find element by ---> By.id: password
10:39:23.280  INFO  manager.ListenerWD - After find element by ---> By.id: password
10:39:23.542  INFO  manager.ListenerWD - Before find element by ---> By.cssSelector: [type='submit']
10:39:23.583  INFO  manager.ListenerWD - After find element by ---> By.cssSelector: [type='submit']
10:39:23.606  INFO  manager.ListenerWD - Before find element by ---> By.cssSelector: button[type='submit']
10:39:23.641  INFO  manager.ListenerWD - After find element by ---> By.cssSelector: button[type='submit']
10:39:23.714  INFO  manager.ListenerWD - Before find element by ---> By.cssSelector: button[type='submit']
10:39:23.736  INFO  manager.ListenerWD - After find element by ---> By.cssSelector: button[type='submit']
10:39:23.798  INFO  manager.ListenerWD - Before find element by ---> By.cssSelector: div.dialog-container
10:39:24.417  INFO  manager.ListenerWD - After find element by ---> By.cssSelector: div.dialog-container
10:39:24.461  INFO  manager.ListenerWD - Before find element by ---> By.cssSelector: h2.message
10:39:24.525  INFO  manager.ListenerWD - After find element by ---> By.cssSelector: h2.message
10:39:24.551  INFO  TestBase - In assert checked message 'Logged in success' in dialog  
10:39:24.555  INFO  manager.ListenerWD - before find elements by ---> By.xpath: //button[text()='Ok']
10:39:24.596  INFO  manager.ListenerWD - After find elements by ---> By.xpath: //button[text()='Ok']
10:39:24.596  INFO  manager.ListenerWD - List size is ---->1
10:39:24.596  INFO  manager.ListenerWD - Before find element by ---> By.xpath: //button[text()='Ok']
10:39:24.639  INFO  manager.ListenerWD - After find element by ---> By.xpath: //button[text()='Ok']
10:39:24.760  INFO  manager.HelperBase - Click OK button was needed
10:39:24.762  INFO  TestBase - Start Method with name --->LoginSuccessModelsDP
10:39:24.764  INFO  manager.ListenerWD - before find elements by ---> By.xpath: //a[text()=' Logout ']
10:39:24.807  INFO  manager.ListenerWD - After find elements by ---> By.xpath: //a[text()=' Logout ']
10:39:24.807  INFO  manager.ListenerWD - List size is ---->1
10:39:24.807  INFO  manager.ListenerWD - Before find element by ---> By.xpath: //a[text()=' Logout ']
10:39:24.838  INFO  manager.ListenerWD - After find element by ---> By.xpath: //a[text()=' Logout ']
10:39:25.072  INFO  TestBase - The logout was needed 
10:39:25.073  INFO  TestBase - Login scenario success was used dataUser{name='null', lastname='null', email='nik@gmail.com', password='123589$Nik', phone='null'}
10:39:25.074  INFO  manager.ListenerWD - Before find element by ---> By.xpath: //a[text()='Log in']
10:39:25.102  INFO  manager.ListenerWD - After find element by ---> By.xpath: //a[text()='Log in']
10:39:25.479  INFO  manager.ListenerWD - Before find element by ---> By.id: email
10:39:25.537  INFO  manager.ListenerWD - After find element by ---> By.id: email
10:39:25.939  INFO  manager.ListenerWD - Before find element by ---> By.id: password
10:39:25.981  INFO  manager.ListenerWD - After find element by ---> By.id: password
10:39:26.238  INFO  manager.ListenerWD - Before find element by ---> By.cssSelector: [type='submit']
10:39:26.291  INFO  manager.ListenerWD - After find element by ---> By.cssSelector: [type='submit']
10:39:26.339  INFO  manager.ListenerWD - Before find element by ---> By.cssSelector: button[type='submit']
10:39:26.379  INFO  manager.ListenerWD - After find element by ---> By.cssSelector: button[type='submit']
10:39:26.412  INFO  manager.ListenerWD - Before find element by ---> By.cssSelector: button[type='submit']
10:39:26.430  INFO  manager.ListenerWD - After find element by ---> By.cssSelector: button[type='submit']
10:39:26.505  INFO  manager.ListenerWD - Before find element by ---> By.cssSelector: div.dialog-container
10:39:27.307  INFO  manager.ListenerWD - After find element by ---> By.cssSelector: div.dialog-container
10:39:27.338  INFO  manager.ListenerWD - Before find element by ---> By.cssSelector: h2.message
10:39:27.374  INFO  manager.ListenerWD - After find element by ---> By.cssSelector: h2.message
10:39:27.407  INFO  TestBase - In assert checked message 'Logged in success' in dialog  
10:39:27.409  INFO  manager.ListenerWD - before find elements by ---> By.xpath: //button[text()='Ok']
10:39:27.478  INFO  manager.ListenerWD - After find elements by ---> By.xpath: //button[text()='Ok']
10:39:27.478  INFO  manager.ListenerWD - List size is ---->1
10:39:27.479  INFO  manager.ListenerWD - Before find element by ---> By.xpath: //button[text()='Ok']
10:39:27.538  INFO  manager.ListenerWD - After find element by ---> By.xpath: //button[text()='Ok']
10:39:27.645  INFO  manager.HelperBase - Click OK button was needed
10:39:27.647  INFO  TestBase - Start Method with name --->LoginSuccessModelsDP
10:39:27.652  INFO  manager.ListenerWD - before find elements by ---> By.xpath: //a[text()=' Logout ']
10:39:27.688  INFO  manager.ListenerWD - After find elements by ---> By.xpath: //a[text()=' Logout ']
10:39:27.688  INFO  manager.ListenerWD - List size is ---->1
10:39:27.688  INFO  manager.ListenerWD - Before find element by ---> By.xpath: //a[text()=' Logout ']
10:39:27.792  INFO  manager.ListenerWD - After find element by ---> By.xpath: //a[text()=' Logout ']
10:39:28.126  INFO  TestBase - The logout was needed 
10:39:28.128  INFO  TestBase - Login scenario success was used dataUser{name='null', lastname='null', email='nik@gmail.com', password='123589$Nik', phone='null'}
10:39:28.128  INFO  manager.ListenerWD - Before find element by ---> By.xpath: //a[text()='Log in']
10:39:28.153  INFO  manager.ListenerWD - After find element by ---> By.xpath: //a[text()='Log in']
10:39:28.676  INFO  manager.ListenerWD - Before find element by ---> By.id: email
10:39:28.768  INFO  manager.ListenerWD - After find element by ---> By.id: email
10:39:29.416  INFO  manager.ListenerWD - Before find element by ---> By.id: password
10:39:29.440  INFO  manager.ListenerWD - After find element by ---> By.id: password
10:39:29.738  INFO  manager.ListenerWD - Before find element by ---> By.cssSelector: [type='submit']
10:39:29.770  INFO  manager.ListenerWD - After find element by ---> By.cssSelector: [type='submit']
10:39:29.789  INFO  manager.ListenerWD - Before find element by ---> By.cssSelector: button[type='submit']
10:39:29.811  INFO  manager.ListenerWD - After find element by ---> By.cssSelector: button[type='submit']
10:39:29.861  INFO  manager.ListenerWD - Before find element by ---> By.cssSelector: button[type='submit']
10:39:29.878  INFO  manager.ListenerWD - After find element by ---> By.cssSelector: button[type='submit']
10:39:29.928  INFO  manager.ListenerWD - Before find element by ---> By.cssSelector: div.dialog-container
10:39:30.461  INFO  manager.ListenerWD - After find element by ---> By.cssSelector: div.dialog-container
10:39:30.489  INFO  manager.ListenerWD - Before find element by ---> By.cssSelector: h2.message
10:39:30.510  INFO  manager.ListenerWD - After find element by ---> By.cssSelector: h2.message
10:39:30.541  INFO  TestBase - In assert checked message 'Logged in success' in dialog  
10:39:30.543  INFO  manager.ListenerWD - before find elements by ---> By.xpath: //button[text()='Ok']
10:39:30.573  INFO  manager.ListenerWD - After find elements by ---> By.xpath: //button[text()='Ok']
10:39:30.574  INFO  manager.ListenerWD - List size is ---->1
10:39:30.574  INFO  manager.ListenerWD - Before find element by ---> By.xpath: //button[text()='Ok']
10:39:30.640  INFO  manager.ListenerWD - After find element by ---> By.xpath: //button[text()='Ok']
10:39:30.714  INFO  manager.HelperBase - Click OK button was needed
10:39:30.721  INFO  TestBase - Start Method with name --->loginSuccess
10:39:30.722  INFO  manager.ListenerWD - before find elements by ---> By.xpath: //a[text()=' Logout ']
10:39:30.806  INFO  manager.ListenerWD - After find elements by ---> By.xpath: //a[text()=' Logout ']
10:39:30.806  INFO  manager.ListenerWD - List size is ---->1
10:39:30.806  INFO  manager.ListenerWD - Before find element by ---> By.xpath: //a[text()=' Logout ']
10:39:31.008  INFO  manager.ListenerWD - After find element by ---> By.xpath: //a[text()=' Logout ']
10:39:31.159  INFO  TestBase - The logout was needed 
10:39:31.161  INFO  TestBase - Login scenario success was used data email:nik@gmail.com & password: 123589$Nik
10:39:31.162  INFO  manager.ListenerWD - Before find element by ---> By.cssSelector: a[href ^='/login']
10:39:31.200  INFO  manager.ListenerWD - After find element by ---> By.cssSelector: a[href ^='/login']
10:39:31.275  INFO  manager.ListenerWD - Before find element by ---> By.id: email
10:39:31.317  INFO  manager.ListenerWD - After find element by ---> By.id: email
10:39:31.551  INFO  manager.ListenerWD - Before find element by ---> By.id: password
10:39:31.571  INFO  manager.ListenerWD - After find element by ---> By.id: password
10:39:31.807  INFO  manager.ListenerWD - Before find element by ---> By.cssSelector: [type='submit']
10:39:31.848  INFO  manager.ListenerWD - After find element by ---> By.cssSelector: [type='submit']
10:39:31.905  INFO  manager.ListenerWD - Before find element by ---> By.cssSelector: button[type='submit']
10:39:31.936  INFO  manager.ListenerWD - After find element by ---> By.cssSelector: button[type='submit']
10:39:31.984  INFO  manager.ListenerWD - Before find element by ---> By.cssSelector: button[type='submit']
10:39:32.002  INFO  manager.ListenerWD - After find element by ---> By.cssSelector: button[type='submit']
10:39:32.053  INFO  manager.ListenerWD - Before find element by ---> By.cssSelector: div.dialog-container
10:39:32.588  INFO  manager.ListenerWD - After find element by ---> By.cssSelector: div.dialog-container
10:39:32.612  INFO  manager.ListenerWD - Before find element by ---> By.cssSelector: h2.message
10:39:32.660  INFO  manager.ListenerWD - After find element by ---> By.cssSelector: h2.message
10:39:32.692  INFO  TestBase - In assert checked message 'Logged in success' in dialog  
10:39:32.694  INFO  manager.ListenerWD - before find elements by ---> By.xpath: //button[text()='Ok']
10:39:32.718  INFO  manager.ListenerWD - After find elements by ---> By.xpath: //button[text()='Ok']
10:39:32.718  INFO  manager.ListenerWD - List size is ---->1
10:39:32.718  INFO  manager.ListenerWD - Before find element by ---> By.xpath: //button[text()='Ok']
10:39:32.804  INFO  manager.ListenerWD - After find element by ---> By.xpath: //button[text()='Ok']
10:39:32.996  INFO  manager.HelperBase - Click OK button was needed
10:39:32.999  INFO  TestBase - Start Method with name --->loginSuccess
10:39:33.006  INFO  manager.ListenerWD - before find elements by ---> By.xpath: //a[text()=' Logout ']
10:39:33.039  INFO  manager.ListenerWD - After find elements by ---> By.xpath: //a[text()=' Logout ']
10:39:33.039  INFO  manager.ListenerWD - List size is ---->1
10:39:33.040  INFO  manager.ListenerWD - Before find element by ---> By.xpath: //a[text()=' Logout ']
10:39:33.066  INFO  manager.ListenerWD - After find element by ---> By.xpath: //a[text()=' Logout ']
10:39:33.262  INFO  TestBase - The logout was needed 
10:39:33.267  INFO  TestBase - Login scenario success was used data email:nik@gmail.com & password: 123589$Nik
10:39:33.267  INFO  manager.ListenerWD - Before find element by ---> By.cssSelector: a[href ^='/login']
10:39:33.324  INFO  manager.ListenerWD - After find element by ---> By.cssSelector: a[href ^='/login']
10:39:33.501  INFO  manager.ListenerWD - Before find element by ---> By.id: email
10:39:33.523  INFO  manager.ListenerWD - After find element by ---> By.id: email
10:39:33.783  INFO  manager.ListenerWD - Before find element by ---> By.id: password
10:39:33.811  INFO  manager.ListenerWD - After find element by ---> By.id: password
10:39:34.106  INFO  manager.ListenerWD - Before find element by ---> By.cssSelector: [type='submit']
10:39:34.141  INFO  manager.ListenerWD - After find element by ---> By.cssSelector: [type='submit']
10:39:34.165  INFO  manager.ListenerWD - Before find element by ---> By.cssSelector: button[type='submit']
10:39:34.194  INFO  manager.ListenerWD - After find element by ---> By.cssSelector: button[type='submit']
10:39:34.255  INFO  manager.ListenerWD - Before find element by ---> By.cssSelector: button[type='submit']
10:39:34.272  INFO  manager.ListenerWD - After find element by ---> By.cssSelector: button[type='submit']
10:39:34.343  INFO  manager.ListenerWD - Before find element by ---> By.cssSelector: div.dialog-container
10:39:34.844  INFO  manager.ListenerWD - After find element by ---> By.cssSelector: div.dialog-container
10:39:34.868  INFO  manager.ListenerWD - Before find element by ---> By.cssSelector: h2.message
10:39:34.888  INFO  manager.ListenerWD - After find element by ---> By.cssSelector: h2.message
10:39:34.909  INFO  TestBase - In assert checked message 'Logged in success' in dialog  
10:39:34.910  INFO  manager.ListenerWD - before find elements by ---> By.xpath: //button[text()='Ok']
10:39:34.937  INFO  manager.ListenerWD - After find elements by ---> By.xpath: //button[text()='Ok']
10:39:34.937  INFO  manager.ListenerWD - List size is ---->1
10:39:34.937  INFO  manager.ListenerWD - Before find element by ---> By.xpath: //button[text()='Ok']
10:39:34.956  INFO  manager.ListenerWD - After find element by ---> By.xpath: //button[text()='Ok']
10:39:35.040  INFO  manager.HelperBase - Click OK button was needed
10:39:35.042  INFO  TestBase - Start Method with name --->loginSuccess
10:39:35.044  INFO  manager.ListenerWD - before find elements by ---> By.xpath: //a[text()=' Logout ']
10:39:35.085  INFO  manager.ListenerWD - After find elements by ---> By.xpath: //a[text()=' Logout ']
10:39:35.085  INFO  manager.ListenerWD - List size is ---->1
10:39:35.085  INFO  manager.ListenerWD - Before find element by ---> By.xpath: //a[text()=' Logout ']
10:39:35.110  INFO  manager.ListenerWD - After find element by ---> By.xpath: //a[text()=' Logout ']
10:39:35.352  INFO  TestBase - The logout was needed 
10:39:35.353  INFO  TestBase - Login scenario success was used data email:nik@gmail.com & password: 123589$Nik
10:39:35.354  INFO  manager.ListenerWD - Before find element by ---> By.cssSelector: a[href ^='/login']
10:39:35.375  INFO  manager.ListenerWD - After find element by ---> By.cssSelector: a[href ^='/login']
10:39:35.490  INFO  manager.ListenerWD - Before find element by ---> By.id: email
10:39:35.530  INFO  manager.ListenerWD - After find element by ---> By.id: email
10:39:35.782  INFO  manager.ListenerWD - Before find element by ---> By.id: password
10:39:35.807  INFO  manager.ListenerWD - After find element by ---> By.id: password
10:39:36.076  INFO  manager.ListenerWD - Before find element by ---> By.cssSelector: [type='submit']
10:39:36.125  INFO  manager.ListenerWD - After find element by ---> By.cssSelector: [type='submit']
10:39:36.159  INFO  manager.ListenerWD - Before find element by ---> By.cssSelector: button[type='submit']
10:39:36.207  INFO  manager.ListenerWD - After find element by ---> By.cssSelector: button[type='submit']
10:39:36.254  INFO  manager.ListenerWD - Before find element by ---> By.cssSelector: button[type='submit']
10:39:36.269  INFO  manager.ListenerWD - After find element by ---> By.cssSelector: button[type='submit']
10:39:36.327  INFO  manager.ListenerWD - Before find element by ---> By.cssSelector: div.dialog-container
10:39:36.918  INFO  manager.ListenerWD - After find element by ---> By.cssSelector: div.dialog-container
10:39:36.950  INFO  manager.ListenerWD - Before find element by ---> By.cssSelector: h2.message
10:39:36.972  INFO  manager.ListenerWD - After find element by ---> By.cssSelector: h2.message
10:39:37.011  INFO  TestBase - In assert checked message 'Logged in success' in dialog  
10:39:37.016  INFO  manager.ListenerWD - before find elements by ---> By.xpath: //button[text()='Ok']
10:39:37.041  INFO  manager.ListenerWD - After find elements by ---> By.xpath: //button[text()='Ok']
10:39:37.041  INFO  manager.ListenerWD - List size is ---->1
10:39:37.041  INFO  manager.ListenerWD - Before find element by ---> By.xpath: //button[text()='Ok']
10:39:37.061  INFO  manager.ListenerWD - After find element by ---> By.xpath: //button[text()='Ok']
10:39:37.127  INFO  manager.HelperBase - Click OK button was needed
10:39:37.135  INFO  TestBase - Start Method with name --->negativeWrongEmail
10:39:37.136  INFO  manager.ListenerWD - before find elements by ---> By.xpath: //a[text()=' Logout ']
10:39:37.161  INFO  manager.ListenerWD - After find elements by ---> By.xpath: //a[text()=' Logout ']
10:39:37.161  INFO  manager.ListenerWD - List size is ---->1
10:39:37.165  INFO  manager.ListenerWD - Before find element by ---> By.xpath: //a[text()=' Logout ']
10:39:37.193  INFO  manager.ListenerWD - After find element by ---> By.xpath: //a[text()=' Logout ']
10:39:37.488  INFO  TestBase - The logout was needed 
10:39:37.491  INFO  TestBase - Login negative scenario with wrong email was used dataUser{name='null', lastname='null', email='nikgmail.com', password='123589$Nik', phone='null'}
10:39:37.491  INFO  manager.ListenerWD - Before find element by ---> By.cssSelector: a[href ^='/login']
10:39:37.546  INFO  manager.ListenerWD - After find element by ---> By.cssSelector: a[href ^='/login']
10:39:37.636  INFO  manager.ListenerWD - Before find element by ---> By.id: email
10:39:37.659  INFO  manager.ListenerWD - After find element by ---> By.id: email
10:39:37.880  INFO  manager.ListenerWD - Before find element by ---> By.id: password
10:39:37.910  INFO  manager.ListenerWD - After find element by ---> By.id: password
10:39:38.153  INFO  manager.ListenerWD - Before find element by ---> By.cssSelector: button[type='submit']
10:39:38.182  INFO  manager.ListenerWD - After find element by ---> By.cssSelector: button[type='submit']
10:39:38.309  INFO  manager.ListenerWD - Before find element by ---> By.cssSelector: div.error>div
10:39:38.346  INFO  manager.ListenerWD - After find element by ---> By.cssSelector: div.error>div
10:39:38.368  INFO  manager.ListenerWD - before find elements by ---> By.cssSelector: button[disabled]
10:39:38.400  INFO  manager.ListenerWD - After find elements by ---> By.cssSelector: button[disabled]
10:39:38.400  INFO  manager.ListenerWD - List size is ---->1
10:39:38.400  INFO  manager.ListenerWD - Before find element by ---> By.cssSelector: [type='submit']
10:39:38.422  INFO  manager.ListenerWD - After find element by ---> By.cssSelector: [type='submit']
10:39:38.448  INFO  TestBase - In assert checked error message 'It'snot look like email' under name field 
10:39:38.449  INFO  manager.ListenerWD - before find elements by ---> By.xpath: //button[text()='Ok']
10:39:43.499  INFO  manager.ListenerWD - After find elements by ---> By.xpath: //button[text()='Ok']
10:39:43.500  INFO  manager.ListenerWD - List size is ---->0
10:39:43.500  INFO  manager.HelperBase - Click OK button was needed
10:39:43.504  INFO  TestBase - Start Method with name --->negativeWrongPassword
10:39:43.506  INFO  manager.ListenerWD - before find elements by ---> By.xpath: //a[text()=' Logout ']
10:39:48.559  INFO  manager.ListenerWD - After find elements by ---> By.xpath: //a[text()=' Logout ']
10:39:48.559  INFO  manager.ListenerWD - List size is ---->0
10:39:48.560  INFO  TestBase - Login negative scenario with wrong password was used dataUser{name='null', lastname='null', email='nik@gmail.com', password='Wwow12345$', phone='null'}
10:39:48.561  INFO  manager.ListenerWD - Before find element by ---> By.cssSelector: a[href ^='/login']
10:39:48.578  INFO  manager.ListenerWD - After find element by ---> By.cssSelector: a[href ^='/login']
10:39:48.651  INFO  manager.ListenerWD - Before find element by ---> By.id: email
10:39:48.681  INFO  manager.ListenerWD - After find element by ---> By.id: email
10:39:48.896  INFO  manager.ListenerWD - Before find element by ---> By.id: password
10:39:48.921  INFO  manager.ListenerWD - After find element by ---> By.id: password
10:39:49.191  INFO  manager.ListenerWD - Before find element by ---> By.cssSelector: button[type='submit']
10:39:49.224  INFO  manager.ListenerWD - After find element by ---> By.cssSelector: button[type='submit']
10:39:49.295  INFO  manager.ListenerWD - Before find element by ---> By.cssSelector: div.dialog-container
10:39:50.046  INFO  manager.ListenerWD - After find element by ---> By.cssSelector: div.dialog-container
10:39:50.095  INFO  manager.ListenerWD - Before find element by ---> By.cssSelector: h2.message
10:39:50.119  INFO  manager.ListenerWD - After find element by ---> By.cssSelector: h2.message
10:39:50.150  INFO  manager.ListenerWD - Before find element by ---> By.cssSelector: div.dialog-container
10:39:50.174  INFO  manager.ListenerWD - After find element by ---> By.cssSelector: div.dialog-container
10:39:50.208  INFO  manager.ListenerWD - Before find element by ---> By.cssSelector: div.dialog-container>h1
10:39:50.250  INFO  manager.ListenerWD - After find element by ---> By.cssSelector: div.dialog-container>h1
10:39:50.289  INFO  TestBase - In assert checked message 'Authorization error' & 'Wrong email or password' in dialog  
10:39:50.291  INFO  manager.ListenerWD - before find elements by ---> By.xpath: //button[text()='Ok']
10:39:50.335  INFO  manager.ListenerWD - After find elements by ---> By.xpath: //button[text()='Ok']
10:39:50.336  INFO  manager.ListenerWD - List size is ---->1
10:39:50.336  INFO  manager.ListenerWD - Before find element by ---> By.xpath: //button[text()='Ok']
10:39:50.388  INFO  manager.ListenerWD - After find element by ---> By.xpath: //button[text()='Ok']
10:39:50.492  INFO  manager.HelperBase - Click OK button was needed
10:39:50.496  INFO  TestBase - Start Method with name --->registrationSuccess
10:39:50.503  INFO  manager.ListenerWD - before find elements by ---> By.xpath: //a[text()=' Logout ']
10:39:55.532  INFO  manager.ListenerWD - After find elements by ---> By.xpath: //a[text()=' Logout ']
10:39:55.532  INFO  manager.ListenerWD - List size is ---->0
10:39:55.532  INFO  TestBase - The logout was needed 
10:39:55.534  INFO  TestBase - Registration scenario success was used dataUser{name='Nikita', lastname='Snow', email='nik2395@ukr.net', password='Ww12345$', phone='null'}
10:39:55.534  INFO  manager.ListenerWD - Before find element by ---> By.xpath: //a[text()=' Sign up ']
10:39:55.561  INFO  manager.ListenerWD - After find element by ---> By.xpath: //a[text()=' Sign up ']
10:39:55.676  INFO  manager.ListenerWD - Before find element by ---> By.id: name
10:39:55.714  INFO  manager.ListenerWD - After find element by ---> By.id: name
10:39:55.979  INFO  manager.ListenerWD - Before find element by ---> By.id: lastName
10:39:56.020  INFO  manager.ListenerWD - After find element by ---> By.id: lastName
10:39:56.222  INFO  manager.ListenerWD - Before find element by ---> By.id: email
10:39:56.256  INFO  manager.ListenerWD - After find element by ---> By.id: email
10:39:56.552  INFO  manager.ListenerWD - Before find element by ---> By.id: password
10:39:56.570  INFO  manager.ListenerWD - After find element by ---> By.id: password
10:39:56.786  INFO  manager.ListenerWD - Before find element by ---> By.cssSelector: label[for='terms-of-use']
10:39:56.816  INFO  manager.ListenerWD - After find element by ---> By.cssSelector: label[for='terms-of-use']
10:39:57.079  INFO  manager.ListenerWD - Before find element by ---> By.cssSelector: [type='submit']
10:39:57.131  INFO  manager.ListenerWD - After find element by ---> By.cssSelector: [type='submit']
10:39:57.205  INFO  manager.ListenerWD - Before find element by ---> By.cssSelector: button[type='submit']
10:39:57.228  INFO  manager.ListenerWD - After find element by ---> By.cssSelector: button[type='submit']
10:39:57.263  INFO  manager.ListenerWD - Before find element by ---> By.cssSelector: button[type='submit']
10:39:57.300  INFO  manager.ListenerWD - After find element by ---> By.cssSelector: button[type='submit']
10:39:57.391  INFO  manager.ListenerWD - Before find element by ---> By.cssSelector: div.dialog-container
10:39:58.016  INFO  manager.ListenerWD - After find element by ---> By.cssSelector: div.dialog-container
10:39:58.038  INFO  manager.ListenerWD - Before find element by ---> By.cssSelector: div.dialog-container>h1
10:39:58.068  INFO  manager.ListenerWD - After find element by ---> By.cssSelector: div.dialog-container>h1
10:39:58.102  INFO  TestBase - In assert checked message 'Registered' in dialog  
10:39:58.103  INFO  manager.ListenerWD - before find elements by ---> By.xpath: //button[text()='Ok']
10:39:58.138  INFO  manager.ListenerWD - After find elements by ---> By.xpath: //button[text()='Ok']
10:39:58.138  INFO  manager.ListenerWD - List size is ---->1
10:39:58.139  INFO  manager.ListenerWD - Before find element by ---> By.xpath: //button[text()='Ok']
10:39:58.231  INFO  manager.ListenerWD - After find element by ---> By.xpath: //button[text()='Ok']
10:39:58.360  INFO  manager.HelperBase - Click OK button was needed
10:39:58.367  INFO  TestBase - Start Method with name --->registrationWrongPassword
10:39:58.368  INFO  manager.ListenerWD - before find elements by ---> By.xpath: //a[text()=' Logout ']
10:39:58.401  INFO  manager.ListenerWD - After find elements by ---> By.xpath: //a[text()=' Logout ']
10:39:58.401  INFO  manager.ListenerWD - List size is ---->1
10:39:58.401  INFO  manager.ListenerWD - Before find element by ---> By.xpath: //a[text()=' Logout ']
10:39:58.576  INFO  manager.ListenerWD - After find element by ---> By.xpath: //a[text()=' Logout ']
10:39:58.740  INFO  TestBase - The logout was needed 
10:39:58.741  INFO  TestBase - Registration negative scenario with wrong password was used dataUser{name='Mikita', lastname='Snow', email='nik@ukr.net', password='Mikita', phone='null'}
10:39:58.744  INFO  manager.ListenerWD - Before find element by ---> By.xpath: //a[text()=' Sign up ']
10:39:58.761  INFO  manager.ListenerWD - After find element by ---> By.xpath: //a[text()=' Sign up ']
10:39:58.866  INFO  manager.ListenerWD - Before find element by ---> By.id: name
10:39:58.892  INFO  manager.ListenerWD - After find element by ---> By.id: name
10:39:59.115  INFO  manager.ListenerWD - Before find element by ---> By.id: lastName
10:39:59.143  INFO  manager.ListenerWD - After find element by ---> By.id: lastName
10:39:59.471  INFO  manager.ListenerWD - Before find element by ---> By.id: email
10:39:59.542  INFO  manager.ListenerWD - After find element by ---> By.id: email
10:39:59.772  INFO  manager.ListenerWD - Before find element by ---> By.id: password
10:39:59.795  INFO  manager.ListenerWD - After find element by ---> By.id: password
10:40:00.131  INFO  manager.ListenerWD - Before find element by ---> By.cssSelector: label[for='terms-of-use']
10:40:00.167  INFO  manager.ListenerWD - After find element by ---> By.cssSelector: label[for='terms-of-use']
10:40:00.324  INFO  manager.ListenerWD - Before find element by ---> By.cssSelector: button[type='submit']
10:40:00.344  INFO  manager.ListenerWD - After find element by ---> By.cssSelector: button[type='submit']
10:40:00.386  INFO  manager.ListenerWD - before find elements by ---> By.cssSelector: button[disabled]
10:40:00.399  INFO  manager.ListenerWD - After find elements by ---> By.cssSelector: button[disabled]
10:40:00.399  INFO  manager.ListenerWD - List size is ---->1
10:40:00.399  INFO  manager.ListenerWD - Before find element by ---> By.cssSelector: [type='submit']
10:40:00.413  INFO  manager.ListenerWD - After find element by ---> By.cssSelector: [type='submit']
10:40:00.426  INFO  TestBase - The Y'alla button was not active
10:40:00.428  INFO  manager.ListenerWD - before find elements by ---> By.xpath: //button[text()='Ok']
10:40:05.487  INFO  manager.ListenerWD - After find elements by ---> By.xpath: //button[text()='Ok']
10:40:05.488  INFO  manager.ListenerWD - List size is ---->0
10:40:05.488  INFO  manager.HelperBase - Click OK button was needed
10:40:05.490  INFO  TestBase - Start Method with name --->searchAnyPeriod
10:40:05.491  INFO  manager.ListenerWD - Before find element by ---> By.cssSelector: .header a.logo
10:40:05.511  INFO  manager.ListenerWD - After find element by ---> By.cssSelector: .header a.logo
10:40:05.963  INFO  manager.ListenerWD - Before find element by ---> By.id: city
10:40:06.002  INFO  manager.ListenerWD - After find element by ---> By.id: city
10:40:07.040  INFO  manager.ListenerWD - Before find element by ---> By.cssSelector: div.pac-item
10:40:07.059  INFO  manager.ListenerWD - After find element by ---> By.cssSelector: div.pac-item
10:40:07.107  INFO  manager.ListenerWD - Before find element by ---> By.id: dates
10:40:07.132  INFO  manager.ListenerWD - After find element by ---> By.id: dates
10:40:07.132  INFO  manager.HelperBase - OS is ----> Windows 10
10:40:07.265  INFO  manager.ListenerWD - Before find element by ---> By.id: dates
10:40:07.294  INFO  manager.ListenerWD - After find element by ---> By.id: dates
10:40:07.485  INFO  manager.HelperBase - year:   2022
10:40:07.485  INFO  manager.HelperBase - day of month:   31
10:40:07.485  INFO  manager.HelperBase - month value:   10
10:40:07.485  INFO  manager.ListenerWD - Before find element by ---> By.cssSelector: button[aria-label='Next month']
10:40:07.513  INFO  manager.ListenerWD - After find element by ---> By.cssSelector: button[aria-label='Next month']
10:40:07.641  INFO  manager.ListenerWD - Before find element by ---> By.cssSelector: button[aria-label='Next month']
10:40:07.696  INFO  manager.ListenerWD - After find element by ---> By.cssSelector: button[aria-label='Next month']
10:40:07.796  INFO  manager.ListenerWD - Before find element by ---> By.cssSelector: button[aria-label='Next month']
10:40:07.823  INFO  manager.ListenerWD - After find element by ---> By.cssSelector: button[aria-label='Next month']
10:40:07.883  INFO  manager.ListenerWD - Before find element by ---> By.cssSelector: button[aria-label='Next month']
10:40:07.910  INFO  manager.ListenerWD - After find element by ---> By.cssSelector: button[aria-label='Next month']
10:40:07.999  INFO  manager.ListenerWD - Before find element by ---> By.xpath: //div[text()=' 20 ']
10:40:08.032  INFO  manager.ListenerWD - After find element by ---> By.xpath: //div[text()=' 20 ']
10:40:08.218  INFO  manager.ListenerWD - Before find element by ---> By.cssSelector: button[aria-label='Next month']
10:40:08.240  INFO  manager.ListenerWD - After find element by ---> By.cssSelector: button[aria-label='Next month']
10:40:08.317  INFO  manager.ListenerWD - Before find element by ---> By.cssSelector: button[aria-label='Next month']
10:40:08.353  INFO  manager.ListenerWD - After find element by ---> By.cssSelector: button[aria-label='Next month']
10:40:08.474  INFO  manager.ListenerWD - Before find element by ---> By.cssSelector: button[aria-label='Next month']
10:40:08.494  INFO  manager.ListenerWD - After find element by ---> By.cssSelector: button[aria-label='Next month']
10:40:08.631  INFO  manager.ListenerWD - Before find element by ---> By.cssSelector: button[aria-label='Next month']
10:40:08.651  INFO  manager.ListenerWD - After find element by ---> By.cssSelector: button[aria-label='Next month']
10:40:08.745  INFO  manager.ListenerWD - Before find element by ---> By.xpath: //div[text()=' 10 ']
10:40:08.769  INFO  manager.ListenerWD - After find element by ---> By.xpath: //div[text()=' 10 ']
10:40:08.858  INFO  manager.ListenerWD - Before find element by ---> By.cssSelector: [type='submit']
10:40:08.876  INFO  manager.ListenerWD - After find element by ---> By.cssSelector: [type='submit']
10:40:08.897  INFO  manager.ListenerWD - Before find element by ---> By.cssSelector: button[type='submit']
10:40:08.958  INFO  manager.ListenerWD - After find element by ---> By.cssSelector: button[type='submit']
10:40:09.036  INFO  manager.ListenerWD - Before find element by ---> By.cssSelector: button[type='submit']
10:40:09.066  INFO  manager.ListenerWD - After find element by ---> By.cssSelector: button[type='submit']
10:40:09.340  INFO  manager.ListenerWD - before find elements by ---> By.cssSelector: a.car-container
10:40:11.704  INFO  manager.ListenerWD - After find elements by ---> By.cssSelector: a.car-container
10:40:11.704  INFO  manager.ListenerWD - List size is ---->10
10:40:11.705  INFO  TestBase - Start Method with name --->searchCurrentMonthSuccess
10:40:11.706  INFO  manager.ListenerWD - Before find element by ---> By.cssSelector: .header a.logo
10:40:11.722  INFO  manager.ListenerWD - After find element by ---> By.cssSelector: .header a.logo
10:40:12.481  INFO  manager.ListenerWD - Before find element by ---> By.id: city
10:40:12.517  INFO  manager.ListenerWD - After find element by ---> By.id: city
10:40:13.422  INFO  manager.ListenerWD - Before find element by ---> By.cssSelector: div.pac-item
10:40:13.461  INFO  manager.ListenerWD - After find element by ---> By.cssSelector: div.pac-item
10:40:13.527  INFO  manager.ListenerWD - Before find element by ---> By.id: dates
10:40:13.546  INFO  manager.ListenerWD - After find element by ---> By.id: dates
10:40:13.547  INFO  manager.HelperBase - OS is ----> Windows 10
10:40:13.714  INFO  manager.ListenerWD - Before find element by ---> By.id: dates
10:40:13.754  INFO  manager.ListenerWD - After find element by ---> By.id: dates
10:40:13.861  INFO  manager.ListenerWD - Before find element by ---> By.xpath: //div[text()=' 28 ']
10:40:13.891  INFO  manager.ListenerWD - After find element by ---> By.xpath: //div[text()=' 28 ']
10:40:15.947  INFO  manager.ListenerWD - Before find element by ---> By.xpath: //div[text()=' 30 ']
10:40:15.968  INFO  manager.ListenerWD - After find element by ---> By.xpath: //div[text()=' 30 ']
10:40:16.024  INFO  manager.ListenerWD - Before find element by ---> By.cssSelector: [type='submit']
10:40:16.040  INFO  manager.ListenerWD - After find element by ---> By.cssSelector: [type='submit']
10:40:16.057  INFO  manager.ListenerWD - before find elements by ---> By.cssSelector: a.car-container
10:40:21.113  INFO  manager.ListenerWD - After find elements by ---> By.cssSelector: a.car-container
10:40:21.113  INFO  manager.ListenerWD - List size is ---->0
10:40:21.128  INFO  TestBase - Start Method with name --->searchInPast
10:40:21.129  INFO  manager.ListenerWD - Before find element by ---> By.cssSelector: .header a.logo
10:40:21.191  INFO  manager.ListenerWD - After find element by ---> By.cssSelector: .header a.logo
10:40:22.310  INFO  manager.ListenerWD - We have a 'problem'
10:40:22.310  INFO  manager.ListenerWD - The name of error method click
10:40:22.311  INFO  manager.ListenerWD - Describe of error org.openqa.selenium.ElementClickInterceptedException: element click intercepted: Element <a _ngcontent-axw-c25="" href="/" class="logo">...</a> is not clickable at point (245, 34). Other element would receive the click: <div class="cdk-overlay-backdrop mat-overlay-transparent-backdrop cdk-overlay-backdrop-showing"></div>
  (Session info: chrome=106.0.5249.119)
Build info: version: '4.4.0', revision: 'e5c75ed026a'
System info: host: 'DESKTOP-FMI0Q92', ip: '192.168.1.209', os.name: 'Windows 10', os.arch: 'amd64', os.version: '10.0', java.version: '11.0.16.1'
Driver info: org.openqa.selenium.chrome.ChromeDriver
Command: [ae4ed77e9e273d4a12a2c1913c016623, clickElement {id=7f557f31-02bf-46d1-81e2-e0ea44f566c6}]
Capabilities {acceptInsecureCerts: false, browserName: chrome, browserVersion: 106.0.5249.119, chrome: {chromedriverVersion: 106.0.5249.61 (511755355844..., userDataDir: C:\Temp\scoped_dir11988_665...}, goog:chromeOptions: {debuggerAddress: localhost:51033}, networkConnectionEnabled: false, pageLoadStrategy: normal, platformName: WINDOWS, proxy: Proxy(), se:cdp: ws://localhost:51033/devtoo..., se:cdpVersion: 106.0.5249.119, setWindowRect: true, strictFileInteractability: false, timeouts: {implicit: 0, pageLoad: 300000, script: 30000}, unhandledPromptBehavior: dismiss and notify, webauthn:extension:credBlob: true, webauthn:extension:largeBlob: true, webauthn:virtualAuthenticators: true}
Element: [[ChromeDriver: chrome on WINDOWS (ae4ed77e9e273d4a12a2c1913c016623)] -> css selector: .header a.logo]
Session ID: ae4ed77e9e273d4a12a2c1913c016623
10:40:22.316  INFO  manager.ListenerWD - Screen with error is 1892___src/test/screenshots/screen1892.png
10:40:22.346  INFO  TestBase - Start Method with name --->searchNextMonthSuccess
10:40:22.347  INFO  manager.ListenerWD - Before find element by ---> By.cssSelector: .header a.logo
10:40:22.448  INFO  manager.ListenerWD - After find element by ---> By.cssSelector: .header a.logo
10:40:23.527  INFO  manager.ListenerWD - We have a 'problem'
10:40:23.528  INFO  manager.ListenerWD - The name of error method click
10:40:23.529  INFO  manager.ListenerWD - Describe of error org.openqa.selenium.ElementClickInterceptedException: element click intercepted: Element <a _ngcontent-axw-c25="" href="/" class="logo">...</a> is not clickable at point (245, 34). Other element would receive the click: <div class="cdk-overlay-backdrop mat-overlay-transparent-backdrop cdk-overlay-backdrop-showing"></div>
  (Session info: chrome=106.0.5249.119)
Build info: version: '4.4.0', revision: 'e5c75ed026a'
System info: host: 'DESKTOP-FMI0Q92', ip: '192.168.1.209', os.name: 'Windows 10', os.arch: 'amd64', os.version: '10.0', java.version: '11.0.16.1'
Driver info: org.openqa.selenium.chrome.ChromeDriver
Command: [ae4ed77e9e273d4a12a2c1913c016623, clickElement {id=7f557f31-02bf-46d1-81e2-e0ea44f566c6}]
Capabilities {acceptInsecureCerts: false, browserName: chrome, browserVersion: 106.0.5249.119, chrome: {chromedriverVersion: 106.0.5249.61 (511755355844..., userDataDir: C:\Temp\scoped_dir11988_665...}, goog:chromeOptions: {debuggerAddress: localhost:51033}, networkConnectionEnabled: false, pageLoadStrategy: normal, platformName: WINDOWS, proxy: Proxy(), se:cdp: ws://localhost:51033/devtoo..., se:cdpVersion: 106.0.5249.119, setWindowRect: true, strictFileInteractability: false, timeouts: {implicit: 0, pageLoad: 300000, script: 30000}, unhandledPromptBehavior: dismiss and notify, webauthn:extension:credBlob: true, webauthn:extension:largeBlob: true, webauthn:virtualAuthenticators: true}
Element: [[ChromeDriver: chrome on WINDOWS (ae4ed77e9e273d4a12a2c1913c016623)] -> css selector: .header a.logo]
Session ID: ae4ed77e9e273d4a12a2c1913c016623
10:40:23.530  INFO  manager.ListenerWD - Screen with error is 1958___src/test/screenshots/screen1958.png
