13:12:09.570  INFO  manager.ApplicationManager - Chrome Driver was opened
13:12:11.019  INFO  manager.ApplicationManager - All tests start in  ChromeDriver
13:12:18.099  INFO  manager.ApplicationManager - The current url is --->https://ilcarro-1578153671498.web.app/search
13:12:18.177  INFO  TestBase - Start Method with name --->searchCurrentMonthSuccess
13:12:18.182  INFO  manager.ListenerWD - Before find element by ---> By.id: city
13:12:18.233  INFO  manager.ListenerWD - After find element by ---> By.id: city
13:12:18.508  INFO  manager.ListenerWD - Before find element by ---> By.cssSelector: div.pac-item
13:12:19.188  INFO  manager.ListenerWD - After find element by ---> By.cssSelector: div.pac-item
13:12:19.307  INFO  manager.ListenerWD - Before find element by ---> By.id: dates
13:12:19.452  INFO  manager.ListenerWD - After find element by ---> By.id: dates
13:12:19.675  INFO  manager.ListenerWD - Before find element by ---> By.xpath: //div[text()=' 25 ']
13:12:19.736  INFO  manager.ListenerWD - After find element by ---> By.xpath: //div[text()=' 25 ']
13:12:19.882  INFO  manager.ListenerWD - Before find element by ---> By.xpath: //div[text()=' 30 ']
13:12:19.942  INFO  manager.ListenerWD - After find element by ---> By.xpath: //div[text()=' 30 ']
13:12:20.110  INFO  manager.ListenerWD - Before find element by ---> By.cssSelector: button[type='submit']
13:12:20.167  INFO  manager.ListenerWD - After find element by ---> By.cssSelector: button[type='submit']
13:12:20.308  INFO  manager.ListenerWD - Before find element by ---> By.cssSelector: button[type='submit']
13:12:20.355  INFO  manager.ListenerWD - After find element by ---> By.cssSelector: button[type='submit']
13:12:20.586  INFO  manager.ListenerWD - before find elements by ---> By.cssSelector: div.search-results
13:12:20.654  INFO  manager.ListenerWD - After find elements by ---> By.cssSelector: div.search-results
13:12:20.655  INFO  manager.ListenerWD - List size is ---->1
13:12:20.660  INFO  TestBase - In the assertion, it is checked whether there were cars for the current month
13:12:20.709  INFO  manager.ListenerWD - Before find element by ---> By.xpath: //a[text()=' Search ']
13:12:20.862  INFO  manager.ListenerWD - After find element by ---> By.xpath: //a[text()=' Search ']
13:12:21.029  INFO  manager.HelperBase - We returned to Search Page
13:12:21.039  INFO  TestBase - Start Method with name --->searchNextMonthSuccess
13:12:21.042  INFO  manager.ListenerWD - Before find element by ---> By.id: city
13:12:21.087  INFO  manager.ListenerWD - After find element by ---> By.id: city
13:12:21.463  INFO  manager.ListenerWD - Before find element by ---> By.cssSelector: div.pac-item
13:12:21.516  INFO  manager.ListenerWD - After find element by ---> By.cssSelector: div.pac-item
13:12:21.615  INFO  manager.ListenerWD - Before find element by ---> By.id: dates
13:12:21.648  INFO  manager.ListenerWD - After find element by ---> By.id: dates
13:12:21.825  INFO  manager.ListenerWD - Before find element by ---> By.cssSelector: [aria-label = 'Next month']
13:12:21.863  INFO  manager.ListenerWD - After find element by ---> By.cssSelector: [aria-label = 'Next month']
13:12:21.993  INFO  manager.ListenerWD - Before find element by ---> By.xpath: //div[text()=' 25 ']
13:12:22.041  INFO  manager.ListenerWD - After find element by ---> By.xpath: //div[text()=' 25 ']
13:12:22.174  INFO  manager.ListenerWD - Before find element by ---> By.xpath: //div[text()=' 30 ']
13:12:22.216  INFO  manager.ListenerWD - After find element by ---> By.xpath: //div[text()=' 30 ']
13:12:22.865  INFO  manager.ListenerWD - Before find element by ---> By.cssSelector: button[type='submit']
13:12:22.888  INFO  manager.ListenerWD - After find element by ---> By.cssSelector: button[type='submit']
13:12:22.940  INFO  manager.ListenerWD - Before find element by ---> By.cssSelector: button[type='submit']
13:12:22.967  INFO  manager.ListenerWD - After find element by ---> By.cssSelector: button[type='submit']
13:12:23.146  INFO  manager.ListenerWD - before find elements by ---> By.cssSelector: div.search-results
13:12:23.188  INFO  manager.ListenerWD - After find elements by ---> By.cssSelector: div.search-results
13:12:23.188  INFO  manager.ListenerWD - List size is ---->1
13:12:23.188  INFO  TestBase - In the assertion, it is checked whether there were cars for the next month
13:12:23.191  INFO  manager.ListenerWD - Before find element by ---> By.xpath: //a[text()=' Search ']
13:12:23.244  INFO  manager.ListenerWD - After find element by ---> By.xpath: //a[text()=' Search ']
13:12:23.505  INFO  manager.HelperBase - We returned to Search Page
