11:01:01.234  INFO  manager.ApplicationManager - Chrome Driver was opened
11:01:02.931  INFO  manager.ApplicationManager - All tests start in  ChromeDriver
11:01:05.877  INFO  manager.ApplicationManager - The current url is --->https://ilcarro-1578153671498.web.app/search
11:01:05.986  INFO  TestBase - Start Method with name --->searchAnyPeriod
11:01:05.998  INFO  manager.ListenerWD - Before find element by ---> By.id: city
11:01:06.072  INFO  manager.ListenerWD - After find element by ---> By.id: city
11:01:06.400  INFO  manager.ListenerWD - Before find element by ---> By.cssSelector: div.pac-item
11:01:06.883  INFO  manager.ListenerWD - After find element by ---> By.cssSelector: div.pac-item
11:01:06.996  INFO  manager.ListenerWD - Before find element by ---> By.id: dates
11:01:07.048  INFO  manager.ListenerWD - After find element by ---> By.id: dates
11:01:07.387  INFO  manager.HelperBase - year:   2022
11:01:07.388  INFO  manager.HelperBase - day of month:   24
11:01:07.390  INFO  manager.HelperBase - month value:   10
11:01:07.391  INFO  manager.ListenerWD - Before find element by ---> By.cssSelector: button[aria-label='Next month']
11:01:07.455  INFO  manager.ListenerWD - After find element by ---> By.cssSelector: button[aria-label='Next month']
11:01:07.611  INFO  manager.ListenerWD - Before find element by ---> By.cssSelector: button[aria-label='Next month']
11:01:07.675  INFO  manager.ListenerWD - After find element by ---> By.cssSelector: button[aria-label='Next month']
11:01:07.823  INFO  manager.ListenerWD - Before find element by ---> By.cssSelector: button[aria-label='Next month']
11:01:07.879  INFO  manager.ListenerWD - After find element by ---> By.cssSelector: button[aria-label='Next month']
11:01:08.007  INFO  manager.ListenerWD - Before find element by ---> By.cssSelector: button[aria-label='Next month']
11:01:08.048  INFO  manager.ListenerWD - After find element by ---> By.cssSelector: button[aria-label='Next month']
11:01:08.227  INFO  manager.ListenerWD - Before find element by ---> By.xpath: //div[text()=' 20 ']
11:01:08.284  INFO  manager.ListenerWD - After find element by ---> By.xpath: //div[text()=' 20 ']
11:01:08.426  INFO  manager.ListenerWD - Before find element by ---> By.cssSelector: button[aria-label='Next month']
11:01:08.486  INFO  manager.ListenerWD - After find element by ---> By.cssSelector: button[aria-label='Next month']
11:01:08.593  INFO  manager.ListenerWD - Before find element by ---> By.cssSelector: button[aria-label='Next month']
11:01:08.646  INFO  manager.ListenerWD - After find element by ---> By.cssSelector: button[aria-label='Next month']
11:01:08.775  INFO  manager.ListenerWD - Before find element by ---> By.cssSelector: button[aria-label='Next month']
11:01:08.813  INFO  manager.ListenerWD - After find element by ---> By.cssSelector: button[aria-label='Next month']
11:01:08.926  INFO  manager.ListenerWD - Before find element by ---> By.cssSelector: button[aria-label='Next month']
11:01:08.963  INFO  manager.ListenerWD - After find element by ---> By.cssSelector: button[aria-label='Next month']
11:01:09.081  INFO  manager.ListenerWD - Before find element by ---> By.xpath: //div[text()=' 10 ']
11:01:09.127  INFO  manager.ListenerWD - After find element by ---> By.xpath: //div[text()=' 10 ']
11:01:09.781  INFO  manager.ListenerWD - Before find element by ---> By.cssSelector: [type='submit']
11:01:09.813  INFO  manager.ListenerWD - After find element by ---> By.cssSelector: [type='submit']
11:01:09.835  INFO  manager.ListenerWD - Before find element by ---> By.cssSelector: button[type='submit']
11:01:09.912  INFO  manager.ListenerWD - After find element by ---> By.cssSelector: button[type='submit']
11:01:10.024  INFO  manager.ListenerWD - Before find element by ---> By.cssSelector: button[type='submit']
11:01:10.056  INFO  manager.ListenerWD - After find element by ---> By.cssSelector: button[type='submit']
11:01:10.223  INFO  manager.ListenerWD - before find elements by ---> By.cssSelector: a.car-container
11:01:11.319  INFO  manager.ListenerWD - After find elements by ---> By.cssSelector: a.car-container
11:01:11.319  INFO  manager.ListenerWD - List size is ---->10
11:01:11.331  INFO  manager.ListenerWD - Before find element by ---> By.cssSelector: .navigation-link[href='/search']
11:01:11.417  INFO  manager.ListenerWD - After find element by ---> By.cssSelector: .navigation-link[href='/search']
11:01:11.549  INFO  manager.HelperBase - We returned to Search Page
11:01:11.557  INFO  TestBase - Start Method with name --->searchCurrentMonthSuccess
11:01:11.561  INFO  manager.ListenerWD - Before find element by ---> By.id: city
11:01:11.598  INFO  manager.ListenerWD - After find element by ---> By.id: city
11:01:12.056  INFO  manager.ListenerWD - Before find element by ---> By.cssSelector: div.pac-item
11:01:12.110  INFO  manager.ListenerWD - After find element by ---> By.cssSelector: div.pac-item
11:01:12.223  INFO  manager.ListenerWD - Before find element by ---> By.id: dates
11:01:12.255  INFO  manager.ListenerWD - After find element by ---> By.id: dates
11:01:12.560  INFO  manager.ListenerWD - Before find element by ---> By.xpath: //div[text()=' 25 ']
11:01:12.623  INFO  manager.ListenerWD - After find element by ---> By.xpath: //div[text()=' 25 ']
11:01:12.780  INFO  manager.ListenerWD - Before find element by ---> By.xpath: //div[text()=' 30 ']
11:01:17.865  INFO  manager.ListenerWD - We have a 'problem'
11:01:17.865  INFO  manager.ListenerWD - The name of error method findElement
11:01:17.871  INFO  manager.ListenerWD - Describe of error org.openqa.selenium.NoSuchElementException: no such element: Unable to locate element: {"method":"xpath","selector":"//div[text()=' 30 ']"}
  (Session info: chrome=106.0.5249.119)
For documentation on this error, please visit: https://selenium.dev/exceptions/#no_such_element
Build info: version: '4.4.0', revision: 'e5c75ed026a'
System info: host: 'DESKTOP-FMI0Q92', ip: '192.168.1.209', os.name: 'Windows 10', os.arch: 'amd64', os.version: '10.0', java.version: '11.0.16.1'
Driver info: org.openqa.selenium.chrome.ChromeDriver
Command: [68998eec2808b4efb8e1f8ac67787dbf, findElement {using=xpath, value=//div[text()=' 30 ']}]
Capabilities {acceptInsecureCerts: false, browserName: chrome, browserVersion: 106.0.5249.119, chrome: {chromedriverVersion: 106.0.5249.61 (511755355844..., userDataDir: C:\Temp\scoped_dir13456_547...}, goog:chromeOptions: {debuggerAddress: localhost:65248}, networkConnectionEnabled: false, pageLoadStrategy: normal, platformName: WINDOWS, proxy: Proxy(), se:cdp: ws://localhost:65248/devtoo..., se:cdpVersion: 106.0.5249.119, setWindowRect: true, strictFileInteractability: false, timeouts: {implicit: 0, pageLoad: 300000, script: 30000}, unhandledPromptBehavior: dismiss and notify, webauthn:extension:credBlob: true, webauthn:extension:largeBlob: true, webauthn:virtualAuthenticators: true}
Session ID: 68998eec2808b4efb8e1f8ac67787dbf
11:01:17.878  INFO  manager.ListenerWD - Screen with error is 1502___src/test/screenshots/screen1502.png
11:01:18.854  INFO  manager.ListenerWD - Before find element by ---> By.cssSelector: .navigation-link[href='/search']
11:01:18.975  INFO  manager.ListenerWD - After find element by ---> By.cssSelector: .navigation-link[href='/search']
11:01:20.063  INFO  manager.ListenerWD - We have a 'problem'
11:01:20.063  INFO  manager.ListenerWD - The name of error method click
11:01:20.063  INFO  manager.ListenerWD - Describe of error org.openqa.selenium.ElementClickInterceptedException: element click intercepted: Element <a _ngcontent-mdx-c25="" class="navigation-link" id="0" href="/search">...</a> is not clickable at point (729, 34). Other element would receive the click: <div class="cdk-overlay-backdrop mat-overlay-transparent-backdrop cdk-overlay-backdrop-showing"></div>
  (Session info: chrome=106.0.5249.119)
Build info: version: '4.4.0', revision: 'e5c75ed026a'
System info: host: 'DESKTOP-FMI0Q92', ip: '192.168.1.209', os.name: 'Windows 10', os.arch: 'amd64', os.version: '10.0', java.version: '11.0.16.1'
Driver info: org.openqa.selenium.chrome.ChromeDriver
Command: [68998eec2808b4efb8e1f8ac67787dbf, clickElement {id=e0ececb0-bd2d-46a0-a9ea-cedaa5797207}]
Capabilities {acceptInsecureCerts: false, browserName: chrome, browserVersion: 106.0.5249.119, chrome: {chromedriverVersion: 106.0.5249.61 (511755355844..., userDataDir: C:\Temp\scoped_dir13456_547...}, goog:chromeOptions: {debuggerAddress: localhost:65248}, networkConnectionEnabled: false, pageLoadStrategy: normal, platformName: WINDOWS, proxy: Proxy(), se:cdp: ws://localhost:65248/devtoo..., se:cdpVersion: 106.0.5249.119, setWindowRect: true, strictFileInteractability: false, timeouts: {implicit: 0, pageLoad: 300000, script: 30000}, unhandledPromptBehavior: dismiss and notify, webauthn:extension:credBlob: true, webauthn:extension:largeBlob: true, webauthn:virtualAuthenticators: true}
Element: [[ChromeDriver: chrome on WINDOWS (68998eec2808b4efb8e1f8ac67787dbf)] -> css selector: .navigation-link[href='/search']]
Session ID: 68998eec2808b4efb8e1f8ac67787dbf
11:01:20.064  INFO  manager.ListenerWD - Screen with error is 1396___src/test/screenshots/screen1396.png
