10:52:45.516  INFO  manager.ApplicationManager - All tests start in  ChromeDriver
10:52:49.148  INFO  manager.ApplicationManager - The current url is --->https://ilcarro-1578153671498.web.app/search
10:52:49.286  INFO  TestBase - Start Method with name --->addCarSuccessDP
10:52:49.294  INFO  manager.ListenerWD - before find elements by ---> By.xpath: //a[text()=' Logout ']
10:52:54.344  INFO  manager.ListenerWD - After find elements by ---> By.xpath: //a[text()=' Logout ']
10:52:54.344  INFO  manager.ListenerWD - List size is ---->0
10:52:54.347  INFO  manager.ListenerWD - Before find element by ---> By.cssSelector: a[href ^='/login']
10:52:54.396  INFO  manager.ListenerWD - After find element by ---> By.cssSelector: a[href ^='/login']
10:52:54.502  INFO  manager.ListenerWD - Before find element by ---> By.id: email
10:52:54.553  INFO  manager.ListenerWD - After find element by ---> By.id: email
10:52:54.882  INFO  manager.ListenerWD - Before find element by ---> By.id: password
10:52:54.952  INFO  manager.ListenerWD - After find element by ---> By.id: password
10:52:55.191  INFO  manager.ListenerWD - Before find element by ---> By.cssSelector: [type='submit']
10:52:55.266  INFO  manager.ListenerWD - After find element by ---> By.cssSelector: [type='submit']
10:52:55.315  INFO  manager.ListenerWD - Before find element by ---> By.cssSelector: button[type='submit']
10:52:55.384  INFO  manager.ListenerWD - After find element by ---> By.cssSelector: button[type='submit']
10:52:55.453  INFO  manager.ListenerWD - Before find element by ---> By.cssSelector: button[type='submit']
10:52:55.485  INFO  manager.ListenerWD - After find element by ---> By.cssSelector: button[type='submit']
10:52:55.556  INFO  manager.ListenerWD - before find elements by ---> By.xpath: //button[text()='Ok']
10:52:56.102  INFO  manager.ListenerWD - After find elements by ---> By.xpath: //button[text()='Ok']
10:52:56.103  INFO  manager.ListenerWD - List size is ---->1
10:52:56.103  INFO  manager.ListenerWD - Before find element by ---> By.xpath: //button[text()='Ok']
10:52:56.153  INFO  manager.ListenerWD - After find element by ---> By.xpath: //button[text()='Ok']
10:52:56.233  INFO  manager.HelperBase - Click OK button was needed
10:52:56.247  INFO  TestBase - The login was needed with user : User{name='null', lastname='null', email='nik@gmail.com', password='123589$Nik', phone='null'}
10:52:56.308  INFO  TestBase - The test used car model : Car(location=Haifa, Israel, make=BMW, model=M5, year=2020, engine=2.5, fuel=Petrol, gear=AT, wD=AWD, doors=5, seats=4, clasS=C, fuelConsumption=6.5, carRegistrationNumber=211-121-500, price=65, distanceIncluded=800, features=Type of features, about=Very nice car)
10:53:01.310  INFO  manager.ListenerWD - Before find element by ---> By.id: 1
10:53:01.396  INFO  manager.ListenerWD - After find element by ---> By.id: 1
10:53:01.524  INFO  manager.ListenerWD - Before find element by ---> By.id: pickUpPlace
10:53:01.568  INFO  manager.ListenerWD - After find element by ---> By.id: pickUpPlace
10:53:01.802  INFO  manager.ListenerWD - Before find element by ---> By.cssSelector: div.pac-item
10:53:02.200  INFO  manager.ListenerWD - After find element by ---> By.cssSelector: div.pac-item
10:53:02.779  INFO  manager.ListenerWD - Before find element by ---> By.id: make
10:53:02.856  INFO  manager.ListenerWD - After find element by ---> By.id: make
10:53:03.047  INFO  manager.ListenerWD - Before find element by ---> By.id: model
10:53:03.099  INFO  manager.ListenerWD - After find element by ---> By.id: model
10:53:03.274  INFO  manager.ListenerWD - Before find element by ---> By.id: year
10:53:03.311  INFO  manager.ListenerWD - After find element by ---> By.id: year
10:53:03.529  INFO  manager.ListenerWD - Before find element by ---> By.id: engine
10:53:03.565  INFO  manager.ListenerWD - After find element by ---> By.id: engine
10:53:03.762  INFO  manager.ListenerWD - Before find element by ---> By.id: fuel
10:53:03.791  INFO  manager.ListenerWD - After find element by ---> By.id: fuel
10:53:03.914  INFO  manager.ListenerWD - Before find element by ---> By.id: gear
10:53:03.946  INFO  manager.ListenerWD - After find element by ---> By.id: gear
10:53:04.062  INFO  manager.ListenerWD - Before find element by ---> By.id: wheelsDrive
10:53:04.094  INFO  manager.ListenerWD - After find element by ---> By.id: wheelsDrive
10:53:04.230  INFO  manager.ListenerWD - Before find element by ---> By.id: doors
10:53:04.262  INFO  manager.ListenerWD - After find element by ---> By.id: doors
10:53:04.481  INFO  manager.ListenerWD - Before find element by ---> By.id: seats
10:53:04.549  INFO  manager.ListenerWD - After find element by ---> By.id: seats
10:53:04.768  INFO  manager.ListenerWD - Before find element by ---> By.id: class
10:53:04.803  INFO  manager.ListenerWD - After find element by ---> By.id: class
10:53:05.048  INFO  manager.ListenerWD - Before find element by ---> By.id: fuelConsumption
10:53:05.082  INFO  manager.ListenerWD - After find element by ---> By.id: fuelConsumption
10:53:05.296  INFO  manager.ListenerWD - Before find element by ---> By.id: serialNumber
10:53:05.334  INFO  manager.ListenerWD - After find element by ---> By.id: serialNumber
10:53:05.633  INFO  manager.ListenerWD - Before find element by ---> By.id: price
10:53:05.679  INFO  manager.ListenerWD - After find element by ---> By.id: price
10:53:05.997  INFO  manager.ListenerWD - Before find element by ---> By.id: distance
10:53:06.049  INFO  manager.ListenerWD - After find element by ---> By.id: distance
10:53:06.288  INFO  manager.ListenerWD - Before find element by ---> By.cssSelector: .feature-input
10:53:06.325  INFO  manager.ListenerWD - After find element by ---> By.cssSelector: .feature-input
10:53:06.532  INFO  manager.ListenerWD - Before find element by ---> By.id: about
10:53:06.558  INFO  manager.ListenerWD - After find element by ---> By.id: about
10:53:06.730  INFO  manager.ListenerWD - Before find element by ---> By.id: photos
10:53:06.761  INFO  manager.ListenerWD - After find element by ---> By.id: photos
10:53:06.860  INFO  manager.ListenerWD - Before find element by ---> By.cssSelector: [type='submit']
10:53:06.900  INFO  manager.ListenerWD - After find element by ---> By.cssSelector: [type='submit']
10:53:06.927  INFO  manager.ListenerWD - Before find element by ---> By.cssSelector: div.dialog-container
10:53:11.992  INFO  manager.ListenerWD - We have a 'problem'
10:53:11.994  INFO  manager.ListenerWD - The name of error method findElement
10:53:12.003  INFO  manager.ListenerWD - Describe of error org.openqa.selenium.NoSuchElementException: no such element: Unable to locate element: {"method":"css selector","selector":"div.dialog-container"}
  (Session info: chrome=106.0.5249.119)
For documentation on this error, please visit: https://selenium.dev/exceptions/#no_such_element
Build info: version: '4.4.0', revision: 'e5c75ed026a'
System info: host: 'DESKTOP-FMI0Q92', ip: '192.168.137.1', os.name: 'Windows 10', os.arch: 'amd64', os.version: '10.0', java.version: '11.0.16.1'
Driver info: org.openqa.selenium.chrome.ChromeDriver
Command: [a2bc2df0c44d23460a9e2ad18d4fa84b, findElement {using=css selector, value=div.dialog-container}]
Capabilities {acceptInsecureCerts: false, browserName: chrome, browserVersion: 106.0.5249.119, chrome: {chromedriverVersion: 106.0.5249.61 (511755355844..., userDataDir: C:\Temp\scoped_dir1520_8616...}, goog:chromeOptions: {debuggerAddress: localhost:59794}, networkConnectionEnabled: false, pageLoadStrategy: normal, platformName: WINDOWS, proxy: Proxy(), se:cdp: ws://localhost:59794/devtoo..., se:cdpVersion: 106.0.5249.119, setWindowRect: true, strictFileInteractability: false, timeouts: {implicit: 0, pageLoad: 300000, script: 30000}, unhandledPromptBehavior: dismiss and notify, webauthn:extension:credBlob: true, webauthn:extension:largeBlob: true, webauthn:virtualAuthenticators: true}
Session ID: a2bc2df0c44d23460a9e2ad18d4fa84b
10:53:12.012  INFO  manager.ListenerWD - Screen with error is 1208___src/test/screenshots/screen1208.png
10:53:12.249  INFO  manager.ListenerWD - Before find element by ---> By.xpath: //button[text()='Search cars']
10:53:17.318  INFO  manager.ListenerWD - We have a 'problem'
10:53:17.319  INFO  manager.ListenerWD - The name of error method findElement
10:53:17.320  INFO  manager.ListenerWD - Describe of error org.openqa.selenium.NoSuchElementException: no such element: Unable to locate element: {"method":"xpath","selector":"//button[text()='Search cars']"}
  (Session info: chrome=106.0.5249.119)
For documentation on this error, please visit: https://selenium.dev/exceptions/#no_such_element
Build info: version: '4.4.0', revision: 'e5c75ed026a'
System info: host: 'DESKTOP-FMI0Q92', ip: '192.168.137.1', os.name: 'Windows 10', os.arch: 'amd64', os.version: '10.0', java.version: '11.0.16.1'
Driver info: org.openqa.selenium.chrome.ChromeDriver
Command: [a2bc2df0c44d23460a9e2ad18d4fa84b, findElement {using=xpath, value=//button[text()='Search cars']}]
Capabilities {acceptInsecureCerts: false, browserName: chrome, browserVersion: 106.0.5249.119, chrome: {chromedriverVersion: 106.0.5249.61 (511755355844..., userDataDir: C:\Temp\scoped_dir1520_8616...}, goog:chromeOptions: {debuggerAddress: localhost:59794}, networkConnectionEnabled: false, pageLoadStrategy: normal, platformName: WINDOWS, proxy: Proxy(), se:cdp: ws://localhost:59794/devtoo..., se:cdpVersion: 106.0.5249.119, setWindowRect: true, strictFileInteractability: false, timeouts: {implicit: 0, pageLoad: 300000, script: 30000}, unhandledPromptBehavior: dismiss and notify, webauthn:extension:credBlob: true, webauthn:extension:largeBlob: true, webauthn:virtualAuthenticators: true}
Session ID: a2bc2df0c44d23460a9e2ad18d4fa84b
10:53:17.321  INFO  manager.ListenerWD - Screen with error is 1954___src/test/screenshots/screen1954.png
