11:10:33.317  INFO  manager.ApplicationManager - Chrome Driver was opened
11:10:34.703  INFO  manager.ApplicationManager - All tests start in  ChromeDriver
11:10:37.073  INFO  manager.ApplicationManager - The current url is --->https://ilcarro-1578153671498.web.app/search
11:10:37.210  INFO  TestBase - Start Method with name --->searchAnyPeriod
11:10:37.238  INFO  manager.ListenerWD - Before find element by ---> By.id: city
11:10:37.304  INFO  manager.ListenerWD - After find element by ---> By.id: city
11:10:37.644  INFO  manager.ListenerWD - Before find element by ---> By.cssSelector: div.pac-item
11:10:37.996  INFO  manager.ListenerWD - After find element by ---> By.cssSelector: div.pac-item
11:10:38.080  INFO  manager.ListenerWD - Before find element by ---> By.id: dates
11:10:38.128  INFO  manager.ListenerWD - After find element by ---> By.id: dates
11:10:38.402  INFO  manager.HelperBase - year:   2022
11:10:38.403  INFO  manager.HelperBase - day of month:   24
11:10:38.404  INFO  manager.HelperBase - month value:   10
11:10:38.405  INFO  manager.ListenerWD - Before find element by ---> By.cssSelector: button[aria-label='Next month']
11:10:38.456  INFO  manager.ListenerWD - After find element by ---> By.cssSelector: button[aria-label='Next month']
11:10:38.676  INFO  manager.ListenerWD - Before find element by ---> By.cssSelector: button[aria-label='Next month']
11:10:38.724  INFO  manager.ListenerWD - After find element by ---> By.cssSelector: button[aria-label='Next month']
11:10:38.829  INFO  manager.ListenerWD - Before find element by ---> By.cssSelector: button[aria-label='Next month']
11:10:38.879  INFO  manager.ListenerWD - After find element by ---> By.cssSelector: button[aria-label='Next month']
11:10:38.990  INFO  manager.ListenerWD - Before find element by ---> By.cssSelector: button[aria-label='Next month']
11:10:39.040  INFO  manager.ListenerWD - After find element by ---> By.cssSelector: button[aria-label='Next month']
11:10:39.198  INFO  manager.ListenerWD - Before find element by ---> By.xpath: //div[text()=' 20 ']
11:10:39.246  INFO  manager.ListenerWD - After find element by ---> By.xpath: //div[text()=' 20 ']
11:10:39.407  INFO  manager.ListenerWD - Before find element by ---> By.cssSelector: button[aria-label='Next month']
11:10:39.457  INFO  manager.ListenerWD - After find element by ---> By.cssSelector: button[aria-label='Next month']
11:10:39.596  INFO  manager.ListenerWD - Before find element by ---> By.cssSelector: button[aria-label='Next month']
11:10:39.642  INFO  manager.ListenerWD - After find element by ---> By.cssSelector: button[aria-label='Next month']
11:10:39.769  INFO  manager.ListenerWD - Before find element by ---> By.cssSelector: button[aria-label='Next month']
11:10:39.806  INFO  manager.ListenerWD - After find element by ---> By.cssSelector: button[aria-label='Next month']
11:10:39.956  INFO  manager.ListenerWD - Before find element by ---> By.cssSelector: button[aria-label='Next month']
11:10:39.994  INFO  manager.ListenerWD - After find element by ---> By.cssSelector: button[aria-label='Next month']
11:10:40.108  INFO  manager.ListenerWD - Before find element by ---> By.xpath: //div[text()=' 10 ']
11:10:40.155  INFO  manager.ListenerWD - After find element by ---> By.xpath: //div[text()=' 10 ']
11:10:40.874  INFO  manager.ListenerWD - Before find element by ---> By.cssSelector: [type='submit']
11:10:40.912  INFO  manager.ListenerWD - After find element by ---> By.cssSelector: [type='submit']
11:10:40.934  INFO  manager.ListenerWD - Before find element by ---> By.cssSelector: button[type='submit']
11:10:40.970  INFO  manager.ListenerWD - After find element by ---> By.cssSelector: button[type='submit']
11:10:41.034  INFO  manager.ListenerWD - Before find element by ---> By.cssSelector: button[type='submit']
11:10:41.059  INFO  manager.ListenerWD - After find element by ---> By.cssSelector: button[type='submit']
11:10:41.256  INFO  manager.ListenerWD - before find elements by ---> By.cssSelector: a.car-container
11:10:42.475  INFO  manager.ListenerWD - After find elements by ---> By.cssSelector: a.car-container
11:10:42.476  INFO  manager.ListenerWD - List size is ---->10
11:10:42.488  INFO  manager.ListenerWD - Before find element by ---> By.cssSelector: .navigation-link[href='/search']
11:10:42.527  INFO  manager.ListenerWD - After find element by ---> By.cssSelector: .navigation-link[href='/search']
11:10:42.741  INFO  manager.HelperBase - We returned to Search Page
11:10:42.746  INFO  TestBase - Start Method with name --->searchCurrentMonthSuccess
11:10:42.748  INFO  manager.ListenerWD - Before find element by ---> By.id: city
11:10:42.812  INFO  manager.ListenerWD - After find element by ---> By.id: city
11:10:43.378  INFO  manager.ListenerWD - Before find element by ---> By.cssSelector: div.pac-item
11:10:43.445  INFO  manager.ListenerWD - After find element by ---> By.cssSelector: div.pac-item
11:10:43.538  INFO  manager.ListenerWD - Before find element by ---> By.id: dates
11:10:43.567  INFO  manager.ListenerWD - After find element by ---> By.id: dates
11:10:43.772  INFO  manager.ListenerWD - Before find element by ---> By.xpath: //div[text()=' 25 ']
11:10:43.812  INFO  manager.ListenerWD - After find element by ---> By.xpath: //div[text()=' 25 ']
11:10:45.942  INFO  manager.ListenerWD - Before find element by ---> By.xpath: //div[text()=' 30 ']
11:10:51.042  INFO  manager.ListenerWD - We have a 'problem'
11:10:51.043  INFO  manager.ListenerWD - The name of error method findElement
11:10:51.049  INFO  manager.ListenerWD - Describe of error org.openqa.selenium.NoSuchElementException: no such element: Unable to locate element: {"method":"xpath","selector":"//div[text()=' 30 ']"}
  (Session info: chrome=106.0.5249.119)
For documentation on this error, please visit: https://selenium.dev/exceptions/#no_such_element
Build info: version: '4.4.0', revision: 'e5c75ed026a'
System info: host: 'DESKTOP-FMI0Q92', ip: '192.168.1.209', os.name: 'Windows 10', os.arch: 'amd64', os.version: '10.0', java.version: '11.0.16.1'
Driver info: org.openqa.selenium.chrome.ChromeDriver
Command: [cf47e865d26b65a24cb03da613884a0b, findElement {using=xpath, value=//div[text()=' 30 ']}]
Capabilities {acceptInsecureCerts: false, browserName: chrome, browserVersion: 106.0.5249.119, chrome: {chromedriverVersion: 106.0.5249.61 (511755355844..., userDataDir: C:\Temp\scoped_dir24620_110...}, goog:chromeOptions: {debuggerAddress: localhost:49463}, networkConnectionEnabled: false, pageLoadStrategy: normal, platformName: WINDOWS, proxy: Proxy(), se:cdp: ws://localhost:49463/devtoo..., se:cdpVersion: 106.0.5249.119, setWindowRect: true, strictFileInteractability: false, timeouts: {implicit: 0, pageLoad: 300000, script: 30000}, unhandledPromptBehavior: dismiss and notify, webauthn:extension:credBlob: true, webauthn:extension:largeBlob: true, webauthn:virtualAuthenticators: true}
Session ID: cf47e865d26b65a24cb03da613884a0b
11:10:51.056  INFO  manager.ListenerWD - Screen with error is 1438___src/test/screenshots/screen1438.png
11:10:51.992  INFO  manager.ListenerWD - Before find element by ---> By.cssSelector: .navigation-link[href='/search']
11:10:52.021  INFO  manager.ListenerWD - After find element by ---> By.cssSelector: .navigation-link[href='/search']
11:10:53.092  INFO  manager.ListenerWD - We have a 'problem'
11:10:53.092  INFO  manager.ListenerWD - The name of error method click
11:10:53.093  INFO  manager.ListenerWD - Describe of error org.openqa.selenium.ElementClickInterceptedException: element click intercepted: Element <a _ngcontent-rmi-c25="" class="navigation-link" id="0" href="/search">...</a> is not clickable at point (729, 34). Other element would receive the click: <div class="cdk-overlay-backdrop mat-overlay-transparent-backdrop cdk-overlay-backdrop-showing"></div>
  (Session info: chrome=106.0.5249.119)
Build info: version: '4.4.0', revision: 'e5c75ed026a'
System info: host: 'DESKTOP-FMI0Q92', ip: '192.168.1.209', os.name: 'Windows 10', os.arch: 'amd64', os.version: '10.0', java.version: '11.0.16.1'
Driver info: org.openqa.selenium.chrome.ChromeDriver
Command: [cf47e865d26b65a24cb03da613884a0b, clickElement {id=86865245-2dc0-41ee-92c6-92fc0286cdbd}]
Capabilities {acceptInsecureCerts: false, browserName: chrome, browserVersion: 106.0.5249.119, chrome: {chromedriverVersion: 106.0.5249.61 (511755355844..., userDataDir: C:\Temp\scoped_dir24620_110...}, goog:chromeOptions: {debuggerAddress: localhost:49463}, networkConnectionEnabled: false, pageLoadStrategy: normal, platformName: WINDOWS, proxy: Proxy(), se:cdp: ws://localhost:49463/devtoo..., se:cdpVersion: 106.0.5249.119, setWindowRect: true, strictFileInteractability: false, timeouts: {implicit: 0, pageLoad: 300000, script: 30000}, unhandledPromptBehavior: dismiss and notify, webauthn:extension:credBlob: true, webauthn:extension:largeBlob: true, webauthn:virtualAuthenticators: true}
Element: [[ChromeDriver: chrome on WINDOWS (cf47e865d26b65a24cb03da613884a0b)] -> css selector: .navigation-link[href='/search']]
Session ID: cf47e865d26b65a24cb03da613884a0b
11:10:53.095  INFO  manager.ListenerWD - Screen with error is 1189___src/test/screenshots/screen1189.png
