11:27:16.650  INFO  manager.ApplicationManager - All tests start in  ChromeDriver
11:27:21.403  INFO  manager.ApplicationManager - The current url is --->https://ilcarro-1578153671498.web.app/search
11:27:21.531  INFO  TestBase - Start Method with name --->addCarSuccess
11:27:21.537  INFO  manager.ListenerWD - before find elements by ---> By.xpath: //a[text()=' Logout ']
11:27:26.594  INFO  manager.ListenerWD - After find elements by ---> By.xpath: //a[text()=' Logout ']
11:27:26.595  INFO  manager.ListenerWD - List size is ---->0
11:27:26.603  INFO  manager.ListenerWD - Before find element by ---> By.cssSelector: a[href ^='/login']
11:27:26.687  INFO  manager.ListenerWD - After find element by ---> By.cssSelector: a[href ^='/login']
11:27:26.884  INFO  manager.ListenerWD - Before find element by ---> By.id: email
11:27:26.981  INFO  manager.ListenerWD - After find element by ---> By.id: email
11:27:27.567  INFO  manager.ListenerWD - Before find element by ---> By.id: password
11:27:27.627  INFO  manager.ListenerWD - After find element by ---> By.id: password
11:27:28.031  INFO  manager.ListenerWD - Before find element by ---> By.cssSelector: [type='submit']
11:27:28.094  INFO  manager.ListenerWD - After find element by ---> By.cssSelector: [type='submit']
11:27:28.132  INFO  manager.ListenerWD - Before find element by ---> By.cssSelector: button[type='submit']
11:27:28.205  INFO  manager.ListenerWD - After find element by ---> By.cssSelector: button[type='submit']
11:27:28.358  INFO  manager.ListenerWD - Before find element by ---> By.cssSelector: button[type='submit']
11:27:28.424  INFO  manager.ListenerWD - After find element by ---> By.cssSelector: button[type='submit']
11:27:28.535  INFO  manager.ListenerWD - before find elements by ---> By.xpath: //button[text()='Ok']
11:27:29.233  INFO  manager.ListenerWD - After find elements by ---> By.xpath: //button[text()='Ok']
11:27:29.235  INFO  manager.ListenerWD - List size is ---->1
11:27:29.237  INFO  manager.ListenerWD - Before find element by ---> By.xpath: //button[text()='Ok']
11:27:29.315  INFO  manager.ListenerWD - After find element by ---> By.xpath: //button[text()='Ok']
11:27:29.410  INFO  manager.HelperBase - Click OK button was needed
11:27:29.437  INFO  TestBase - The login was needed with user : User{name='null', lastname='null', email='nik@gmail.com', password='123589$Nik', phone='null'}
11:27:29.607  INFO  TestBase - The test used car model : Car(location=Haifa,Israel, make=BMW, model=M5, year=2020, engine=2.5, fuel=Petrol, gear=AT, wD=AWD, doors=5, seats=4, clasS=C, fuelConsumption=6.5, carRegistrationNumber=11-000-761, price=65, distanceIncluded=800, features=Type of features, about=very nice car)
11:27:34.614  INFO  manager.ListenerWD - Before find element by ---> By.id: 1
11:27:34.671  INFO  manager.ListenerWD - After find element by ---> By.id: 1
11:27:34.949  INFO  manager.ListenerWD - Before find element by ---> By.id: pickUpPlace
11:27:35.014  INFO  manager.ListenerWD - After find element by ---> By.id: pickUpPlace
11:27:35.392  INFO  manager.ListenerWD - Before find element by ---> By.cssSelector: div.pac-item
11:27:35.788  INFO  manager.ListenerWD - After find element by ---> By.cssSelector: div.pac-item
11:27:36.468  INFO  manager.ListenerWD - Before find element by ---> By.id: make
11:27:36.521  INFO  manager.ListenerWD - After find element by ---> By.id: make
11:27:36.773  INFO  manager.ListenerWD - Before find element by ---> By.id: model
11:27:36.823  INFO  manager.ListenerWD - After find element by ---> By.id: model
11:27:37.080  INFO  manager.ListenerWD - Before find element by ---> By.id: year
11:27:37.149  INFO  manager.ListenerWD - After find element by ---> By.id: year
11:27:37.521  INFO  manager.ListenerWD - Before find element by ---> By.id: engine
11:27:37.575  INFO  manager.ListenerWD - After find element by ---> By.id: engine
11:27:37.842  INFO  manager.ListenerWD - Before find element by ---> By.id: fuel
11:27:37.894  INFO  manager.ListenerWD - After find element by ---> By.id: fuel
11:27:38.064  INFO  manager.ListenerWD - Before find element by ---> By.id: gear
11:27:38.128  INFO  manager.ListenerWD - After find element by ---> By.id: gear
11:27:38.477  INFO  manager.ListenerWD - Before find element by ---> By.id: wheelsDrive
11:27:38.547  INFO  manager.ListenerWD - After find element by ---> By.id: wheelsDrive
11:27:38.883  INFO  manager.ListenerWD - Before find element by ---> By.id: doors
11:27:38.983  INFO  manager.ListenerWD - After find element by ---> By.id: doors
11:27:39.328  INFO  manager.ListenerWD - Before find element by ---> By.id: seats
11:27:39.382  INFO  manager.ListenerWD - After find element by ---> By.id: seats
11:27:39.697  INFO  manager.ListenerWD - Before find element by ---> By.id: class
11:27:39.754  INFO  manager.ListenerWD - After find element by ---> By.id: class
11:27:40.048  INFO  manager.ListenerWD - Before find element by ---> By.id: fuelConsumption
11:27:40.102  INFO  manager.ListenerWD - After find element by ---> By.id: fuelConsumption
11:27:40.622  INFO  manager.ListenerWD - Before find element by ---> By.id: serialNumber
11:27:40.656  INFO  manager.ListenerWD - After find element by ---> By.id: serialNumber
11:27:41.003  INFO  manager.ListenerWD - Before find element by ---> By.id: price
11:27:41.064  INFO  manager.ListenerWD - After find element by ---> By.id: price
11:27:41.398  INFO  manager.ListenerWD - Before find element by ---> By.id: distance
11:27:41.469  INFO  manager.ListenerWD - After find element by ---> By.id: distance
11:27:41.975  INFO  manager.ListenerWD - Before find element by ---> By.cssSelector: .feature-input
11:27:42.024  INFO  manager.ListenerWD - After find element by ---> By.cssSelector: .feature-input
11:27:42.247  INFO  manager.ListenerWD - Before find element by ---> By.id: about
11:27:42.294  INFO  manager.ListenerWD - After find element by ---> By.id: about
11:27:42.640  INFO  manager.ListenerWD - Before find element by ---> By.id: photos
11:27:42.755  INFO  manager.ListenerWD - After find element by ---> By.id: photos
11:27:42.844  INFO  manager.ListenerWD - Before find element by ---> By.cssSelector: [type='submit']
11:27:42.887  INFO  manager.ListenerWD - After find element by ---> By.cssSelector: [type='submit']
11:27:42.907  INFO  manager.ListenerWD - Before find element by ---> By.cssSelector: div.dialog-container
11:27:47.961  INFO  manager.ListenerWD - We have a 'problem'
11:27:47.962  INFO  manager.ListenerWD - The name of error method findElement
11:27:47.973  INFO  manager.ListenerWD - Describe of error org.openqa.selenium.NoSuchElementException: no such element: Unable to locate element: {"method":"css selector","selector":"div.dialog-container"}
  (Session info: chrome=106.0.5249.119)
For documentation on this error, please visit: https://selenium.dev/exceptions/#no_such_element
Build info: version: '4.4.0', revision: 'e5c75ed026a'
System info: host: 'DESKTOP-FMI0Q92', ip: '192.168.137.1', os.name: 'Windows 10', os.arch: 'amd64', os.version: '10.0', java.version: '11.0.16.1'
Driver info: org.openqa.selenium.chrome.ChromeDriver
Command: [c1eb0cd9df24ad78aeff4175ea118b46, findElement {using=css selector, value=div.dialog-container}]
Capabilities {acceptInsecureCerts: false, browserName: chrome, browserVersion: 106.0.5249.119, chrome: {chromedriverVersion: 106.0.5249.61 (511755355844..., userDataDir: C:\Temp\scoped_dir16152_195...}, goog:chromeOptions: {debuggerAddress: localhost:52168}, networkConnectionEnabled: false, pageLoadStrategy: normal, platformName: WINDOWS, proxy: Proxy(), se:cdp: ws://localhost:52168/devtoo..., se:cdpVersion: 106.0.5249.119, setWindowRect: true, strictFileInteractability: false, timeouts: {implicit: 0, pageLoad: 300000, script: 30000}, unhandledPromptBehavior: dismiss and notify, webauthn:extension:credBlob: true, webauthn:extension:largeBlob: true, webauthn:virtualAuthenticators: true}
Session ID: c1eb0cd9df24ad78aeff4175ea118b46
11:27:47.987  INFO  manager.ListenerWD - Screen with error is 1977___src/test/screenshots/screen1977.png
11:27:48.327  INFO  manager.ListenerWD - Before find element by ---> By.xpath: //button[text()='Search cars']
11:27:53.431  INFO  manager.ListenerWD - We have a 'problem'
11:27:53.432  INFO  manager.ListenerWD - The name of error method findElement
11:27:53.434  INFO  manager.ListenerWD - Describe of error org.openqa.selenium.NoSuchElementException: no such element: Unable to locate element: {"method":"xpath","selector":"//button[text()='Search cars']"}
  (Session info: chrome=106.0.5249.119)
For documentation on this error, please visit: https://selenium.dev/exceptions/#no_such_element
Build info: version: '4.4.0', revision: 'e5c75ed026a'
System info: host: 'DESKTOP-FMI0Q92', ip: '192.168.137.1', os.name: 'Windows 10', os.arch: 'amd64', os.version: '10.0', java.version: '11.0.16.1'
Driver info: org.openqa.selenium.chrome.ChromeDriver
Command: [c1eb0cd9df24ad78aeff4175ea118b46, findElement {using=xpath, value=//button[text()='Search cars']}]
Capabilities {acceptInsecureCerts: false, browserName: chrome, browserVersion: 106.0.5249.119, chrome: {chromedriverVersion: 106.0.5249.61 (511755355844..., userDataDir: C:\Temp\scoped_dir16152_195...}, goog:chromeOptions: {debuggerAddress: localhost:52168}, networkConnectionEnabled: false, pageLoadStrategy: normal, platformName: WINDOWS, proxy: Proxy(), se:cdp: ws://localhost:52168/devtoo..., se:cdpVersion: 106.0.5249.119, setWindowRect: true, strictFileInteractability: false, timeouts: {implicit: 0, pageLoad: 300000, script: 30000}, unhandledPromptBehavior: dismiss and notify, webauthn:extension:credBlob: true, webauthn:extension:largeBlob: true, webauthn:virtualAuthenticators: true}
Session ID: c1eb0cd9df24ad78aeff4175ea118b46
11:27:53.436  INFO  manager.ListenerWD - Screen with error is 1771___src/test/screenshots/screen1771.png
