09:45:56.849  INFO  manager.ApplicationManager - Chrome Driver was opened
09:45:57.733  INFO  manager.ApplicationManager - All tests start in  ChromeDriver
09:46:02.564  INFO  manager.ApplicationManager - The current url is --->https://ilcarro-1578153671498.web.app/search
09:46:02.626  INFO  TestBase - Start Method with name --->negativeWrongPassword
09:46:02.628  INFO  manager.ListenerWD - before find elements by ---> By.xpath: //a[text()=' Logout ']
09:46:07.655  INFO  manager.ListenerWD - After find elements by ---> By.xpath: //a[text()=' Logout ']
09:46:07.655  INFO  manager.ListenerWD - List size is ---->0
09:46:07.689  INFO  TestBase - Login negative scenario with wrong password was used dataUser{name='null', lastname='null', email='nik@gmail.com', password='Wwow12345$', phone='null'}
09:46:07.690  INFO  manager.ListenerWD - Before find element by ---> By.cssSelector: a[href ^='/login']
09:46:07.740  INFO  manager.ListenerWD - After find element by ---> By.cssSelector: a[href ^='/login']
09:46:07.856  INFO  manager.ListenerWD - Before find element by ---> By.id: email
09:46:07.912  INFO  manager.ListenerWD - After find element by ---> By.id: email
09:46:08.179  INFO  manager.ListenerWD - Before find element by ---> By.id: password
09:46:08.258  INFO  manager.ListenerWD - After find element by ---> By.id: password
09:46:08.533  INFO  manager.ListenerWD - Before find element by ---> By.cssSelector: button[type='submit']
09:46:08.596  INFO  manager.ListenerWD - After find element by ---> By.cssSelector: button[type='submit']
09:46:08.689  INFO  manager.ListenerWD - Before find element by ---> By.cssSelector: button[type='submit']
09:46:08.717  INFO  manager.ListenerWD - After find element by ---> By.cssSelector: button[type='submit']
09:46:08.785  INFO  manager.ListenerWD - Before find element by ---> By.cssSelector: div.dialog-container
09:46:09.186  INFO  manager.ListenerWD - After find element by ---> By.cssSelector: div.dialog-container
09:46:09.234  INFO  manager.ListenerWD - Before find element by ---> By.cssSelector: h2.message
09:46:09.272  INFO  manager.ListenerWD - After find element by ---> By.cssSelector: h2.message
09:46:09.303  INFO  manager.ListenerWD - Before find element by ---> By.cssSelector: div.dialog-container
09:46:09.338  INFO  manager.ListenerWD - After find element by ---> By.cssSelector: div.dialog-container
09:46:09.371  INFO  manager.ListenerWD - Before find element by ---> By.cssSelector: div.dialog-container>h1
09:46:09.467  INFO  manager.ListenerWD - After find element by ---> By.cssSelector: div.dialog-container>h1
09:46:09.497  INFO  TestBase - In assert checked message 'Authorization error' & 'Wrong email or password' in dialog  
09:46:09.501  INFO  manager.ListenerWD - before find elements by ---> By.xpath: //button[text()='Ok']
09:46:09.570  INFO  manager.ListenerWD - After find elements by ---> By.xpath: //button[text()='Ok']
09:46:09.572  INFO  manager.ListenerWD - List size is ---->1
09:46:09.575  INFO  manager.ListenerWD - Before find element by ---> By.xpath: //button[text()='Ok']
09:46:09.648  INFO  manager.ListenerWD - After find element by ---> By.xpath: //button[text()='Ok']
09:46:09.712  INFO  manager.HelperBase - Click OK button was needed
