12:27:35.857  INFO  manager.ApplicationManager - Chrome Driver was opened
12:27:36.948  INFO  manager.ApplicationManager - All tests start in  ChromeDriver
12:27:42.907  INFO  manager.ApplicationManager - The current url is --->https://ilcarro-1578153671498.web.app/search
12:27:42.991  INFO  TestBase - Start Method with name --->searchNextMonthSuccess
12:27:42.996  INFO  manager.ListenerWD - Before find element by ---> By.id: city
12:27:43.044  INFO  manager.ListenerWD - After find element by ---> By.id: city
12:27:43.327  INFO  manager.ListenerWD - Before find element by ---> By.cssSelector: div.pac-item
12:27:43.892  INFO  manager.ListenerWD - After find element by ---> By.cssSelector: div.pac-item
12:27:45.992  INFO  manager.ListenerWD - Before find element by ---> By.cssSelector: [aria-label = 'Next month']
12:27:51.044  INFO  manager.ListenerWD - We have a 'problem'
12:27:51.045  INFO  manager.ListenerWD - The name of error method findElement
12:27:51.054  INFO  manager.ListenerWD - Describe of error org.openqa.selenium.NoSuchElementException: no such element: Unable to locate element: {"method":"css selector","selector":"[aria-label = 'Next month']"}
  (Session info: chrome=106.0.5249.119)
For documentation on this error, please visit: https://selenium.dev/exceptions/#no_such_element
Build info: version: '4.4.0', revision: 'e5c75ed026a'
System info: host: 'DESKTOP-FMI0Q92', ip: '192.168.1.209', os.name: 'Windows 10', os.arch: 'amd64', os.version: '10.0', java.version: '11.0.16.1'
Driver info: org.openqa.selenium.chrome.ChromeDriver
Command: [2b9985765759acb1e742c8c48055b3b8, findElement {using=css selector, value=[aria-label = 'Next month']}]
Capabilities {acceptInsecureCerts: false, browserName: chrome, browserVersion: 106.0.5249.119, chrome: {chromedriverVersion: 106.0.5249.61 (511755355844..., userDataDir: C:\Temp\scoped_dir16392_140...}, goog:chromeOptions: {debuggerAddress: localhost:63810}, networkConnectionEnabled: false, pageLoadStrategy: normal, platformName: WINDOWS, proxy: Proxy(), se:cdp: ws://localhost:63810/devtoo..., se:cdpVersion: 106.0.5249.119, setWindowRect: true, strictFileInteractability: false, timeouts: {implicit: 0, pageLoad: 300000, script: 30000}, unhandledPromptBehavior: dismiss and notify, webauthn:extension:credBlob: true, webauthn:extension:largeBlob: true, webauthn:virtualAuthenticators: true}
Session ID: 2b9985765759acb1e742c8c48055b3b8
12:27:51.062  INFO  manager.ListenerWD - Screen with error is 1135___src/test/screenshots/screen1135.png
