13:24:11.124  INFO  manager.ApplicationManager - Chrome Driver was opened
13:24:12.534  INFO  manager.ApplicationManager - All tests start in  ChromeDriver
13:24:15.306  INFO  manager.ApplicationManager - The current url is --->https://ilcarro-1578153671498.web.app/search
13:24:15.561  INFO  TestBase - Start Method with name --->addCarSuccess
13:24:15.565  INFO  manager.ListenerWD - before find elements by ---> By.xpath: //a[text()=' Logout ']
13:24:20.652  INFO  manager.ListenerWD - After find elements by ---> By.xpath: //a[text()=' Logout ']
13:24:20.653  INFO  manager.ListenerWD - List size is ---->0
13:24:20.659  INFO  manager.ListenerWD - Before find element by ---> By.cssSelector: a[href ^='/login']
13:24:20.729  INFO  manager.ListenerWD - After find element by ---> By.cssSelector: a[href ^='/login']
13:24:20.861  INFO  manager.ListenerWD - Before find element by ---> By.id: email
13:24:20.934  INFO  manager.ListenerWD - After find element by ---> By.id: email
13:24:21.297  INFO  manager.ListenerWD - Before find element by ---> By.id: password
13:24:21.353  INFO  manager.ListenerWD - After find element by ---> By.id: password
13:24:21.670  INFO  manager.ListenerWD - Before find element by ---> By.cssSelector: button[type='submit']
13:24:21.748  INFO  manager.ListenerWD - After find element by ---> By.cssSelector: button[type='submit']
13:24:21.859  INFO  manager.ListenerWD - Before find element by ---> By.cssSelector: button[type='submit']
13:24:21.898  INFO  manager.ListenerWD - After find element by ---> By.cssSelector: button[type='submit']
13:24:21.992  INFO  manager.ListenerWD - before find elements by ---> By.xpath: //button[text()='Ok']
13:24:22.711  INFO  manager.ListenerWD - After find elements by ---> By.xpath: //button[text()='Ok']
13:24:22.712  INFO  manager.ListenerWD - List size is ---->1
13:24:22.713  INFO  manager.ListenerWD - Before find element by ---> By.xpath: //button[text()='Ok']
13:24:22.777  INFO  manager.ListenerWD - After find element by ---> By.xpath: //button[text()='Ok']
13:24:22.882  INFO  manager.HelperBase - Click OK button was needed
13:24:22.899  INFO  TestBase - The login was needed with user : User{name='null', lastname='null', email='nik@gmail.com', password='123589$Nik', phone='null'}
13:24:22.983  INFO  TestBase - The test used car model : Car(location=Haifa,Israel, make=BMW, model=M5, year=2020, engine=2.5, fuel=Petrol, gear=AT, wD=AWD, doors=5, seats=4, clasS=C, fuelConsumption=6.5, carRegistrationNumber=11-000-349, price=65, distanceIncluded=800, features=Type of features, about=very nice car)
13:24:27.985  INFO  manager.ListenerWD - Before find element by ---> By.id: 1
13:24:28.027  INFO  manager.ListenerWD - After find element by ---> By.id: 1
13:24:28.160  INFO  manager.ListenerWD - Before find element by ---> By.id: pickUpPlace
13:24:28.204  INFO  manager.ListenerWD - After find element by ---> By.id: pickUpPlace
13:24:28.426  INFO  manager.ListenerWD - Before find element by ---> By.cssSelector: div.pac-item
13:24:28.955  INFO  manager.ListenerWD - After find element by ---> By.cssSelector: div.pac-item
13:24:29.549  INFO  manager.ListenerWD - Before find element by ---> By.id: make
13:24:29.579  INFO  manager.ListenerWD - After find element by ---> By.id: make
13:24:29.777  INFO  manager.ListenerWD - Before find element by ---> By.id: model
13:24:29.817  INFO  manager.ListenerWD - After find element by ---> By.id: model
13:24:30.067  INFO  manager.ListenerWD - Before find element by ---> By.id: year
13:24:30.104  INFO  manager.ListenerWD - After find element by ---> By.id: year
13:24:30.368  INFO  manager.ListenerWD - Before find element by ---> By.id: engine
13:24:30.419  INFO  manager.ListenerWD - After find element by ---> By.id: engine
13:24:30.653  INFO  manager.ListenerWD - Before find element by ---> By.id: fuel
13:24:30.700  INFO  manager.ListenerWD - After find element by ---> By.id: fuel
13:24:30.878  INFO  manager.ListenerWD - Before find element by ---> By.id: gear
13:24:30.928  INFO  manager.ListenerWD - After find element by ---> By.id: gear
13:24:31.176  INFO  manager.ListenerWD - Before find element by ---> By.id: wheelsDrive
13:24:31.219  INFO  manager.ListenerWD - After find element by ---> By.id: wheelsDrive
13:24:31.439  INFO  manager.ListenerWD - Before find element by ---> By.id: doors
13:24:31.528  INFO  manager.ListenerWD - After find element by ---> By.id: doors
13:24:31.804  INFO  manager.ListenerWD - Before find element by ---> By.id: seats
13:24:31.841  INFO  manager.ListenerWD - After find element by ---> By.id: seats
13:24:32.064  INFO  manager.ListenerWD - Before find element by ---> By.id: class
13:24:32.100  INFO  manager.ListenerWD - After find element by ---> By.id: class
13:24:32.367  INFO  manager.ListenerWD - Before find element by ---> By.id: fuelConsumption
13:24:32.414  INFO  manager.ListenerWD - After find element by ---> By.id: fuelConsumption
13:24:32.687  INFO  manager.ListenerWD - Before find element by ---> By.id: serialNumber
13:24:32.729  INFO  manager.ListenerWD - After find element by ---> By.id: serialNumber
13:24:32.966  INFO  manager.ListenerWD - Before find element by ---> By.id: price
13:24:33.011  INFO  manager.ListenerWD - After find element by ---> By.id: price
13:24:33.315  INFO  manager.ListenerWD - Before find element by ---> By.id: distance
13:24:33.360  INFO  manager.ListenerWD - After find element by ---> By.id: distance
13:24:33.719  INFO  manager.ListenerWD - Before find element by ---> By.cssSelector: .feature-input
13:24:33.765  INFO  manager.ListenerWD - After find element by ---> By.cssSelector: .feature-input
13:24:33.966  INFO  manager.ListenerWD - Before find element by ---> By.id: about
13:24:33.992  INFO  manager.ListenerWD - After find element by ---> By.id: about
13:24:34.199  INFO  manager.ListenerWD - Before find element by ---> By.id: photos
13:24:34.230  INFO  manager.ListenerWD - After find element by ---> By.id: photos
13:24:34.300  INFO  manager.ListenerWD - Before find element by ---> By.cssSelector: button[type='submit']
13:24:34.327  INFO  manager.ListenerWD - After find element by ---> By.cssSelector: button[type='submit']
13:24:36.548  INFO  manager.ListenerWD - Before find element by ---> By.cssSelector: button[type='submit']
13:24:36.567  INFO  manager.ListenerWD - After find element by ---> By.cssSelector: button[type='submit']
13:24:36.629  INFO  manager.ListenerWD - Before find element by ---> By.cssSelector: div.dialog-container
13:24:38.689  INFO  manager.ListenerWD - After find element by ---> By.cssSelector: div.dialog-container
13:24:38.728  INFO  manager.ListenerWD - Before find element by ---> By.cssSelector: div.dialog-container>h1
13:24:38.767  INFO  manager.ListenerWD - After find element by ---> By.cssSelector: div.dialog-container>h1
13:24:38.797  INFO  TestBase - In assert checked message 'Car added' in dialog  
13:24:38.802  INFO  manager.ListenerWD - Before find element by ---> By.xpath: //button[text()='Search cars']
13:24:38.850  INFO  manager.ListenerWD - After find element by ---> By.xpath: //button[text()='Search cars']
13:24:38.916  INFO  manager.HelperBase - We returned to Home Page
