10:06:53.748  INFO  manager.ApplicationManager - All tests start in  ChromeDriver
10:06:57.420  INFO  manager.ApplicationManager - The current url is --->https://ilcarro-1578153671498.web.app/search
10:06:57.570  INFO  TestBase - Start Method with name --->addCarSuccess
10:06:57.577  INFO  manager.ListenerWD - before find elements by ---> By.xpath: //a[text()=' Logout ']
10:07:02.605  INFO  manager.ListenerWD - After find elements by ---> By.xpath: //a[text()=' Logout ']
10:07:02.605  INFO  manager.ListenerWD - List size is ---->0
10:07:02.606  INFO  manager.ListenerWD - Before find element by ---> By.cssSelector: a[href ^='/login']
10:07:02.653  INFO  manager.ListenerWD - After find element by ---> By.cssSelector: a[href ^='/login']
10:07:02.772  INFO  manager.ListenerWD - Before find element by ---> By.id: email
10:07:02.836  INFO  manager.ListenerWD - After find element by ---> By.id: email
10:07:03.179  INFO  manager.ListenerWD - Before find element by ---> By.id: password
10:07:03.243  INFO  manager.ListenerWD - After find element by ---> By.id: password
10:07:03.478  INFO  manager.ListenerWD - Before find element by ---> By.cssSelector: [type='submit']
10:07:03.541  INFO  manager.ListenerWD - After find element by ---> By.cssSelector: [type='submit']
10:07:03.574  INFO  manager.ListenerWD - Before find element by ---> By.cssSelector: button[type='submit']
10:07:03.626  INFO  manager.ListenerWD - After find element by ---> By.cssSelector: button[type='submit']
10:07:03.696  INFO  manager.ListenerWD - Before find element by ---> By.cssSelector: button[type='submit']
10:07:03.727  INFO  manager.ListenerWD - After find element by ---> By.cssSelector: button[type='submit']
10:07:03.801  INFO  manager.ListenerWD - before find elements by ---> By.xpath: //button[text()='Ok']
10:07:04.632  INFO  manager.ListenerWD - After find elements by ---> By.xpath: //button[text()='Ok']
10:07:04.632  INFO  manager.ListenerWD - List size is ---->1
10:07:04.634  INFO  manager.ListenerWD - Before find element by ---> By.xpath: //button[text()='Ok']
10:07:04.696  INFO  manager.ListenerWD - After find element by ---> By.xpath: //button[text()='Ok']
10:07:04.758  INFO  manager.HelperBase - Click OK button was needed
10:07:04.771  INFO  TestBase - The login was needed with user : User{name='null', lastname='null', email='nik@gmail.com', password='123589$Nik', phone='null'}
10:07:04.817  INFO  TestBase - The test used car model : Car(location=Haifa,Israel, make=BMW, model=M5, year=2020, engine=2.5, fuel=Petrol, gear=AT, wD=AWD, doors=5, seats=4, clasS=C, fuelConsumption=6.5, carRegistrationNumber=11-000-165, price=65, distanceIncluded=800, features=Type of features, about=very nice car)
10:07:09.819  INFO  manager.ListenerWD - Before find element by ---> By.id: 1
10:07:09.898  INFO  manager.ListenerWD - After find element by ---> By.id: 1
10:07:10.036  INFO  manager.ListenerWD - Before find element by ---> By.id: pickUpPlace
10:07:10.080  INFO  manager.ListenerWD - After find element by ---> By.id: pickUpPlace
10:07:10.308  INFO  manager.ListenerWD - Before find element by ---> By.cssSelector: div.pac-item
10:07:10.717  INFO  manager.ListenerWD - After find element by ---> By.cssSelector: div.pac-item
10:07:11.284  INFO  manager.ListenerWD - Before find element by ---> By.id: make
10:07:11.350  INFO  manager.ListenerWD - After find element by ---> By.id: make
10:07:11.523  INFO  manager.ListenerWD - Before find element by ---> By.id: model
10:07:11.555  INFO  manager.ListenerWD - After find element by ---> By.id: model
10:07:11.726  INFO  manager.ListenerWD - Before find element by ---> By.id: year
10:07:11.758  INFO  manager.ListenerWD - After find element by ---> By.id: year
10:07:11.956  INFO  manager.ListenerWD - Before find element by ---> By.id: engine
10:07:11.988  INFO  manager.ListenerWD - After find element by ---> By.id: engine
10:07:12.172  INFO  manager.ListenerWD - Before find element by ---> By.id: fuel
10:07:12.207  INFO  manager.ListenerWD - After find element by ---> By.id: fuel
10:07:12.324  INFO  manager.ListenerWD - Before find element by ---> By.id: gear
10:07:12.360  INFO  manager.ListenerWD - After find element by ---> By.id: gear
10:07:12.479  INFO  manager.ListenerWD - Before find element by ---> By.id: wheelsDrive
10:07:12.513  INFO  manager.ListenerWD - After find element by ---> By.id: wheelsDrive
10:07:12.710  INFO  manager.ListenerWD - Before find element by ---> By.id: doors
10:07:12.748  INFO  manager.ListenerWD - After find element by ---> By.id: doors
10:07:12.949  INFO  manager.ListenerWD - Before find element by ---> By.id: seats
10:07:12.985  INFO  manager.ListenerWD - After find element by ---> By.id: seats
10:07:13.199  INFO  manager.ListenerWD - Before find element by ---> By.id: class
10:07:13.235  INFO  manager.ListenerWD - After find element by ---> By.id: class
10:07:13.414  INFO  manager.ListenerWD - Before find element by ---> By.id: fuelConsumption
10:07:13.446  INFO  manager.ListenerWD - After find element by ---> By.id: fuelConsumption
10:07:13.690  INFO  manager.ListenerWD - Before find element by ---> By.id: serialNumber
10:07:13.721  INFO  manager.ListenerWD - After find element by ---> By.id: serialNumber
10:07:13.974  INFO  manager.ListenerWD - Before find element by ---> By.id: price
10:07:14.013  INFO  manager.ListenerWD - After find element by ---> By.id: price
10:07:14.237  INFO  manager.ListenerWD - Before find element by ---> By.id: distance
10:07:14.269  INFO  manager.ListenerWD - After find element by ---> By.id: distance
10:07:14.492  INFO  manager.ListenerWD - Before find element by ---> By.cssSelector: .feature-input
10:07:14.536  INFO  manager.ListenerWD - After find element by ---> By.cssSelector: .feature-input
10:07:14.745  INFO  manager.ListenerWD - Before find element by ---> By.id: about
10:07:14.771  INFO  manager.ListenerWD - After find element by ---> By.id: about
10:07:14.960  INFO  manager.ListenerWD - Before find element by ---> By.id: photos
10:07:14.986  INFO  manager.ListenerWD - After find element by ---> By.id: photos
10:07:15.054  INFO  manager.ListenerWD - Before find element by ---> By.cssSelector: [type='submit']
10:07:15.090  INFO  manager.ListenerWD - After find element by ---> By.cssSelector: [type='submit']
10:07:15.103  INFO  manager.ListenerWD - Before find element by ---> By.cssSelector: div.dialog-container
10:07:20.210  INFO  manager.ListenerWD - We have a 'problem'
10:07:20.212  INFO  manager.ListenerWD - The name of error method findElement
10:07:20.221  INFO  manager.ListenerWD - Describe of error org.openqa.selenium.NoSuchElementException: no such element: Unable to locate element: {"method":"css selector","selector":"div.dialog-container"}
  (Session info: chrome=106.0.5249.119)
For documentation on this error, please visit: https://selenium.dev/exceptions/#no_such_element
Build info: version: '4.4.0', revision: 'e5c75ed026a'
System info: host: 'DESKTOP-FMI0Q92', ip: '192.168.137.1', os.name: 'Windows 10', os.arch: 'amd64', os.version: '10.0', java.version: '11.0.16.1'
Driver info: org.openqa.selenium.chrome.ChromeDriver
Command: [91f493142df1ead5cab66d7a31d60e43, findElement {using=css selector, value=div.dialog-container}]
Capabilities {acceptInsecureCerts: false, browserName: chrome, browserVersion: 106.0.5249.119, chrome: {chromedriverVersion: 106.0.5249.61 (511755355844..., userDataDir: C:\Temp\scoped_dir22748_178...}, goog:chromeOptions: {debuggerAddress: localhost:58162}, networkConnectionEnabled: false, pageLoadStrategy: normal, platformName: WINDOWS, proxy: Proxy(), se:cdp: ws://localhost:58162/devtoo..., se:cdpVersion: 106.0.5249.119, setWindowRect: true, strictFileInteractability: false, timeouts: {implicit: 0, pageLoad: 300000, script: 30000}, unhandledPromptBehavior: dismiss and notify, webauthn:extension:credBlob: true, webauthn:extension:largeBlob: true, webauthn:virtualAuthenticators: true}
Session ID: 91f493142df1ead5cab66d7a31d60e43
10:07:20.227  INFO  manager.ListenerWD - Screen with error is 1666___src/test/screenshots/screen1666.png
10:07:20.444  INFO  manager.ListenerWD - Before find element by ---> By.xpath: //button[text()='Search cars']
10:07:25.478  INFO  manager.ListenerWD - We have a 'problem'
10:07:25.479  INFO  manager.ListenerWD - The name of error method findElement
10:07:25.481  INFO  manager.ListenerWD - Describe of error org.openqa.selenium.NoSuchElementException: no such element: Unable to locate element: {"method":"xpath","selector":"//button[text()='Search cars']"}
  (Session info: chrome=106.0.5249.119)
For documentation on this error, please visit: https://selenium.dev/exceptions/#no_such_element
Build info: version: '4.4.0', revision: 'e5c75ed026a'
System info: host: 'DESKTOP-FMI0Q92', ip: '192.168.137.1', os.name: 'Windows 10', os.arch: 'amd64', os.version: '10.0', java.version: '11.0.16.1'
Driver info: org.openqa.selenium.chrome.ChromeDriver
Command: [91f493142df1ead5cab66d7a31d60e43, findElement {using=xpath, value=//button[text()='Search cars']}]
Capabilities {acceptInsecureCerts: false, browserName: chrome, browserVersion: 106.0.5249.119, chrome: {chromedriverVersion: 106.0.5249.61 (511755355844..., userDataDir: C:\Temp\scoped_dir22748_178...}, goog:chromeOptions: {debuggerAddress: localhost:58162}, networkConnectionEnabled: false, pageLoadStrategy: normal, platformName: WINDOWS, proxy: Proxy(), se:cdp: ws://localhost:58162/devtoo..., se:cdpVersion: 106.0.5249.119, setWindowRect: true, strictFileInteractability: false, timeouts: {implicit: 0, pageLoad: 300000, script: 30000}, unhandledPromptBehavior: dismiss and notify, webauthn:extension:credBlob: true, webauthn:extension:largeBlob: true, webauthn:virtualAuthenticators: true}
Session ID: 91f493142df1ead5cab66d7a31d60e43
10:07:25.483  INFO  manager.ListenerWD - Screen with error is 1932___src/test/screenshots/screen1932.png
10:07:25.716  INFO  TestBase - Start Method with name --->LoginSuccessModels
10:07:25.718  INFO  manager.ListenerWD - before find elements by ---> By.xpath: //a[text()=' Logout ']
10:07:25.740  INFO  manager.ListenerWD - After find elements by ---> By.xpath: //a[text()=' Logout ']
10:07:25.740  INFO  manager.ListenerWD - List size is ---->1
10:07:25.740  INFO  manager.ListenerWD - Before find element by ---> By.xpath: //a[text()=' Logout ']
10:07:25.767  INFO  manager.ListenerWD - After find element by ---> By.xpath: //a[text()=' Logout ']
10:07:25.978  INFO  TestBase - The logout was needed 
10:07:25.980  INFO  TestBase - Login scenario success was used dataUser{name='null', lastname='null', email='nik@gmail.com', password='123589$Nik', phone='null'}
10:07:25.980  INFO  manager.ListenerWD - Before find element by ---> By.xpath: //a[text()='Log in']
10:07:26.055  INFO  manager.ListenerWD - After find element by ---> By.xpath: //a[text()='Log in']
10:07:26.833  INFO  manager.ListenerWD - Before find element by ---> By.id: email
10:07:26.861  INFO  manager.ListenerWD - After find element by ---> By.id: email
10:07:27.128  INFO  manager.ListenerWD - Before find element by ---> By.id: password
10:07:27.150  INFO  manager.ListenerWD - After find element by ---> By.id: password
10:07:27.413  INFO  manager.ListenerWD - Before find element by ---> By.cssSelector: [type='submit']
10:07:27.448  INFO  manager.ListenerWD - After find element by ---> By.cssSelector: [type='submit']
10:07:27.471  INFO  manager.ListenerWD - Before find element by ---> By.cssSelector: button[type='submit']
10:07:27.511  INFO  manager.ListenerWD - After find element by ---> By.cssSelector: button[type='submit']
10:07:27.563  INFO  manager.ListenerWD - Before find element by ---> By.cssSelector: button[type='submit']
10:07:27.586  INFO  manager.ListenerWD - After find element by ---> By.cssSelector: button[type='submit']
10:07:27.652  INFO  manager.ListenerWD - Before find element by ---> By.cssSelector: div.dialog-container
10:07:28.176  INFO  manager.ListenerWD - After find element by ---> By.cssSelector: div.dialog-container
10:07:28.204  INFO  manager.ListenerWD - Before find element by ---> By.cssSelector: h2.message
10:07:28.235  INFO  manager.ListenerWD - After find element by ---> By.cssSelector: h2.message
10:07:28.267  INFO  TestBase - In assert checked message 'Logged in success' in dialog  
10:07:28.269  INFO  manager.ListenerWD - before find elements by ---> By.xpath: //button[text()='Ok']
10:07:28.300  INFO  manager.ListenerWD - After find elements by ---> By.xpath: //button[text()='Ok']
10:07:28.300  INFO  manager.ListenerWD - List size is ---->1
10:07:28.301  INFO  manager.ListenerWD - Before find element by ---> By.xpath: //button[text()='Ok']
10:07:28.331  INFO  manager.ListenerWD - After find element by ---> By.xpath: //button[text()='Ok']
10:07:28.396  INFO  manager.HelperBase - Click OK button was needed
10:07:28.399  INFO  TestBase - Start Method with name --->negativeWrongEmail
10:07:28.400  INFO  manager.ListenerWD - before find elements by ---> By.xpath: //a[text()=' Logout ']
10:07:28.427  INFO  manager.ListenerWD - After find elements by ---> By.xpath: //a[text()=' Logout ']
10:07:28.428  INFO  manager.ListenerWD - List size is ---->1
10:07:28.429  INFO  manager.ListenerWD - Before find element by ---> By.xpath: //a[text()=' Logout ']
10:07:28.451  INFO  manager.ListenerWD - After find element by ---> By.xpath: //a[text()=' Logout ']
10:07:28.721  INFO  TestBase - The logout was needed 
10:07:28.723  INFO  TestBase - Login negative scenario with wrong email was used dataUser{name='null', lastname='null', email='nikgmail.com', password='123589$Nik', phone='null'}
10:07:28.725  INFO  manager.ListenerWD - Before find element by ---> By.cssSelector: a[href ^='/login']
10:07:28.753  INFO  manager.ListenerWD - After find element by ---> By.cssSelector: a[href ^='/login']
10:07:28.840  INFO  manager.ListenerWD - Before find element by ---> By.id: email
10:07:28.864  INFO  manager.ListenerWD - After find element by ---> By.id: email
10:07:29.058  INFO  manager.ListenerWD - Before find element by ---> By.id: password
10:07:29.081  INFO  manager.ListenerWD - After find element by ---> By.id: password
10:07:29.386  INFO  manager.ListenerWD - Before find element by ---> By.cssSelector: button[type='submit']
10:07:29.416  INFO  manager.ListenerWD - After find element by ---> By.cssSelector: button[type='submit']
10:07:29.474  INFO  manager.ListenerWD - Before find element by ---> By.cssSelector: div.error>div
10:07:29.494  INFO  manager.ListenerWD - After find element by ---> By.cssSelector: div.error>div
10:07:29.509  INFO  manager.ListenerWD - before find elements by ---> By.cssSelector: button[disabled]
10:07:29.531  INFO  manager.ListenerWD - After find elements by ---> By.cssSelector: button[disabled]
10:07:29.532  INFO  manager.ListenerWD - List size is ---->1
10:07:29.532  INFO  manager.ListenerWD - Before find element by ---> By.cssSelector: [type='submit']
10:07:29.547  INFO  manager.ListenerWD - After find element by ---> By.cssSelector: [type='submit']
10:07:29.558  INFO  TestBase - In assert checked error message 'It'snot look like email' under name field 
10:07:29.560  INFO  manager.ListenerWD - before find elements by ---> By.xpath: //button[text()='Ok']
10:07:34.633  INFO  manager.ListenerWD - After find elements by ---> By.xpath: //button[text()='Ok']
10:07:34.635  INFO  manager.ListenerWD - List size is ---->0
10:07:34.635  INFO  manager.HelperBase - Click OK button was needed
10:07:34.644  INFO  TestBase - Start Method with name --->negativeWrongPassword
10:07:34.650  INFO  manager.ListenerWD - before find elements by ---> By.xpath: //a[text()=' Logout ']
10:07:39.674  INFO  manager.ListenerWD - After find elements by ---> By.xpath: //a[text()=' Logout ']
10:07:39.675  INFO  manager.ListenerWD - List size is ---->0
10:07:39.687  INFO  TestBase - Login negative scenario with wrong password was used dataUser{name='null', lastname='null', email='nik@gmail.com', password='Wwow12345$', phone='null'}
10:07:39.690  INFO  manager.ListenerWD - Before find element by ---> By.cssSelector: a[href ^='/login']
10:07:39.723  INFO  manager.ListenerWD - After find element by ---> By.cssSelector: a[href ^='/login']
10:07:39.782  INFO  manager.ListenerWD - Before find element by ---> By.id: email
10:07:39.809  INFO  manager.ListenerWD - After find element by ---> By.id: email
10:07:39.978  INFO  manager.ListenerWD - Before find element by ---> By.id: password
10:07:40.005  INFO  manager.ListenerWD - After find element by ---> By.id: password
10:07:40.180  INFO  manager.ListenerWD - Before find element by ---> By.cssSelector: button[type='submit']
10:07:40.215  INFO  manager.ListenerWD - After find element by ---> By.cssSelector: button[type='submit']
10:07:40.262  INFO  manager.ListenerWD - Before find element by ---> By.cssSelector: div.dialog-container
10:07:45.342  INFO  manager.ListenerWD - We have a 'problem'
10:07:45.343  INFO  manager.ListenerWD - The name of error method findElement
10:07:45.344  INFO  manager.ListenerWD - Describe of error org.openqa.selenium.NoSuchElementException: no such element: Unable to locate element: {"method":"css selector","selector":"div.dialog-container"}
  (Session info: chrome=106.0.5249.119)
For documentation on this error, please visit: https://selenium.dev/exceptions/#no_such_element
Build info: version: '4.4.0', revision: 'e5c75ed026a'
System info: host: 'DESKTOP-FMI0Q92', ip: '192.168.137.1', os.name: 'Windows 10', os.arch: 'amd64', os.version: '10.0', java.version: '11.0.16.1'
Driver info: org.openqa.selenium.chrome.ChromeDriver
Command: [91f493142df1ead5cab66d7a31d60e43, findElement {using=css selector, value=div.dialog-container}]
Capabilities {acceptInsecureCerts: false, browserName: chrome, browserVersion: 106.0.5249.119, chrome: {chromedriverVersion: 106.0.5249.61 (511755355844..., userDataDir: C:\Temp\scoped_dir22748_178...}, goog:chromeOptions: {debuggerAddress: localhost:58162}, networkConnectionEnabled: false, pageLoadStrategy: normal, platformName: WINDOWS, proxy: Proxy(), se:cdp: ws://localhost:58162/devtoo..., se:cdpVersion: 106.0.5249.119, setWindowRect: true, strictFileInteractability: false, timeouts: {implicit: 0, pageLoad: 300000, script: 30000}, unhandledPromptBehavior: dismiss and notify, webauthn:extension:credBlob: true, webauthn:extension:largeBlob: true, webauthn:virtualAuthenticators: true}
Session ID: 91f493142df1ead5cab66d7a31d60e43
10:07:45.345  INFO  manager.ListenerWD - Screen with error is 1967___src/test/screenshots/screen1967.png
10:07:45.986  INFO  manager.ListenerWD - before find elements by ---> By.xpath: //button[text()='Ok']
10:07:51.024  INFO  manager.ListenerWD - After find elements by ---> By.xpath: //button[text()='Ok']
10:07:51.025  INFO  manager.ListenerWD - List size is ---->0
10:07:51.025  INFO  manager.HelperBase - Click OK button was needed
10:07:51.031  INFO  TestBase - Start Method with name --->registrationSuccess
10:07:51.032  INFO  manager.ListenerWD - before find elements by ---> By.xpath: //a[text()=' Logout ']
10:07:56.089  INFO  manager.ListenerWD - After find elements by ---> By.xpath: //a[text()=' Logout ']
10:07:56.090  INFO  manager.ListenerWD - List size is ---->0
10:07:56.090  INFO  TestBase - The logout was needed 
10:07:56.094  INFO  TestBase - Registration scenario success was used dataUser{name='Nikita', lastname='Snow', email='nik476@ukr.net', password='Ww12345$', phone='null'}
10:07:56.095  INFO  manager.ListenerWD - Before find element by ---> By.xpath: //a[text()=' Sign up ']
10:07:56.125  INFO  manager.ListenerWD - After find element by ---> By.xpath: //a[text()=' Sign up ']
10:07:56.228  INFO  manager.ListenerWD - Before find element by ---> By.id: name
10:07:56.258  INFO  manager.ListenerWD - After find element by ---> By.id: name
10:07:56.431  INFO  manager.ListenerWD - Before find element by ---> By.id: lastName
10:07:56.461  INFO  manager.ListenerWD - After find element by ---> By.id: lastName
10:07:56.640  INFO  manager.ListenerWD - Before find element by ---> By.id: email
10:07:56.664  INFO  manager.ListenerWD - After find element by ---> By.id: email
10:07:56.900  INFO  manager.ListenerWD - Before find element by ---> By.id: password
10:07:56.957  INFO  manager.ListenerWD - After find element by ---> By.id: password
10:07:57.224  INFO  manager.ListenerWD - Before find element by ---> By.cssSelector: label[for='terms-of-use']
10:07:57.280  INFO  manager.ListenerWD - After find element by ---> By.cssSelector: label[for='terms-of-use']
10:07:57.501  INFO  manager.ListenerWD - Before find element by ---> By.cssSelector: [type='submit']
10:07:57.526  INFO  manager.ListenerWD - After find element by ---> By.cssSelector: [type='submit']
10:07:57.543  INFO  manager.ListenerWD - Before find element by ---> By.cssSelector: button[type='submit']
10:07:57.566  INFO  manager.ListenerWD - After find element by ---> By.cssSelector: button[type='submit']
10:07:57.598  INFO  manager.ListenerWD - Before find element by ---> By.cssSelector: button[type='submit']
10:07:57.617  INFO  manager.ListenerWD - After find element by ---> By.cssSelector: button[type='submit']
10:07:57.666  INFO  manager.ListenerWD - Before find element by ---> By.cssSelector: div.dialog-container
10:08:00.511  INFO  manager.ListenerWD - After find element by ---> By.cssSelector: div.dialog-container
10:08:00.540  INFO  manager.ListenerWD - Before find element by ---> By.cssSelector: div.dialog-container>h1
10:08:00.576  INFO  manager.ListenerWD - After find element by ---> By.cssSelector: div.dialog-container>h1
10:08:00.605  INFO  TestBase - In assert checked message 'Registered' in dialog  
10:08:00.607  INFO  manager.ListenerWD - before find elements by ---> By.xpath: //button[text()='Ok']
10:08:00.630  INFO  manager.ListenerWD - After find elements by ---> By.xpath: //button[text()='Ok']
10:08:00.630  INFO  manager.ListenerWD - List size is ---->1
10:08:00.630  INFO  manager.ListenerWD - Before find element by ---> By.xpath: //button[text()='Ok']
10:08:00.672  INFO  manager.ListenerWD - After find element by ---> By.xpath: //button[text()='Ok']
10:08:00.730  INFO  manager.HelperBase - Click OK button was needed
10:08:00.734  INFO  TestBase - Start Method with name --->registrationWrongPassword
10:08:00.739  INFO  manager.ListenerWD - before find elements by ---> By.xpath: //a[text()=' Logout ']
10:08:00.762  INFO  manager.ListenerWD - After find elements by ---> By.xpath: //a[text()=' Logout ']
10:08:00.762  INFO  manager.ListenerWD - List size is ---->1
10:08:00.762  INFO  manager.ListenerWD - Before find element by ---> By.xpath: //a[text()=' Logout ']
10:08:00.794  INFO  manager.ListenerWD - After find element by ---> By.xpath: //a[text()=' Logout ']
10:08:00.987  INFO  TestBase - The logout was needed 
10:08:00.990  INFO  TestBase - Registration negative scenario with wrong password was used dataUser{name='Mikita', lastname='Snow', email='nik@ukr.net', password='Mikita', phone='null'}
10:08:00.991  INFO  manager.ListenerWD - Before find element by ---> By.xpath: //a[text()=' Sign up ']
10:08:01.012  INFO  manager.ListenerWD - After find element by ---> By.xpath: //a[text()=' Sign up ']
10:08:01.123  INFO  manager.ListenerWD - Before find element by ---> By.id: name
10:08:01.159  INFO  manager.ListenerWD - After find element by ---> By.id: name
10:08:02.323  INFO  manager.ListenerWD - We have a 'problem'
10:08:02.323  INFO  manager.ListenerWD - The name of error method click
10:08:02.324  INFO  manager.ListenerWD - Describe of error org.openqa.selenium.ElementClickInterceptedException: element click intercepted: Element <input _ngcontent-qyi-c101="" autocomplete="name" formcontrolname="firstName" id="name" type="text" class="ng-untouched ng-pristine ng-invalid"> is not clickable at point (1217, 280). Other element would receive the click: <div class="cdk-overlay-backdrop cdk-overlay-dark-backdrop cdk-overlay-backdrop-showing"></div>
  (Session info: chrome=106.0.5249.119)
Build info: version: '4.4.0', revision: 'e5c75ed026a'
System info: host: 'DESKTOP-FMI0Q92', ip: '192.168.137.1', os.name: 'Windows 10', os.arch: 'amd64', os.version: '10.0', java.version: '11.0.16.1'
Driver info: org.openqa.selenium.chrome.ChromeDriver
Command: [91f493142df1ead5cab66d7a31d60e43, clickElement {id=6000b4fc-dad3-4549-9bbd-aab7e64db021}]
Capabilities {acceptInsecureCerts: false, browserName: chrome, browserVersion: 106.0.5249.119, chrome: {chromedriverVersion: 106.0.5249.61 (511755355844..., userDataDir: C:\Temp\scoped_dir22748_178...}, goog:chromeOptions: {debuggerAddress: localhost:58162}, networkConnectionEnabled: false, pageLoadStrategy: normal, platformName: WINDOWS, proxy: Proxy(), se:cdp: ws://localhost:58162/devtoo..., se:cdpVersion: 106.0.5249.119, setWindowRect: true, strictFileInteractability: false, timeouts: {implicit: 0, pageLoad: 300000, script: 30000}, unhandledPromptBehavior: dismiss and notify, webauthn:extension:credBlob: true, webauthn:extension:largeBlob: true, webauthn:virtualAuthenticators: true}
Element: [[ChromeDriver: chrome on WINDOWS (91f493142df1ead5cab66d7a31d60e43)] -> id: name]
Session ID: 91f493142df1ead5cab66d7a31d60e43
10:08:02.324  INFO  manager.ListenerWD - Screen with error is 1451___src/test/screenshots/screen1451.png
10:08:02.331  INFO  manager.ListenerWD - before find elements by ---> By.xpath: //button[text()='Ok']
10:08:02.363  INFO  manager.ListenerWD - After find elements by ---> By.xpath: //button[text()='Ok']
10:08:02.364  INFO  manager.ListenerWD - List size is ---->1
10:08:02.364  INFO  manager.ListenerWD - Before find element by ---> By.xpath: //button[text()='Ok']
10:08:02.384  INFO  manager.ListenerWD - After find element by ---> By.xpath: //button[text()='Ok']
10:08:02.442  INFO  manager.HelperBase - Click OK button was needed
10:08:02.450  INFO  TestBase - Start Method with name --->searchAnyPeriod
10:08:02.451  INFO  manager.ListenerWD - Before find element by ---> By.cssSelector: .header a.logo
10:08:02.488  INFO  manager.ListenerWD - After find element by ---> By.cssSelector: .header a.logo
10:08:02.991  INFO  manager.ListenerWD - Before find element by ---> By.id: city
10:08:03.042  INFO  manager.ListenerWD - After find element by ---> By.id: city
10:08:03.856  INFO  manager.ListenerWD - Before find element by ---> By.cssSelector: div.pac-item
10:08:03.905  INFO  manager.ListenerWD - After find element by ---> By.cssSelector: div.pac-item
10:08:03.958  INFO  manager.ListenerWD - Before find element by ---> By.id: dates
10:08:03.984  INFO  manager.ListenerWD - After find element by ---> By.id: dates
10:08:03.984  INFO  manager.HelperBase - OS is ----> Windows 10
10:08:04.120  INFO  manager.ListenerWD - Before find element by ---> By.id: dates
10:08:04.145  INFO  manager.ListenerWD - After find element by ---> By.id: dates
10:08:04.343  INFO  manager.HelperBase - year:   2022
10:08:04.344  INFO  manager.HelperBase - day of month:   27
10:08:04.344  INFO  manager.HelperBase - month value:   10
10:08:04.344  INFO  manager.ListenerWD - Before find element by ---> By.cssSelector: button[aria-label='Next month']
10:08:04.371  INFO  manager.ListenerWD - After find element by ---> By.cssSelector: button[aria-label='Next month']
10:08:04.472  INFO  manager.ListenerWD - Before find element by ---> By.cssSelector: button[aria-label='Next month']
10:08:04.494  INFO  manager.ListenerWD - After find element by ---> By.cssSelector: button[aria-label='Next month']
10:08:04.579  INFO  manager.ListenerWD - Before find element by ---> By.cssSelector: button[aria-label='Next month']
10:08:04.606  INFO  manager.ListenerWD - After find element by ---> By.cssSelector: button[aria-label='Next month']
10:08:04.685  INFO  manager.ListenerWD - Before find element by ---> By.cssSelector: button[aria-label='Next month']
10:08:04.704  INFO  manager.ListenerWD - After find element by ---> By.cssSelector: button[aria-label='Next month']
10:08:04.759  INFO  manager.ListenerWD - Before find element by ---> By.xpath: //div[text()=' 20 ']
10:08:04.787  INFO  manager.ListenerWD - After find element by ---> By.xpath: //div[text()=' 20 ']
10:08:04.856  INFO  manager.ListenerWD - Before find element by ---> By.cssSelector: button[aria-label='Next month']
10:08:04.882  INFO  manager.ListenerWD - After find element by ---> By.cssSelector: button[aria-label='Next month']
10:08:04.962  INFO  manager.ListenerWD - Before find element by ---> By.cssSelector: button[aria-label='Next month']
10:08:04.979  INFO  manager.ListenerWD - After find element by ---> By.cssSelector: button[aria-label='Next month']
10:08:05.040  INFO  manager.ListenerWD - Before find element by ---> By.cssSelector: button[aria-label='Next month']
10:08:05.057  INFO  manager.ListenerWD - After find element by ---> By.cssSelector: button[aria-label='Next month']
10:08:05.115  INFO  manager.ListenerWD - Before find element by ---> By.cssSelector: button[aria-label='Next month']
10:08:05.134  INFO  manager.ListenerWD - After find element by ---> By.cssSelector: button[aria-label='Next month']
10:08:05.200  INFO  manager.ListenerWD - Before find element by ---> By.xpath: //div[text()=' 10 ']
10:08:05.225  INFO  manager.ListenerWD - After find element by ---> By.xpath: //div[text()=' 10 ']
10:08:05.318  INFO  manager.ListenerWD - Before find element by ---> By.cssSelector: [type='submit']
10:08:05.338  INFO  manager.ListenerWD - After find element by ---> By.cssSelector: [type='submit']
10:08:05.354  INFO  manager.ListenerWD - Before find element by ---> By.cssSelector: button[type='submit']
10:08:05.379  INFO  manager.ListenerWD - After find element by ---> By.cssSelector: button[type='submit']
10:08:05.422  INFO  manager.ListenerWD - Before find element by ---> By.cssSelector: button[type='submit']
10:08:05.454  INFO  manager.ListenerWD - After find element by ---> By.cssSelector: button[type='submit']
10:08:05.655  INFO  manager.ListenerWD - before find elements by ---> By.cssSelector: a.car-container
10:08:06.785  INFO  manager.ListenerWD - After find elements by ---> By.cssSelector: a.car-container
10:08:06.786  INFO  manager.ListenerWD - List size is ---->10
10:08:06.787  INFO  TestBase - Start Method with name --->searchCurrentMonthSuccess
10:08:06.788  INFO  manager.ListenerWD - Before find element by ---> By.cssSelector: .header a.logo
10:08:06.807  INFO  manager.ListenerWD - After find element by ---> By.cssSelector: .header a.logo
10:08:07.269  INFO  manager.ListenerWD - Before find element by ---> By.id: city
10:08:07.302  INFO  manager.ListenerWD - After find element by ---> By.id: city
10:08:08.156  INFO  manager.ListenerWD - Before find element by ---> By.cssSelector: div.pac-item
10:08:08.193  INFO  manager.ListenerWD - After find element by ---> By.cssSelector: div.pac-item
10:08:08.250  INFO  manager.ListenerWD - Before find element by ---> By.id: dates
10:08:08.273  INFO  manager.ListenerWD - After find element by ---> By.id: dates
10:08:08.273  INFO  manager.HelperBase - OS is ----> Windows 10
10:08:08.385  INFO  manager.ListenerWD - Before find element by ---> By.id: dates
10:08:08.403  INFO  manager.ListenerWD - After find element by ---> By.id: dates
10:08:08.499  INFO  manager.ListenerWD - Before find element by ---> By.xpath: //div[text()=' 28 ']
10:08:08.526  INFO  manager.ListenerWD - After find element by ---> By.xpath: //div[text()=' 28 ']
10:08:10.612  INFO  manager.ListenerWD - Before find element by ---> By.xpath: //div[text()=' 30 ']
10:08:10.686  INFO  manager.ListenerWD - After find element by ---> By.xpath: //div[text()=' 30 ']
10:08:10.772  INFO  manager.ListenerWD - Before find element by ---> By.cssSelector: [type='submit']
10:08:10.798  INFO  manager.ListenerWD - After find element by ---> By.cssSelector: [type='submit']
10:08:10.812  INFO  manager.ListenerWD - Before find element by ---> By.cssSelector: button[type='submit']
10:08:10.835  INFO  manager.ListenerWD - After find element by ---> By.cssSelector: button[type='submit']
10:08:10.874  INFO  manager.ListenerWD - Before find element by ---> By.cssSelector: button[type='submit']
10:08:10.900  INFO  manager.ListenerWD - After find element by ---> By.cssSelector: button[type='submit']
10:08:11.053  INFO  manager.ListenerWD - before find elements by ---> By.cssSelector: a.car-container
10:08:12.173  INFO  manager.ListenerWD - After find elements by ---> By.cssSelector: a.car-container
10:08:12.173  INFO  manager.ListenerWD - List size is ---->10
10:08:12.174  INFO  TestBase - In the assertion, it is checked whether there were cars for the current month
10:08:12.177  INFO  TestBase - Start Method with name --->searchInPast
10:08:12.179  INFO  manager.ListenerWD - Before find element by ---> By.cssSelector: .header a.logo
10:08:12.203  INFO  manager.ListenerWD - After find element by ---> By.cssSelector: .header a.logo
10:08:12.644  INFO  manager.ListenerWD - Before find element by ---> By.id: city
10:08:12.681  INFO  manager.ListenerWD - After find element by ---> By.id: city
10:08:13.503  INFO  manager.ListenerWD - Before find element by ---> By.cssSelector: div.pac-item
10:08:13.558  INFO  manager.ListenerWD - After find element by ---> By.cssSelector: div.pac-item
10:08:13.617  INFO  manager.ListenerWD - Before find element by ---> By.id: dates
10:08:13.636  INFO  manager.ListenerWD - After find element by ---> By.id: dates
10:08:13.637  INFO  manager.HelperBase - OS is ----> Windows 10
10:08:13.756  INFO  manager.ListenerWD - Before find element by ---> By.id: dates
10:08:13.780  INFO  manager.ListenerWD - After find element by ---> By.id: dates
10:08:14.074  INFO  manager.ListenerWD - Before find element by ---> By.cssSelector: .cdk-overlay-container
10:08:14.129  INFO  manager.ListenerWD - After find element by ---> By.cssSelector: .cdk-overlay-container
10:08:14.239  INFO  manager.ListenerWD - Before find element by ---> By.cssSelector: button[type='submit']
10:08:14.259  INFO  manager.ListenerWD - After find element by ---> By.cssSelector: button[type='submit']
10:08:14.308  INFO  manager.ListenerWD - before find elements by ---> By.cssSelector: button[disabled]
10:08:14.335  INFO  manager.ListenerWD - After find elements by ---> By.cssSelector: button[disabled]
10:08:14.335  INFO  manager.ListenerWD - List size is ---->2
10:08:14.336  INFO  manager.ListenerWD - Before find element by ---> By.cssSelector: [type='submit']
10:08:14.353  INFO  manager.ListenerWD - After find element by ---> By.cssSelector: [type='submit']
10:08:14.365  INFO  manager.ListenerWD - Before find element by ---> By.cssSelector: div.ng-star-inserted
10:08:14.386  INFO  manager.ListenerWD - After find element by ---> By.cssSelector: div.ng-star-inserted
10:08:14.405  INFO  TestBase - Start Method with name --->searchNextMonthSuccess
10:08:14.407  INFO  manager.ListenerWD - Before find element by ---> By.cssSelector: .header a.logo
10:08:14.422  INFO  manager.ListenerWD - After find element by ---> By.cssSelector: .header a.logo
10:08:14.728  INFO  manager.ListenerWD - Before find element by ---> By.id: city
10:08:14.804  INFO  manager.ListenerWD - After find element by ---> By.id: city
10:08:15.589  INFO  manager.ListenerWD - Before find element by ---> By.cssSelector: div.pac-item
10:08:15.638  INFO  manager.ListenerWD - After find element by ---> By.cssSelector: div.pac-item
10:08:15.724  INFO  manager.ListenerWD - Before find element by ---> By.id: dates
10:08:15.761  INFO  manager.ListenerWD - After find element by ---> By.id: dates
10:08:15.762  INFO  manager.HelperBase - OS is ----> Windows 10
10:08:15.867  INFO  manager.ListenerWD - Before find element by ---> By.id: dates
10:08:15.888  INFO  manager.ListenerWD - After find element by ---> By.id: dates
10:08:15.989  INFO  manager.ListenerWD - Before find element by ---> By.cssSelector: [aria-label = 'Next month']
10:08:16.021  INFO  manager.ListenerWD - After find element by ---> By.cssSelector: [aria-label = 'Next month']
10:08:16.105  INFO  manager.ListenerWD - Before find element by ---> By.xpath: //div[text()=' 25 ']
10:08:16.137  INFO  manager.ListenerWD - After find element by ---> By.xpath: //div[text()=' 25 ']
10:08:16.218  INFO  manager.ListenerWD - Before find element by ---> By.xpath: //div[text()=' 30 ']
10:08:16.238  INFO  manager.ListenerWD - After find element by ---> By.xpath: //div[text()=' 30 ']
10:08:16.320  INFO  manager.ListenerWD - Before find element by ---> By.cssSelector: [type='submit']
10:08:16.340  INFO  manager.ListenerWD - After find element by ---> By.cssSelector: [type='submit']
10:08:16.357  INFO  manager.ListenerWD - Before find element by ---> By.cssSelector: button[type='submit']
10:08:16.377  INFO  manager.ListenerWD - After find element by ---> By.cssSelector: button[type='submit']
10:08:16.410  INFO  manager.ListenerWD - Before find element by ---> By.cssSelector: button[type='submit']
10:08:16.432  INFO  manager.ListenerWD - After find element by ---> By.cssSelector: button[type='submit']
10:08:16.575  INFO  manager.ListenerWD - before find elements by ---> By.cssSelector: a.car-container
10:08:17.653  INFO  manager.ListenerWD - After find elements by ---> By.cssSelector: a.car-container
10:08:17.654  INFO  manager.ListenerWD - List size is ---->10
10:08:17.655  INFO  TestBase - In the assertion, it is checked whether there were cars for the next month
