16:45:23.512  INFO  manager.ApplicationManager - Chrome Driver was opened
16:45:24.735  INFO  manager.ApplicationManager - All tests start in  ChromeDriver
16:45:27.201  INFO  manager.ApplicationManager - The current url is --->https://ilcarro-1578153671498.web.app/search
16:45:27.334  INFO  TestBase - Start Method with name --->searchAnyPeriod
16:45:27.357  INFO  manager.ListenerWD - Before find element by ---> By.id: city
16:45:27.460  INFO  manager.ListenerWD - After find element by ---> By.id: city
16:45:27.758  INFO  manager.ListenerWD - Before find element by ---> By.cssSelector: div.pac-item
16:45:28.311  INFO  manager.ListenerWD - After find element by ---> By.cssSelector: div.pac-item
16:45:28.564  INFO  manager.ListenerWD - Before find element by ---> By.id: dates
16:45:28.614  INFO  manager.ListenerWD - After find element by ---> By.id: dates
16:45:28.939  INFO  manager.HelperBase - year:   2022
16:45:28.940  INFO  manager.HelperBase - day of month:   22
16:45:28.941  INFO  manager.HelperBase - month value:   10
16:45:28.941  INFO  manager.ListenerWD - Before find element by ---> By.cssSelector: button[aria-label='Next month']
16:45:29.071  INFO  manager.ListenerWD - After find element by ---> By.cssSelector: button[aria-label='Next month']
16:45:29.199  INFO  manager.ListenerWD - Before find element by ---> By.cssSelector: button[aria-label='Next month']
16:45:29.278  INFO  manager.ListenerWD - After find element by ---> By.cssSelector: button[aria-label='Next month']
16:45:29.458  INFO  manager.ListenerWD - Before find element by ---> By.cssSelector: button[aria-label='Next month']
16:45:29.497  INFO  manager.ListenerWD - After find element by ---> By.cssSelector: button[aria-label='Next month']
16:45:29.608  INFO  manager.ListenerWD - Before find element by ---> By.cssSelector: button[aria-label='Next month']
16:45:29.656  INFO  manager.ListenerWD - After find element by ---> By.cssSelector: button[aria-label='Next month']
16:45:29.776  INFO  manager.ListenerWD - Before find element by ---> By.xpath: //div[text()=' 20 ']
16:45:29.836  INFO  manager.ListenerWD - After find element by ---> By.xpath: //div[text()=' 20 ']
16:45:29.948  INFO  manager.ListenerWD - Before find element by ---> By.cssSelector: button[aria-label='Next month']
16:45:29.991  INFO  manager.ListenerWD - After find element by ---> By.cssSelector: button[aria-label='Next month']
16:45:30.080  INFO  manager.ListenerWD - Before find element by ---> By.cssSelector: button[aria-label='Next month']
16:45:30.125  INFO  manager.ListenerWD - After find element by ---> By.cssSelector: button[aria-label='Next month']
16:45:30.226  INFO  manager.ListenerWD - Before find element by ---> By.cssSelector: button[aria-label='Next month']
16:45:30.260  INFO  manager.ListenerWD - After find element by ---> By.cssSelector: button[aria-label='Next month']
16:45:30.348  INFO  manager.ListenerWD - Before find element by ---> By.cssSelector: button[aria-label='Next month']
16:45:30.389  INFO  manager.ListenerWD - After find element by ---> By.cssSelector: button[aria-label='Next month']
16:45:30.486  INFO  manager.ListenerWD - Before find element by ---> By.xpath: //div[text()=' 10 ']
16:45:30.519  INFO  manager.ListenerWD - After find element by ---> By.xpath: //div[text()=' 10 ']
16:45:30.610  INFO  manager.ListenerWD - Before find element by ---> By.cssSelector: [type='submit']
16:45:30.643  INFO  manager.ListenerWD - After find element by ---> By.cssSelector: [type='submit']
16:45:30.669  INFO  manager.ListenerWD - Before find element by ---> By.cssSelector: button[type='submit']
16:45:30.723  INFO  manager.ListenerWD - After find element by ---> By.cssSelector: button[type='submit']
16:45:31.066  INFO  manager.ListenerWD - Before find element by ---> By.cssSelector: button[type='submit']
16:45:31.089  INFO  manager.ListenerWD - After find element by ---> By.cssSelector: button[type='submit']
16:45:31.257  INFO  manager.ListenerWD - before find elements by ---> By.cssSelector: a.car-container
16:45:32.577  INFO  manager.ListenerWD - After find elements by ---> By.cssSelector: a.car-container
16:45:32.578  INFO  manager.ListenerWD - List size is ---->10
16:45:32.590  INFO  manager.ListenerWD - Before find element by ---> By.xpath: //a[text()=' Search ']
16:45:32.634  INFO  manager.ListenerWD - After find element by ---> By.xpath: //a[text()=' Search ']
16:45:32.785  INFO  manager.HelperBase - We returned to Search Page
16:45:32.793  INFO  TestBase - Start Method with name --->searchCurrentMonthSuccess
16:45:32.794  INFO  manager.ListenerWD - Before find element by ---> By.id: city
16:45:32.829  INFO  manager.ListenerWD - After find element by ---> By.id: city
16:45:33.322  INFO  manager.ListenerWD - Before find element by ---> By.cssSelector: div.pac-item
16:45:33.362  INFO  manager.ListenerWD - After find element by ---> By.cssSelector: div.pac-item
16:45:33.448  INFO  manager.ListenerWD - Before find element by ---> By.id: dates
16:45:33.477  INFO  manager.ListenerWD - After find element by ---> By.id: dates
16:45:33.621  INFO  manager.ListenerWD - Before find element by ---> By.xpath: //div[text()=' 25 ']
16:45:33.664  INFO  manager.ListenerWD - After find element by ---> By.xpath: //div[text()=' 25 ']
16:45:33.792  INFO  manager.ListenerWD - Before find element by ---> By.xpath: //div[text()=' 30 ']
16:45:38.856  INFO  manager.ListenerWD - We have a 'problem'
16:45:38.857  INFO  manager.ListenerWD - The name of error method findElement
16:45:38.862  INFO  manager.ListenerWD - Describe of error org.openqa.selenium.NoSuchElementException: no such element: Unable to locate element: {"method":"xpath","selector":"//div[text()=' 30 ']"}
  (Session info: chrome=106.0.5249.119)
For documentation on this error, please visit: https://selenium.dev/exceptions/#no_such_element
Build info: version: '4.4.0', revision: 'e5c75ed026a'
System info: host: 'DESKTOP-FMI0Q92', ip: '192.168.1.209', os.name: 'Windows 10', os.arch: 'amd64', os.version: '10.0', java.version: '11.0.16.1'
Driver info: org.openqa.selenium.chrome.ChromeDriver
Command: [12f88a9142bba9346a24d5f4a9aeabdd, findElement {using=xpath, value=//div[text()=' 30 ']}]
Capabilities {acceptInsecureCerts: false, browserName: chrome, browserVersion: 106.0.5249.119, chrome: {chromedriverVersion: 106.0.5249.61 (511755355844..., userDataDir: C:\Temp\scoped_dir22236_136...}, goog:chromeOptions: {debuggerAddress: localhost:62408}, networkConnectionEnabled: false, pageLoadStrategy: normal, platformName: WINDOWS, proxy: Proxy(), se:cdp: ws://localhost:62408/devtoo..., se:cdpVersion: 106.0.5249.119, setWindowRect: true, strictFileInteractability: false, timeouts: {implicit: 0, pageLoad: 300000, script: 30000}, unhandledPromptBehavior: dismiss and notify, webauthn:extension:credBlob: true, webauthn:extension:largeBlob: true, webauthn:virtualAuthenticators: true}
Session ID: 12f88a9142bba9346a24d5f4a9aeabdd
16:45:38.870  INFO  manager.ListenerWD - Screen with error is 1898___src/test/screenshots/screen1898.png
16:45:39.804  INFO  manager.ListenerWD - Before find element by ---> By.xpath: //a[text()=' Search ']
16:45:39.838  INFO  manager.ListenerWD - After find element by ---> By.xpath: //a[text()=' Search ']
16:45:40.945  INFO  manager.ListenerWD - We have a 'problem'
16:45:40.945  INFO  manager.ListenerWD - The name of error method click
16:45:40.945  INFO  manager.ListenerWD - Describe of error org.openqa.selenium.ElementClickInterceptedException: element click intercepted: Element <a _ngcontent-obl-c25="" class="navigation-link" id="0" href="/search">...</a> is not clickable at point (729, 34). Other element would receive the click: <div class="cdk-overlay-backdrop mat-overlay-transparent-backdrop cdk-overlay-backdrop-showing"></div>
  (Session info: chrome=106.0.5249.119)
Build info: version: '4.4.0', revision: 'e5c75ed026a'
System info: host: 'DESKTOP-FMI0Q92', ip: '192.168.1.209', os.name: 'Windows 10', os.arch: 'amd64', os.version: '10.0', java.version: '11.0.16.1'
Driver info: org.openqa.selenium.chrome.ChromeDriver
Command: [12f88a9142bba9346a24d5f4a9aeabdd, clickElement {id=4ccd755a-6980-41d2-9d93-1c5f209f84f8}]
Capabilities {acceptInsecureCerts: false, browserName: chrome, browserVersion: 106.0.5249.119, chrome: {chromedriverVersion: 106.0.5249.61 (511755355844..., userDataDir: C:\Temp\scoped_dir22236_136...}, goog:chromeOptions: {debuggerAddress: localhost:62408}, networkConnectionEnabled: false, pageLoadStrategy: normal, platformName: WINDOWS, proxy: Proxy(), se:cdp: ws://localhost:62408/devtoo..., se:cdpVersion: 106.0.5249.119, setWindowRect: true, strictFileInteractability: false, timeouts: {implicit: 0, pageLoad: 300000, script: 30000}, unhandledPromptBehavior: dismiss and notify, webauthn:extension:credBlob: true, webauthn:extension:largeBlob: true, webauthn:virtualAuthenticators: true}
Element: [[ChromeDriver: chrome on WINDOWS (12f88a9142bba9346a24d5f4a9aeabdd)] -> xpath: //a[text()=' Search ']]
Session ID: 12f88a9142bba9346a24d5f4a9aeabdd
16:45:40.946  INFO  manager.ListenerWD - Screen with error is 1338___src/test/screenshots/screen1338.png
