09:21:18.418  INFO  manager.ApplicationManager - Chrome Driver was opened
09:21:19.382  INFO  manager.ApplicationManager - All tests start in  ChromeDriver
09:21:23.885  INFO  manager.ApplicationManager - The current url is --->https://ilcarro-1578153671498.web.app/search
09:21:23.951  INFO  TestBase - Start Method with name --->negativeWrongEmail
09:21:23.956  INFO  manager.ListenerWD - before find elements by ---> By.xpath: //a[text()=' Logout ']
09:21:29.006  INFO  manager.ListenerWD - After find elements by ---> By.xpath: //a[text()=' Logout ']
09:21:29.006  INFO  manager.ListenerWD - List size is ---->0
09:21:29.023  INFO  TestBase - Login negative scenario with wrong email was used dataUser{name='null', lastname='null', email='nik@gmailcom', password='123589$Nik', phone='null'}
09:21:29.023  INFO  manager.ListenerWD - Before find element by ---> By.cssSelector: a[href ^='/login']
09:21:29.072  INFO  manager.ListenerWD - After find element by ---> By.cssSelector: a[href ^='/login']
09:21:29.176  INFO  manager.ListenerWD - Before find element by ---> By.id: email
09:21:29.229  INFO  manager.ListenerWD - After find element by ---> By.id: email
09:21:29.498  INFO  manager.ListenerWD - Before find element by ---> By.id: password
09:21:29.547  INFO  manager.ListenerWD - After find element by ---> By.id: password
09:21:29.794  INFO  manager.ListenerWD - Before find element by ---> By.cssSelector: button[type='submit']
09:21:29.838  INFO  manager.ListenerWD - After find element by ---> By.cssSelector: button[type='submit']
09:21:29.943  INFO  manager.ListenerWD - Before find element by ---> By.cssSelector: button[type='submit']
09:21:29.971  INFO  manager.ListenerWD - After find element by ---> By.cssSelector: button[type='submit']
09:21:30.054  INFO  manager.ListenerWD - Before find element by ---> By.cssSelector: div.error>div
09:21:35.131  INFO  manager.ListenerWD - We have a 'problem'
09:21:35.132  INFO  manager.ListenerWD - The name of error method findElement
09:21:35.139  INFO  manager.ListenerWD - Describe of error org.openqa.selenium.NoSuchElementException: no such element: Unable to locate element: {"method":"css selector","selector":"div.error>div"}
  (Session info: chrome=106.0.5249.103)
For documentation on this error, please visit: https://selenium.dev/exceptions/#no_such_element
Build info: version: '4.4.0', revision: 'e5c75ed026a'
System info: host: 'DESKTOP-FMI0Q92', ip: '192.168.1.209', os.name: 'Windows 10', os.arch: 'amd64', os.version: '10.0', java.version: '11.0.16.1'
Driver info: org.openqa.selenium.chrome.ChromeDriver
Command: [ad69dcebd06058f92622261c822222a7, findElement {using=css selector, value=div.error>div}]
Capabilities {acceptInsecureCerts: false, browserName: chrome, browserVersion: 106.0.5249.103, chrome: {chromedriverVersion: 106.0.5249.61 (511755355844..., userDataDir: C:\Temp\scoped_dir20060_167...}, goog:chromeOptions: {debuggerAddress: localhost:61939}, networkConnectionEnabled: false, pageLoadStrategy: normal, platformName: WINDOWS, proxy: Proxy(), se:cdp: ws://localhost:61939/devtoo..., se:cdpVersion: 106.0.5249.103, setWindowRect: true, strictFileInteractability: false, timeouts: {implicit: 0, pageLoad: 300000, script: 30000}, unhandledPromptBehavior: dismiss and notify, webauthn:extension:credBlob: true, webauthn:extension:largeBlob: true, webauthn:virtualAuthenticators: true}
Session ID: ad69dcebd06058f92622261c822222a7
09:21:35.149  INFO  manager.ListenerWD - Screen with error is 1059___src/test/screenshots/screen1059.png
09:21:35.772  INFO  manager.ListenerWD - before find elements by ---> By.xpath: //button[text()='Ok']
09:21:35.811  INFO  manager.ListenerWD - After find elements by ---> By.xpath: //button[text()='Ok']
09:21:35.812  INFO  manager.ListenerWD - List size is ---->1
09:21:35.812  INFO  manager.ListenerWD - Before find element by ---> By.xpath: //button[text()='Ok']
09:21:35.849  INFO  manager.ListenerWD - After find element by ---> By.xpath: //button[text()='Ok']
09:21:35.896  INFO  manager.HelperBase - Click OK button was needed
