19:53:33.893  INFO  manager.ApplicationManager - Chrome Driver was opened
19:53:35.221  INFO  manager.ApplicationManager - All tests start in  ChromeDriver
19:53:38.173  INFO  manager.ApplicationManager - The current url is --->https://ilcarro-1578153671498.web.app/search
19:53:38.432  INFO  TestBase - Start Method with name --->searchAnyPeriod
19:53:38.440  INFO  manager.ListenerWD - Before find element by ---> By.id: city
19:53:38.510  INFO  manager.ListenerWD - After find element by ---> By.id: city
19:53:39.803  INFO  manager.ListenerWD - Before find element by ---> By.cssSelector: div.pac-item
19:53:39.976  INFO  manager.ListenerWD - After find element by ---> By.cssSelector: div.pac-item
19:53:40.080  INFO  manager.ListenerWD - Before find element by ---> By.id: dates
19:53:40.140  INFO  manager.ListenerWD - After find element by ---> By.id: dates
19:53:40.142  INFO  manager.HelperBase - OS is ----> Windows 10
19:53:40.488  INFO  manager.ListenerWD - Before find element by ---> By.id: dates
19:53:40.572  INFO  manager.ListenerWD - After find element by ---> By.id: dates
19:53:40.842  INFO  manager.HelperBase - year:   2022
19:53:40.843  INFO  manager.HelperBase - day of month:   24
19:53:40.843  INFO  manager.HelperBase - month value:   10
19:53:40.844  INFO  manager.ListenerWD - Before find element by ---> By.cssSelector: button[aria-label='Next month']
19:53:40.917  INFO  manager.ListenerWD - After find element by ---> By.cssSelector: button[aria-label='Next month']
19:53:41.073  INFO  manager.ListenerWD - Before find element by ---> By.cssSelector: button[aria-label='Next month']
19:53:41.134  INFO  manager.ListenerWD - After find element by ---> By.cssSelector: button[aria-label='Next month']
19:53:41.239  INFO  manager.ListenerWD - Before find element by ---> By.cssSelector: button[aria-label='Next month']
19:53:41.289  INFO  manager.ListenerWD - After find element by ---> By.cssSelector: button[aria-label='Next month']
19:53:41.391  INFO  manager.ListenerWD - Before find element by ---> By.cssSelector: button[aria-label='Next month']
19:53:41.428  INFO  manager.ListenerWD - After find element by ---> By.cssSelector: button[aria-label='Next month']
19:53:41.519  INFO  manager.ListenerWD - Before find element by ---> By.xpath: //div[text()=' 20 ']
19:53:41.572  INFO  manager.ListenerWD - After find element by ---> By.xpath: //div[text()=' 20 ']
19:53:41.688  INFO  manager.ListenerWD - Before find element by ---> By.cssSelector: button[aria-label='Next month']
19:53:41.732  INFO  manager.ListenerWD - After find element by ---> By.cssSelector: button[aria-label='Next month']
19:53:41.838  INFO  manager.ListenerWD - Before find element by ---> By.cssSelector: button[aria-label='Next month']
19:53:41.898  INFO  manager.ListenerWD - After find element by ---> By.cssSelector: button[aria-label='Next month']
19:53:42.007  INFO  manager.ListenerWD - Before find element by ---> By.cssSelector: button[aria-label='Next month']
19:53:42.052  INFO  manager.ListenerWD - After find element by ---> By.cssSelector: button[aria-label='Next month']
19:53:42.170  INFO  manager.ListenerWD - Before find element by ---> By.cssSelector: button[aria-label='Next month']
19:53:42.202  INFO  manager.ListenerWD - After find element by ---> By.cssSelector: button[aria-label='Next month']
19:53:42.296  INFO  manager.ListenerWD - Before find element by ---> By.xpath: //div[text()=' 10 ']
19:53:42.358  INFO  manager.ListenerWD - After find element by ---> By.xpath: //div[text()=' 10 ']
19:53:42.538  INFO  manager.ListenerWD - Before find element by ---> By.cssSelector: [type='submit']
19:53:42.590  INFO  manager.ListenerWD - After find element by ---> By.cssSelector: [type='submit']
19:53:42.687  INFO  manager.ListenerWD - Before find element by ---> By.cssSelector: button[type='submit']
19:53:42.749  INFO  manager.ListenerWD - After find element by ---> By.cssSelector: button[type='submit']
19:53:42.858  INFO  manager.ListenerWD - Before find element by ---> By.cssSelector: button[type='submit']
19:53:42.890  INFO  manager.ListenerWD - After find element by ---> By.cssSelector: button[type='submit']
19:53:43.079  INFO  manager.ListenerWD - before find elements by ---> By.cssSelector: a.car-container
19:53:44.488  INFO  manager.ListenerWD - After find elements by ---> By.cssSelector: a.car-container
19:53:44.489  INFO  manager.ListenerWD - List size is ---->10
19:53:44.498  INFO  manager.ListenerWD - Before find element by ---> By.cssSelector: .header a.logo
19:53:44.533  INFO  manager.ListenerWD - After find element by ---> By.cssSelector: .header a.logo
19:53:45.259  INFO  TestBase - Start Method with name --->searchCurrentMonthSuccess
19:53:45.264  INFO  manager.ListenerWD - Before find element by ---> By.id: city
19:53:45.303  INFO  manager.ListenerWD - After find element by ---> By.id: city
19:53:46.221  INFO  manager.ListenerWD - Before find element by ---> By.cssSelector: div.pac-item
19:53:46.244  INFO  manager.ListenerWD - After find element by ---> By.cssSelector: div.pac-item
19:53:46.309  INFO  manager.ListenerWD - Before find element by ---> By.id: dates
19:53:46.335  INFO  manager.ListenerWD - After find element by ---> By.id: dates
19:53:46.336  INFO  manager.HelperBase - OS is ----> Windows 10
19:53:46.635  INFO  manager.ListenerWD - Before find element by ---> By.id: dates
19:53:46.664  INFO  manager.ListenerWD - After find element by ---> By.id: dates
19:53:46.785  INFO  manager.ListenerWD - Before find element by ---> By.xpath: //div[text()=' 28 ']
19:53:46.847  INFO  manager.ListenerWD - After find element by ---> By.xpath: //div[text()=' 28 ']
19:53:48.980  INFO  manager.ListenerWD - Before find element by ---> By.xpath: //div[text()=' 30 ']
19:53:49.016  INFO  manager.ListenerWD - After find element by ---> By.xpath: //div[text()=' 30 ']
19:53:49.115  INFO  manager.ListenerWD - Before find element by ---> By.cssSelector: [type='submit']
19:53:49.152  INFO  manager.ListenerWD - After find element by ---> By.cssSelector: [type='submit']
19:53:49.172  INFO  manager.ListenerWD - Before find element by ---> By.cssSelector: button[type='submit']
19:53:49.203  INFO  manager.ListenerWD - After find element by ---> By.cssSelector: button[type='submit']
19:53:49.278  INFO  manager.ListenerWD - Before find element by ---> By.cssSelector: button[type='submit']
19:53:49.310  INFO  manager.ListenerWD - After find element by ---> By.cssSelector: button[type='submit']
19:53:49.477  INFO  manager.ListenerWD - before find elements by ---> By.cssSelector: a.car-container
19:53:50.900  INFO  manager.ListenerWD - After find elements by ---> By.cssSelector: a.car-container
19:53:50.901  INFO  manager.ListenerWD - List size is ---->10
19:53:50.901  INFO  TestBase - In the assertion, it is checked whether there were cars for the current month
19:53:50.903  INFO  manager.ListenerWD - Before find element by ---> By.cssSelector: .header a.logo
19:53:50.953  INFO  manager.ListenerWD - After find element by ---> By.cssSelector: .header a.logo
19:53:51.670  INFO  TestBase - Start Method with name --->searchInPast
19:53:51.672  INFO  manager.ListenerWD - Before find element by ---> By.id: city
19:53:51.711  INFO  manager.ListenerWD - After find element by ---> By.id: city
19:53:52.731  INFO  manager.ListenerWD - Before find element by ---> By.cssSelector: div.pac-item
19:53:52.752  INFO  manager.ListenerWD - After find element by ---> By.cssSelector: div.pac-item
19:53:52.812  INFO  manager.ListenerWD - Before find element by ---> By.id: dates
19:53:52.839  INFO  manager.ListenerWD - After find element by ---> By.id: dates
19:53:52.841  INFO  manager.HelperBase - OS is ----> Windows 10
19:53:52.969  INFO  manager.ListenerWD - Before find element by ---> By.id: dates
19:53:53.000  INFO  manager.ListenerWD - After find element by ---> By.id: dates
19:53:53.324  INFO  manager.ListenerWD - Before find element by ---> By.cssSelector: .cdk-overlay-container
19:53:53.386  INFO  manager.ListenerWD - After find element by ---> By.cssSelector: .cdk-overlay-container
19:53:53.483  INFO  manager.ListenerWD - Before find element by ---> By.cssSelector: button[type='submit']
19:53:53.517  INFO  manager.ListenerWD - After find element by ---> By.cssSelector: button[type='submit']
19:53:53.577  INFO  manager.ListenerWD - before find elements by ---> By.cssSelector: button[disabled]
19:53:53.623  INFO  manager.ListenerWD - After find elements by ---> By.cssSelector: button[disabled]
19:53:53.624  INFO  manager.ListenerWD - List size is ---->2
19:53:53.624  INFO  manager.ListenerWD - Before find element by ---> By.cssSelector: [type='submit']
19:53:53.672  INFO  manager.ListenerWD - After find element by ---> By.cssSelector: [type='submit']
19:53:53.685  INFO  manager.ListenerWD - Before find element by ---> By.cssSelector: div.ng-star-inserted
19:53:53.711  INFO  manager.ListenerWD - After find element by ---> By.cssSelector: div.ng-star-inserted
19:53:53.734  INFO  manager.ListenerWD - Before find element by ---> By.cssSelector: .header a.logo
19:53:53.753  INFO  manager.ListenerWD - After find element by ---> By.cssSelector: .header a.logo
19:53:54.186  INFO  TestBase - Start Method with name --->searchNextMonthSuccess
19:53:54.187  INFO  manager.ListenerWD - Before find element by ---> By.id: city
19:53:54.217  INFO  manager.ListenerWD - After find element by ---> By.id: city
19:53:55.015  INFO  manager.ListenerWD - Before find element by ---> By.cssSelector: div.pac-item
19:53:55.036  INFO  manager.ListenerWD - After find element by ---> By.cssSelector: div.pac-item
19:53:55.088  INFO  manager.ListenerWD - Before find element by ---> By.id: dates
19:53:55.113  INFO  manager.ListenerWD - After find element by ---> By.id: dates
19:53:55.114  INFO  manager.HelperBase - OS is ----> Windows 10
19:53:55.247  INFO  manager.ListenerWD - Before find element by ---> By.id: dates
19:53:55.271  INFO  manager.ListenerWD - After find element by ---> By.id: dates
19:53:55.362  INFO  manager.ListenerWD - Before find element by ---> By.cssSelector: [aria-label = 'Next month']
19:53:55.402  INFO  manager.ListenerWD - After find element by ---> By.cssSelector: [aria-label = 'Next month']
19:53:55.495  INFO  manager.ListenerWD - Before find element by ---> By.xpath: //div[text()=' 25 ']
19:53:55.577  INFO  manager.ListenerWD - After find element by ---> By.xpath: //div[text()=' 25 ']
19:53:55.665  INFO  manager.ListenerWD - Before find element by ---> By.xpath: //div[text()=' 30 ']
19:53:55.686  INFO  manager.ListenerWD - After find element by ---> By.xpath: //div[text()=' 30 ']
19:53:55.782  INFO  manager.ListenerWD - Before find element by ---> By.cssSelector: [type='submit']
19:53:55.817  INFO  manager.ListenerWD - After find element by ---> By.cssSelector: [type='submit']
19:53:55.837  INFO  manager.ListenerWD - Before find element by ---> By.cssSelector: button[type='submit']
19:53:55.863  INFO  manager.ListenerWD - After find element by ---> By.cssSelector: button[type='submit']
19:53:55.900  INFO  manager.ListenerWD - Before find element by ---> By.cssSelector: button[type='submit']
19:53:55.922  INFO  manager.ListenerWD - After find element by ---> By.cssSelector: button[type='submit']
19:53:56.058  INFO  manager.ListenerWD - before find elements by ---> By.cssSelector: a.car-container
19:53:57.098  INFO  manager.ListenerWD - After find elements by ---> By.cssSelector: a.car-container
19:53:57.099  INFO  manager.ListenerWD - List size is ---->10
19:53:57.099  INFO  TestBase - In the assertion, it is checked whether there were cars for the next month
19:53:57.101  INFO  manager.ListenerWD - Before find element by ---> By.cssSelector: .header a.logo
19:53:57.127  INFO  manager.ListenerWD - After find element by ---> By.cssSelector: .header a.logo
