11:54:26.032  INFO  manager.ApplicationManager - Chrome Driver was opened
11:54:27.159  INFO  manager.ApplicationManager - All tests start in  ChromeDriver
11:54:29.731  INFO  manager.ApplicationManager - The current url is --->https://ilcarro-1578153671498.web.app/search
11:54:29.830  INFO  TestBase - Start Method with name --->searchAnyPeriod
11:54:29.838  INFO  manager.ListenerWD - Before find element by ---> By.id: city
11:54:30.090  INFO  manager.ListenerWD - After find element by ---> By.id: city
11:54:30.490  INFO  manager.ListenerWD - Before find element by ---> By.cssSelector: div.pac-item
11:54:31.080  INFO  manager.ListenerWD - After find element by ---> By.cssSelector: div.pac-item
11:54:31.206  INFO  manager.ListenerWD - Before find element by ---> By.id: dates
11:54:31.262  INFO  manager.ListenerWD - After find element by ---> By.id: dates
11:54:31.609  INFO  manager.HelperBase - year:   2022
11:54:31.609  INFO  manager.HelperBase - day of month:   24
11:54:31.610  INFO  manager.HelperBase - month value:   10
11:54:31.616  INFO  manager.ListenerWD - Before find element by ---> By.cssSelector: button[aria-label='Next month']
11:54:31.918  INFO  manager.ListenerWD - After find element by ---> By.cssSelector: button[aria-label='Next month']
11:54:32.325  INFO  manager.ListenerWD - Before find element by ---> By.cssSelector: button[aria-label='Next month']
11:54:32.530  INFO  manager.ListenerWD - After find element by ---> By.cssSelector: button[aria-label='Next month']
11:54:32.642  INFO  manager.ListenerWD - Before find element by ---> By.cssSelector: button[aria-label='Next month']
11:54:32.726  INFO  manager.ListenerWD - After find element by ---> By.cssSelector: button[aria-label='Next month']
11:54:32.851  INFO  manager.ListenerWD - Before find element by ---> By.cssSelector: button[aria-label='Next month']
11:54:32.900  INFO  manager.ListenerWD - After find element by ---> By.cssSelector: button[aria-label='Next month']
11:54:33.036  INFO  manager.ListenerWD - Before find element by ---> By.xpath: //div[text()=' 20 ']
11:54:33.086  INFO  manager.ListenerWD - After find element by ---> By.xpath: //div[text()=' 20 ']
11:54:33.269  INFO  manager.ListenerWD - Before find element by ---> By.cssSelector: button[aria-label='Next month']
11:54:33.321  INFO  manager.ListenerWD - After find element by ---> By.cssSelector: button[aria-label='Next month']
11:54:33.421  INFO  manager.ListenerWD - Before find element by ---> By.cssSelector: button[aria-label='Next month']
11:54:33.484  INFO  manager.ListenerWD - After find element by ---> By.cssSelector: button[aria-label='Next month']
11:54:33.613  INFO  manager.ListenerWD - Before find element by ---> By.cssSelector: button[aria-label='Next month']
11:54:33.648  INFO  manager.ListenerWD - After find element by ---> By.cssSelector: button[aria-label='Next month']
11:54:33.739  INFO  manager.ListenerWD - Before find element by ---> By.cssSelector: button[aria-label='Next month']
11:54:33.768  INFO  manager.ListenerWD - After find element by ---> By.cssSelector: button[aria-label='Next month']
11:54:33.871  INFO  manager.ListenerWD - Before find element by ---> By.xpath: //div[text()=' 10 ']
11:54:33.917  INFO  manager.ListenerWD - After find element by ---> By.xpath: //div[text()=' 10 ']
11:54:34.548  INFO  manager.ListenerWD - Before find element by ---> By.cssSelector: [type='submit']
11:54:34.587  INFO  manager.ListenerWD - After find element by ---> By.cssSelector: [type='submit']
11:54:34.619  INFO  manager.ListenerWD - Before find element by ---> By.cssSelector: button[type='submit']
11:54:34.681  INFO  manager.ListenerWD - After find element by ---> By.cssSelector: button[type='submit']
11:54:34.826  INFO  manager.ListenerWD - Before find element by ---> By.cssSelector: button[type='submit']
11:54:34.864  INFO  manager.ListenerWD - After find element by ---> By.cssSelector: button[type='submit']
11:54:35.090  INFO  manager.ListenerWD - before find elements by ---> By.cssSelector: a.car-container
11:54:36.826  INFO  manager.ListenerWD - After find elements by ---> By.cssSelector: a.car-container
11:54:36.827  INFO  manager.ListenerWD - List size is ---->10
11:54:38.852  INFO  manager.ListenerWD - Before find element by ---> By.xpath: //a[text()=' Search ']
11:54:38.886  INFO  manager.ListenerWD - After find element by ---> By.xpath: //a[text()=' Search ']
11:54:38.998  INFO  manager.HelperBase - We returned to Search Page
11:54:38.998  INFO  manager.ListenerWD - Before find element by ---> By.id: city
11:54:39.050  INFO  manager.ListenerWD - After find element by ---> By.id: city
11:54:39.676  INFO  manager.ListenerWD - Before find element by ---> By.id: dates
11:54:39.734  INFO  manager.ListenerWD - After find element by ---> By.id: dates
11:54:40.422  INFO  TestBase - Start Method with name --->searchCurrentMonthSuccess
11:54:40.423  INFO  manager.ListenerWD - Before find element by ---> By.id: city
11:54:40.911  INFO  manager.ListenerWD - After find element by ---> By.id: city
11:54:41.203  INFO  manager.ListenerWD - Before find element by ---> By.cssSelector: div.pac-item
11:54:41.237  INFO  manager.ListenerWD - After find element by ---> By.cssSelector: div.pac-item
11:54:41.325  INFO  manager.ListenerWD - Before find element by ---> By.id: dates
11:54:41.355  INFO  manager.ListenerWD - After find element by ---> By.id: dates
11:54:41.495  INFO  manager.ListenerWD - Before find element by ---> By.xpath: //div[text()=' 28 ']
11:54:41.542  INFO  manager.ListenerWD - After find element by ---> By.xpath: //div[text()=' 28 ']
11:54:43.637  INFO  manager.ListenerWD - Before find element by ---> By.xpath: //div[text()=' 30 ']
11:54:48.671  INFO  manager.ListenerWD - We have a 'problem'
11:54:48.671  INFO  manager.ListenerWD - The name of error method findElement
11:54:48.677  INFO  manager.ListenerWD - Describe of error org.openqa.selenium.NoSuchElementException: no such element: Unable to locate element: {"method":"xpath","selector":"//div[text()=' 30 ']"}
  (Session info: chrome=106.0.5249.119)
For documentation on this error, please visit: https://selenium.dev/exceptions/#no_such_element
Build info: version: '4.4.0', revision: 'e5c75ed026a'
System info: host: 'DESKTOP-FMI0Q92', ip: '192.168.1.209', os.name: 'Windows 10', os.arch: 'amd64', os.version: '10.0', java.version: '11.0.16.1'
Driver info: org.openqa.selenium.chrome.ChromeDriver
Command: [d49592e9fdec0c3399a9c54ae1665f7c, findElement {using=xpath, value=//div[text()=' 30 ']}]
Capabilities {acceptInsecureCerts: false, browserName: chrome, browserVersion: 106.0.5249.119, chrome: {chromedriverVersion: 106.0.5249.61 (511755355844..., userDataDir: C:\Temp\scoped_dir21352_107...}, goog:chromeOptions: {debuggerAddress: localhost:52607}, networkConnectionEnabled: false, pageLoadStrategy: normal, platformName: WINDOWS, proxy: Proxy(), se:cdp: ws://localhost:52607/devtoo..., se:cdpVersion: 106.0.5249.119, setWindowRect: true, strictFileInteractability: false, timeouts: {implicit: 0, pageLoad: 300000, script: 30000}, unhandledPromptBehavior: dismiss and notify, webauthn:extension:credBlob: true, webauthn:extension:largeBlob: true, webauthn:virtualAuthenticators: true}
Session ID: d49592e9fdec0c3399a9c54ae1665f7c
11:54:48.683  INFO  manager.ListenerWD - Screen with error is 1306___src/test/screenshots/screen1306.png
11:54:51.636  INFO  manager.ListenerWD - Before find element by ---> By.xpath: //a[text()=' Search ']
11:54:51.663  INFO  manager.ListenerWD - After find element by ---> By.xpath: //a[text()=' Search ']
11:54:52.752  INFO  manager.ListenerWD - We have a 'problem'
11:54:52.753  INFO  manager.ListenerWD - The name of error method click
11:54:52.753  INFO  manager.ListenerWD - Describe of error org.openqa.selenium.ElementClickInterceptedException: element click intercepted: Element <a _ngcontent-ksd-c25="" class="navigation-link" id="0" href="/search">...</a> is not clickable at point (729, 34). Other element would receive the click: <div class="cdk-overlay-backdrop mat-overlay-transparent-backdrop cdk-overlay-backdrop-showing"></div>
  (Session info: chrome=106.0.5249.119)
Build info: version: '4.4.0', revision: 'e5c75ed026a'
System info: host: 'DESKTOP-FMI0Q92', ip: '192.168.1.209', os.name: 'Windows 10', os.arch: 'amd64', os.version: '10.0', java.version: '11.0.16.1'
Driver info: org.openqa.selenium.chrome.ChromeDriver
Command: [d49592e9fdec0c3399a9c54ae1665f7c, clickElement {id=93f4afa7-755a-4e66-9f72-00d4be89ccff}]
Capabilities {acceptInsecureCerts: false, browserName: chrome, browserVersion: 106.0.5249.119, chrome: {chromedriverVersion: 106.0.5249.61 (511755355844..., userDataDir: C:\Temp\scoped_dir21352_107...}, goog:chromeOptions: {debuggerAddress: localhost:52607}, networkConnectionEnabled: false, pageLoadStrategy: normal, platformName: WINDOWS, proxy: Proxy(), se:cdp: ws://localhost:52607/devtoo..., se:cdpVersion: 106.0.5249.119, setWindowRect: true, strictFileInteractability: false, timeouts: {implicit: 0, pageLoad: 300000, script: 30000}, unhandledPromptBehavior: dismiss and notify, webauthn:extension:credBlob: true, webauthn:extension:largeBlob: true, webauthn:virtualAuthenticators: true}
Element: [[ChromeDriver: chrome on WINDOWS (d49592e9fdec0c3399a9c54ae1665f7c)] -> xpath: //a[text()=' Search ']]
Session ID: d49592e9fdec0c3399a9c54ae1665f7c
11:54:52.754  INFO  manager.ListenerWD - Screen with error is 1025___src/test/screenshots/screen1025.png
